2023-09-03T09:51:37.3328030+03:00	INFO	[Microsoft.EntityFrameworkCore.Database.Command]	[Microsoft.EntityFrameworkCore.Database.Command.CommandExecuted]	Executed DbCommand (311ms) [Parameters=[], CommandType='Text', CommandTimeout='60']
CREATE DATABASE [E-Document];
2023-09-03T09:51:37.4093747+03:00	INFO	[Microsoft.EntityFrameworkCore.Database.Command]	[Microsoft.EntityFrameworkCore.Database.Command.CommandExecuted]	Executed DbCommand (72ms) [Parameters=[], CommandType='Text', CommandTimeout='60']
IF SERVERPROPERTY('EngineEdition') <> 5
BEGIN
    ALTER DATABASE [E-Document] SET READ_COMMITTED_SNAPSHOT ON;
END;
2023-09-03T09:51:37.4273303+03:00	INFO	[Microsoft.EntityFrameworkCore.Database.Command]	[Microsoft.EntityFrameworkCore.Database.Command.CommandExecuted]	Executed DbCommand (7ms) [Parameters=[], CommandType='Text', CommandTimeout='30']
SELECT 1
2023-09-03T09:51:37.4690802+03:00	INFO	[Microsoft.EntityFrameworkCore.Database.Command]	[Microsoft.EntityFrameworkCore.Database.Command.CommandExecuted]	Executed DbCommand (6ms) [Parameters=[], CommandType='Text', CommandTimeout='30']
CREATE TABLE [__EFMigrationsHistory] (
    [MigrationId] nvarchar(150) NOT NULL,
    [ProductVersion] nvarchar(32) NOT NULL,
    CONSTRAINT [PK___EFMigrationsHistory] PRIMARY KEY ([MigrationId])
);
2023-09-03T09:51:37.4702687+03:00	INFO	[Microsoft.EntityFrameworkCore.Database.Command]	[Microsoft.EntityFrameworkCore.Database.Command.CommandExecuted]	Executed DbCommand (0ms) [Parameters=[], CommandType='Text', CommandTimeout='30']
SELECT 1
2023-09-03T09:51:37.4806074+03:00	INFO	[Microsoft.EntityFrameworkCore.Database.Command]	[Microsoft.EntityFrameworkCore.Database.Command.CommandExecuted]	Executed DbCommand (8ms) [Parameters=[], CommandType='Text', CommandTimeout='30']
SELECT OBJECT_ID(N'[__EFMigrationsHistory]');
2023-09-03T09:51:37.4845124+03:00	INFO	[Microsoft.EntityFrameworkCore.Database.Command]	[Microsoft.EntityFrameworkCore.Database.Command.CommandExecuted]	Executed DbCommand (2ms) [Parameters=[], CommandType='Text', CommandTimeout='30']
SELECT [MigrationId], [ProductVersion]
FROM [__EFMigrationsHistory]
ORDER BY [MigrationId];
2023-09-03T09:51:37.4951355+03:00	INFO	[Microsoft.EntityFrameworkCore.Migrations]	[Microsoft.EntityFrameworkCore.Migrations.MigrationApplying]	Applying migration '20230903065058_intialMigration'.
2023-09-03T09:51:37.5830829+03:00	INFO	[Microsoft.EntityFrameworkCore.Database.Command]	[Microsoft.EntityFrameworkCore.Database.Command.CommandExecuted]	Executed DbCommand (3ms) [Parameters=[], CommandType='Text', CommandTimeout='30']
IF SCHEMA_ID(N'security') IS NULL EXEC(N'CREATE SCHEMA [security];');
2023-09-03T09:51:37.5865752+03:00	INFO	[Microsoft.EntityFrameworkCore.Database.Command]	[Microsoft.EntityFrameworkCore.Database.Command.CommandExecuted]	Executed DbCommand (3ms) [Parameters=[], CommandType='Text', CommandTimeout='30']
CREATE TABLE [security].[Role] (
    [Id] nvarchar(450) NOT NULL,
    [Name] nvarchar(256) NULL,
    [NormalizedName] nvarchar(256) NULL,
    [ConcurrencyStamp] nvarchar(max) NULL,
    CONSTRAINT [PK_Role] PRIMARY KEY ([Id])
);
2023-09-03T09:51:37.5887575+03:00	INFO	[Microsoft.EntityFrameworkCore.Database.Command]	[Microsoft.EntityFrameworkCore.Database.Command.CommandExecuted]	Executed DbCommand (2ms) [Parameters=[], CommandType='Text', CommandTimeout='30']
CREATE TABLE [security].[RoleClaims] (
    [Id] int NOT NULL IDENTITY,
    [RoleId] nvarchar(450) NOT NULL,
    [ClaimType] nvarchar(max) NULL,
    [ClaimValue] nvarchar(max) NULL,
    CONSTRAINT [PK_RoleClaims] PRIMARY KEY ([Id]),
    CONSTRAINT [FK_RoleClaims_Role_RoleId] FOREIGN KEY ([RoleId]) REFERENCES [security].[Role] ([Id]) ON DELETE CASCADE
);
2023-09-03T09:51:37.5900824+03:00	INFO	[Microsoft.EntityFrameworkCore.Database.Command]	[Microsoft.EntityFrameworkCore.Database.Command.CommandExecuted]	Executed DbCommand (1ms) [Parameters=[], CommandType='Text', CommandTimeout='30']
CREATE TABLE [ApplicationItAdmin] (
    [ItAdminId] nvarchar(50) NOT NULL,
    [ApplicationId] bigint NOT NULL,
    CONSTRAINT [PK_ApplicationItAdmin] PRIMARY KEY ([ItAdminId], [ApplicationId])
);
2023-09-03T09:51:37.5961402+03:00	INFO	[Microsoft.EntityFrameworkCore.Database.Command]	[Microsoft.EntityFrameworkCore.Database.Command.CommandExecuted]	Executed DbCommand (1ms) [Parameters=[], CommandType='Text', CommandTimeout='30']
CREATE TABLE [ApplicationUserRequest] (
    [BeneficiaryId] nvarchar(50) NOT NULL,
    [RequestId] bigint NOT NULL,
    [RequestedApplicationId] bigint NOT NULL,
    [CreatedAt] datetime NULL,
    [ModifiedAt] datetime NULL,
    [CreatedBy] nvarchar(50) NULL,
    [ModifiedBy] nvarchar(50) NULL,
    [BeneficiaryName] nvarchar(200) NOT NULL,
    [BeneficiaryEmail] nvarchar(50) NULL,
    [BeneficiaryPostion] nvarchar(200) NULL,
    [BeneficiaryDepartment] nvarchar(200) NULL,
    [BeneficiaryPhone] nvarchar(50) NOT NULL,
    [BeneficiaryExtention] nvarchar(50) NULL,
    [RequesterPurpose] nvarchar(max) NOT NULL,
    CONSTRAINT [PK_ApplicationUserRequest] PRIMARY KEY ([BeneficiaryId], [RequestId])
);
2023-09-03T09:51:37.5994787+03:00	INFO	[Microsoft.EntityFrameworkCore.Database.Command]	[Microsoft.EntityFrameworkCore.Database.Command.CommandExecuted]	Executed DbCommand (3ms) [Parameters=[], CommandType='Text', CommandTimeout='30']
CREATE TABLE [ApplicationUserRequestRole] (
    [RequestId] bigint NOT NULL,
    [ApplicationRoleId] bigint NOT NULL,
    CONSTRAINT [PK_ApplicationUserRequestRole] PRIMARY KEY ([RequestId], [ApplicationRoleId])
);
2023-09-03T09:51:37.6009244+03:00	INFO	[Microsoft.EntityFrameworkCore.Database.Command]	[Microsoft.EntityFrameworkCore.Database.Command.CommandExecuted]	Executed DbCommand (1ms) [Parameters=[], CommandType='Text', CommandTimeout='30']
CREATE TABLE [Attachment] (
    [Id] bigint NOT NULL IDENTITY,
    [FilePath] nvarchar(max) NOT NULL,
    [RequestId] bigint NOT NULL,
    [CreatedAt] datetime NULL,
    [ModifiedAt] datetime NULL,
    [CreatedBy] nvarchar(50) NULL,
    [ModifiedBy] nvarchar(50) NULL,
    CONSTRAINT [PK_Attachment] PRIMARY KEY ([Id])
);
2023-09-03T09:51:39.1685012+03:00	INFO	[Microsoft.EntityFrameworkCore.Database.Command]	[Microsoft.EntityFrameworkCore.Database.Command.CommandExecuted]	Executed DbCommand (6ms) [Parameters=[], CommandType='Text', CommandTimeout='30']
CREATE TABLE [CarRequest] (
    [BeneficiaryId] nvarchar(50) NOT NULL,
    [RequestId] bigint NOT NULL,
    [DepartureAddress] nvarchar(50) NOT NULL,
    [DestinationAddress] nvarchar(50) NOT NULL,
    [DepartureDate] datetime NOT NULL,
    [RetrunDate] datetime NOT NULL,
    [LuggageDescription] datetime2 NOT NULL,
    [VehicleType] nvarchar(50) NOT NULL,
    [CreatedAt] datetime NULL,
    [ModifiedAt] datetime NULL,
    [CreatedBy] nvarchar(50) NULL,
    [ModifiedBy] nvarchar(50) NULL,
    [BeneficiaryName] nvarchar(200) NOT NULL,
    [BeneficiaryEmail] nvarchar(50) NULL,
    [BeneficiaryPostion] nvarchar(200) NULL,
    [BeneficiaryDepartment] nvarchar(200) NULL,
    [BeneficiaryPhone] nvarchar(50) NOT NULL,
    [BeneficiaryExtention] nvarchar(50) NULL,
    [RequesterPurpose] nvarchar(max) NOT NULL,
    CONSTRAINT [PK_CarRequest] PRIMARY KEY ([BeneficiaryId], [RequestId])
);
2023-09-03T09:51:39.1710423+03:00	INFO	[Microsoft.EntityFrameworkCore.Database.Command]	[Microsoft.EntityFrameworkCore.Database.Command.CommandExecuted]	Executed DbCommand (2ms) [Parameters=[], CommandType='Text', CommandTimeout='30']
CREATE TABLE [DefinedApplicationRole] (
    [Id] bigint NOT NULL IDENTITY,
    [RoleName] nvarchar(50) NOT NULL,
    [RequestedApplicationId] bigint NOT NULL,
    [CreatedAt] datetime NULL,
    [ModifiedAt] datetime NULL,
    [CreatedBy] nvarchar(50) NULL,
    [ModifiedBy] nvarchar(50) NULL,
    CONSTRAINT [PK_DefinedApplicationRole] PRIMARY KEY ([Id])
);
2023-09-03T09:51:41.1800098+03:00	INFO	[Microsoft.EntityFrameworkCore.Database.Command]	[Microsoft.EntityFrameworkCore.Database.Command.CommandExecuted]	Executed DbCommand (2ms) [Parameters=[], CommandType='Text', CommandTimeout='30']
CREATE TABLE [DefinedRequest] (
    [Id] bigint NOT NULL IDENTITY,
    [RequestName] nvarchar(50) NOT NULL,
    [ReviewersNumber] int NOT NULL,
    [DepartmentId] bigint NOT NULL,
    [CreatedAt] datetime NULL,
    [ModifiedAt] datetime NULL,
    [CreatedBy] nvarchar(50) NULL,
    [ModifiedBy] nvarchar(50) NULL,
    CONSTRAINT [PK_DefinedRequest] PRIMARY KEY ([Id])
);
2023-09-03T09:51:41.1848124+03:00	INFO	[Microsoft.EntityFrameworkCore.Database.Command]	[Microsoft.EntityFrameworkCore.Database.Command.CommandExecuted]	Executed DbCommand (5ms) [Parameters=[], CommandType='Text', CommandTimeout='30']
CREATE TABLE [DefinedRequestRole] (
    [RoleId] nvarchar(450) NOT NULL,
    [DefinedRequestId] bigint NOT NULL,
    CONSTRAINT [PK_DefinedRequestRole] PRIMARY KEY ([RoleId], [DefinedRequestId]),
    CONSTRAINT [FK_DefinedRequestRole_DefinedRequest] FOREIGN KEY ([DefinedRequestId]) REFERENCES [DefinedRequest] ([Id]) ON DELETE NO ACTION,
    CONSTRAINT [FK_DefinedRequestRole_Role] FOREIGN KEY ([RoleId]) REFERENCES [security].[Role] ([Id]) ON DELETE NO ACTION
);
2023-09-03T09:51:41.1864679+03:00	INFO	[Microsoft.EntityFrameworkCore.Database.Command]	[Microsoft.EntityFrameworkCore.Database.Command.CommandExecuted]	Executed DbCommand (2ms) [Parameters=[], CommandType='Text', CommandTimeout='30']
CREATE TABLE [DefinedRequestReviewer] (
    [DefinedRequestId] bigint NOT NULL,
    [ReviewerId] nvarchar(50) NOT NULL,
    [StageName] nvarchar(50) NULL,
    [StageNumber] int NOT NULL,
    [ReviewerType] nvarchar(50) NOT NULL,
    [CreatedAt] datetime NULL,
    [ModifiedAt] datetime NULL,
    [CreatedBy] nvarchar(50) NULL,
    [ModifiedBy] nvarchar(50) NULL,
    CONSTRAINT [PK_DefinedRequestReviewer] PRIMARY KEY ([DefinedRequestId], [ReviewerId]),
    CONSTRAINT [FK_DefinedRequestReviewer_DefinedRequest] FOREIGN KEY ([DefinedRequestId]) REFERENCES [DefinedRequest] ([Id]) ON DELETE NO ACTION
);
2023-09-03T09:51:42.9717657+03:00	INFO	[Microsoft.EntityFrameworkCore.Database.Command]	[Microsoft.EntityFrameworkCore.Database.Command.CommandExecuted]	Executed DbCommand (5ms) [Parameters=[], CommandType='Text', CommandTimeout='30']
CREATE TABLE [Department] (
    [Id] bigint NOT NULL,
    [DepartmentName] nvarchar(200) NOT NULL,
    [ManagerId] nvarchar(50) NOT NULL,
    [CreatedAt] datetime NULL,
    [ModifiedAt] datetime NULL,
    [CreatedBy] nvarchar(50) NULL,
    [ModifiedBy] nvarchar(50) NULL,
    CONSTRAINT [PK_Department] PRIMARY KEY ([Id])
);
2023-09-03T09:51:42.9765803+03:00	INFO	[Microsoft.EntityFrameworkCore.Database.Command]	[Microsoft.EntityFrameworkCore.Database.Command.CommandExecuted]	Executed DbCommand (5ms) [Parameters=[], CommandType='Text', CommandTimeout='30']
CREATE TABLE [DomainAccountRequest] (
    [BeneficiaryId] nvarchar(50) NOT NULL,
    [RequestId] bigint NOT NULL,
    [DisplayName] nvarchar(50) NULL,
    [LoginName] nvarchar(50) NULL,
    [OU] nvarchar(50) NULL,
    [CreatedAt] datetime NULL,
    [ModifiedAt] datetime NULL,
    [CreatedBy] nvarchar(50) NULL,
    [ModifiedBy] nvarchar(50) NULL,
    [BeneficiaryName] nvarchar(200) NOT NULL,
    [BeneficiaryEmail] nvarchar(50) NULL,
    [BeneficiaryPostion] nvarchar(200) NULL,
    [BeneficiaryDepartment] nvarchar(200) NULL,
    [BeneficiaryPhone] nvarchar(50) NOT NULL,
    [BeneficiaryExtention] nvarchar(50) NULL,
    [RequesterPurpose] nvarchar(max) NOT NULL,
    CONSTRAINT [PK_DomainAccountRequest] PRIMARY KEY ([BeneficiaryId], [RequestId])
);
2023-09-03T09:51:42.9784539+03:00	INFO	[Microsoft.EntityFrameworkCore.Database.Command]	[Microsoft.EntityFrameworkCore.Database.Command.CommandExecuted]	Executed DbCommand (2ms) [Parameters=[], CommandType='Text', CommandTimeout='30']
CREATE TABLE [PoRequest] (
    [PoNumber] nvarchar(450) NOT NULL,
    [PoDescription] nvarchar(450) NOT NULL,
    [VendorName] nvarchar(450) NOT NULL,
    [VendorNumber] nvarchar(450) NOT NULL,
    [InvoiceNumber] nvarchar(450) NOT NULL,
    [PoAttachmentPath] nvarchar(max) NOT NULL,
    [InvoiceAttachmentPath] nvarchar(max) NOT NULL,
    [RequestId] bigint NOT NULL,
    [CreatedAt] datetime NULL,
    [ModifiedAt] datetime NULL,
    [CreatedBy] nvarchar(50) NULL,
    [ModifiedBy] nvarchar(50) NULL,
    CONSTRAINT [PK_PoRequest] PRIMARY KEY ([PoNumber])
);
2023-09-03T09:51:44.4450477+03:00	INFO	[Microsoft.EntityFrameworkCore.Database.Command]	[Microsoft.EntityFrameworkCore.Database.Command.CommandExecuted]	Executed DbCommand (4ms) [Parameters=[], CommandType='Text', CommandTimeout='30']
CREATE TABLE [Request] (
    [Id] bigint NOT NULL IDENTITY,
    [CurrentStage] int NULL,
    [Status] nvarchar(50) NOT NULL,
    [Remarks] nvarchar(max) NULL,
    [ReviewerNotes] nvarchar(max) NULL,
    [CreatorId] nvarchar(50) NULL,
    [DeclinedBy] nvarchar(200) NULL,
    [DefinedRequestId] bigint NOT NULL,
    [CreatedAt] datetime NULL,
    [ModifiedAt] datetime NULL,
    [CreatedBy] nvarchar(50) NULL,
    [ModifiedBy] nvarchar(50) NULL,
    CONSTRAINT [PK_Request] PRIMARY KEY ([Id]),
    CONSTRAINT [FK_Request_DefinedRequest] FOREIGN KEY ([DefinedRequestId]) REFERENCES [DefinedRequest] ([Id]) ON DELETE CASCADE
);
2023-09-03T09:51:44.4490792+03:00	INFO	[Microsoft.EntityFrameworkCore.Database.Command]	[Microsoft.EntityFrameworkCore.Database.Command.CommandExecuted]	Executed DbCommand (4ms) [Parameters=[], CommandType='Text', CommandTimeout='30']
CREATE TABLE [TravelDeskRequest] (
    [BeneficiaryId] nvarchar(50) NOT NULL,
    [RequestId] bigint NOT NULL,
    [RequestTypes] nvarchar(200) NOT NULL,
    [BeneficiaryNationality] nvarchar(50) NOT NULL,
    [CostAllocation] real NOT NULL,
    [Currency] nvarchar(50) NOT NULL,
    [CheckIn] datetime NOT NULL,
    [CheckOut] datetime NOT NULL,
    [MissionAddress] nvarchar(max) NULL,
    [PaymentMethod] nvarchar(50) NOT NULL,
    [FlightOrigin] nvarchar(50) NULL,
    [FlightDestination] nvarchar(50) NULL,
    [DepartureDate] datetime NOT NULL,
    [ReturnDate] datetime NOT NULL,
    [DestinationCountry] nvarchar(50) NULL,
    [ExpectedTravelTime] datetime NOT NULL,
    [CreatedAt] datetime NULL,
    [ModifiedAt] datetime NULL,
    [CreatedBy] varchar(50) NULL,
    [ModifiedBy] varchar(50) NULL,
    [BeneficiaryName] nvarchar(200) NOT NULL,
    [BeneficiaryEmail] nvarchar(50) NULL,
    [BeneficiaryPostion] nvarchar(200) NULL,
    [BeneficiaryDepartment] nvarchar(200) NULL,
    [BeneficiaryPhone] nvarchar(50) NULL,
    [BeneficiaryExtention] nvarchar(50) NULL,
    [RequesterPurpose] nvarchar(max) NOT NULL,
    CONSTRAINT [PK_TravelDeskRequest] PRIMARY KEY ([BeneficiaryId], [RequestId]),
    CONSTRAINT [FK_TravelDeskRequest_Request] FOREIGN KEY ([RequestId]) REFERENCES [Request] ([Id]) ON DELETE NO ACTION
);
2023-09-03T09:51:45.9453797+03:00	INFO	[Microsoft.EntityFrameworkCore.Database.Command]	[Microsoft.EntityFrameworkCore.Database.Command.CommandExecuted]	Executed DbCommand (3ms) [Parameters=[], CommandType='Text', CommandTimeout='30']
CREATE TABLE [VoucherRequest] (
    [BeneficiaryName] nvarchar(450) NOT NULL,
    [RequestId] bigint NOT NULL,
    [VendorNumber] nvarchar(max) NULL,
    [VendorName] nvarchar(max) NULL,
    [InvoiceDate] date NOT NULL,
    [Description] nvarchar(max) NULL,
    [VoucherAmount] real NOT NULL,
    [VoucherCurrency] nvarchar(max) NOT NULL,
    [VoucherType] nvarchar(max) NULL,
    [CreatedAt] datetime NULL,
    [ModifiedAt] datetime NULL,
    [CreatedBy] nvarchar(50) NULL,
    [ModifiedBy] nvarchar(50) NULL,
    CONSTRAINT [PK_VoucherRequest] PRIMARY KEY ([BeneficiaryName], [RequestId]),
    CONSTRAINT [FK_VoucherRequest_Request] FOREIGN KEY ([RequestId]) REFERENCES [Request] ([Id]) ON DELETE NO ACTION
);
2023-09-03T09:51:45.9469685+03:00	INFO	[Microsoft.EntityFrameworkCore.Database.Command]	[Microsoft.EntityFrameworkCore.Database.Command.CommandExecuted]	Executed DbCommand (1ms) [Parameters=[], CommandType='Text', CommandTimeout='30']
CREATE TABLE [RequestedApplication] (
    [Id] bigint NOT NULL IDENTITY,
    [ApplicationName] nvarchar(200) NOT NULL,
    [ApplicationOwnerId] nvarchar(50) NOT NULL,
    [CreatedAt] datetime NULL,
    [ModifiedAt] datetime NULL,
    [CreatedBy] nvarchar(50) NULL,
    [ModifiedBy] nvarchar(50) NULL,
    CONSTRAINT [PK_RequestedApplication] PRIMARY KEY ([Id])
);
2023-09-03T09:51:48.2910448+03:00	INFO	[Microsoft.EntityFrameworkCore.Database.Command]	[Microsoft.EntityFrameworkCore.Database.Command.CommandExecuted]	Executed DbCommand (2ms) [Parameters=[], CommandType='Text', CommandTimeout='30']
CREATE TABLE [RequestReviewer] (
    [RequestId] bigint NOT NULL,
    [ReviewerId] nvarchar(50) NOT NULL,
    [StageName] nvarchar(max) NULL,
    [StageNumber] int NOT NULL,
    [ReviewerType] nvarchar(max) NULL,
    [Status] nvarchar(50) NOT NULL,
    [ReviewerNotes] nvarchar(max) NULL,
    [CreatedAt] datetime NULL,
    [ModifiedAt] datetime NULL,
    [CreatedBy] nvarchar(50) NULL,
    [ModifiedBy] nvarchar(50) NULL,
    CONSTRAINT [PK_RequestReviewer] PRIMARY KEY ([RequestId], [ReviewerId]),
    CONSTRAINT [FK_RequestReviewer_Request] FOREIGN KEY ([RequestId]) REFERENCES [Request] ([Id]) ON DELETE NO ACTION
);
2023-09-03T09:51:48.2933088+03:00	INFO	[Microsoft.EntityFrameworkCore.Database.Command]	[Microsoft.EntityFrameworkCore.Database.Command.CommandExecuted]	Executed DbCommand (2ms) [Parameters=[], CommandType='Text', CommandTimeout='30']
CREATE TABLE [Section] (
    [Id] bigint NOT NULL IDENTITY,
    [SectionName] nvarchar(max) NULL,
    [DepartmentId] bigint NOT NULL,
    [HeadId] nvarchar(50) NULL,
    [CreatedAt] datetime NULL,
    [ModifiedAt] datetime NULL,
    [CreatedBy] nvarchar(50) NULL,
    [ModifiedBy] nvarchar(50) NULL,
    CONSTRAINT [PK_Section] PRIMARY KEY ([Id]),
    CONSTRAINT [FK_Section_Department] FOREIGN KEY ([DepartmentId]) REFERENCES [Department] ([Id]) ON DELETE NO ACTION
);
2023-09-03T09:51:49.3418706+03:00	INFO	[Microsoft.EntityFrameworkCore.Database.Command]	[Microsoft.EntityFrameworkCore.Database.Command.CommandExecuted]	Executed DbCommand (4ms) [Parameters=[], CommandType='Text', CommandTimeout='30']
CREATE TABLE [security].[User] (
    [Id] nvarchar(50) NOT NULL,
    [UserName] nvarchar(50) NOT NULL,
    [NormalizedUserName] nvarchar(50) NOT NULL,
    [Email] nvarchar(200) NULL,
    [FullName] nvarchar(200) NOT NULL,
    [Position] nvarchar(200) NOT NULL,
    [DepartmentId] bigint NOT NULL,
    [SectionId] bigint NOT NULL,
    [ManagerId] nvarchar(50) NOT NULL,
    [Company] nvarchar(200) NOT NULL,
    [LastLogin] datetime NULL,
    [CreatedAt] datetime NULL,
    [ModifiedAt] datetime NULL,
    [CreatedBy] nvarchar(50) NULL,
    [ModifiedBy] nvarchar(50) NULL,
    [NormalizedEmail] nvarchar(200) NULL,
    [PasswordHash] nvarchar(max) NULL,
    [SecurityStamp] nvarchar(max) NULL,
    [ConcurrencyStamp] nvarchar(max) NULL,
    [PhoneNumber] nvarchar(50) NULL,
    [LockoutEnd] datetimeoffset NULL,
    [LockoutEnabled] bit NOT NULL,
    [AccessFailedCount] int NOT NULL,
    CONSTRAINT [PK_User] PRIMARY KEY ([Id]),
    CONSTRAINT [FK_User_Department] FOREIGN KEY ([DepartmentId]) REFERENCES [Department] ([Id]) ON DELETE NO ACTION,
    CONSTRAINT [FK_User_Section] FOREIGN KEY ([SectionId]) REFERENCES [Section] ([Id]) ON DELETE NO ACTION,
    CONSTRAINT [FK_User_User] FOREIGN KEY ([ManagerId]) REFERENCES [security].[User] ([Id]) ON DELETE NO ACTION
);
2023-09-03T09:51:49.3444303+03:00	INFO	[Microsoft.EntityFrameworkCore.Database.Command]	[Microsoft.EntityFrameworkCore.Database.Command.CommandExecuted]	Executed DbCommand (2ms) [Parameters=[], CommandType='Text', CommandTimeout='30']
CREATE TABLE [security].[UserClaims] (
    [Id] int NOT NULL IDENTITY,
    [UserId] nvarchar(50) NOT NULL,
    [ClaimType] nvarchar(max) NULL,
    [ClaimValue] nvarchar(max) NULL,
    CONSTRAINT [PK_UserClaims] PRIMARY KEY ([Id]),
    CONSTRAINT [FK_UserClaims_User_UserId] FOREIGN KEY ([UserId]) REFERENCES [security].[User] ([Id]) ON DELETE CASCADE
);
2023-09-03T09:51:51.1207602+03:00	INFO	[Microsoft.EntityFrameworkCore.Database.Command]	[Microsoft.EntityFrameworkCore.Database.Command.CommandExecuted]	Executed DbCommand (5ms) [Parameters=[], CommandType='Text', CommandTimeout='30']
CREATE TABLE [security].[UserLogin] (
    [LoginProvider] nvarchar(450) NOT NULL,
    [ProviderKey] nvarchar(450) NOT NULL,
    [ProviderDisplayName] nvarchar(max) NULL,
    [UserId] nvarchar(50) NOT NULL,
    CONSTRAINT [PK_UserLogin] PRIMARY KEY ([LoginProvider], [ProviderKey]),
    CONSTRAINT [FK_UserLogin_User_UserId] FOREIGN KEY ([UserId]) REFERENCES [security].[User] ([Id]) ON DELETE CASCADE
);
2023-09-03T09:51:51.1251507+03:00	INFO	[Microsoft.EntityFrameworkCore.Database.Command]	[Microsoft.EntityFrameworkCore.Database.Command.CommandExecuted]	Executed DbCommand (4ms) [Parameters=[], CommandType='Text', CommandTimeout='30']
CREATE TABLE [security].[UserRoles] (
    [UserId] nvarchar(50) NOT NULL,
    [RoleId] nvarchar(450) NOT NULL,
    CONSTRAINT [PK_UserRoles] PRIMARY KEY ([UserId], [RoleId]),
    CONSTRAINT [FK_UserRoles_Role_RoleId] FOREIGN KEY ([RoleId]) REFERENCES [security].[Role] ([Id]) ON DELETE CASCADE,
    CONSTRAINT [FK_UserRoles_User_UserId] FOREIGN KEY ([UserId]) REFERENCES [security].[User] ([Id]) ON DELETE CASCADE
);
2023-09-03T09:51:51.1267173+03:00	INFO	[Microsoft.EntityFrameworkCore.Database.Command]	[Microsoft.EntityFrameworkCore.Database.Command.CommandExecuted]	Executed DbCommand (1ms) [Parameters=[], CommandType='Text', CommandTimeout='30']
CREATE TABLE [security].[UserToken] (
    [UserId] nvarchar(50) NOT NULL,
    [LoginProvider] nvarchar(450) NOT NULL,
    [Name] nvarchar(450) NOT NULL,
    [Value] nvarchar(max) NULL,
    CONSTRAINT [PK_UserToken] PRIMARY KEY ([UserId], [LoginProvider], [Name]),
    CONSTRAINT [FK_UserToken_User_UserId] FOREIGN KEY ([UserId]) REFERENCES [security].[User] ([Id]) ON DELETE CASCADE
);
2023-09-03T09:51:51.1328490+03:00	INFO	[Microsoft.EntityFrameworkCore.Database.Command]	[Microsoft.EntityFrameworkCore.Database.Command.CommandExecuted]	Executed DbCommand (6ms) [Parameters=[], CommandType='Text', CommandTimeout='30']
CREATE INDEX [IX_ApplicationItAdmin_ApplicationId] ON [ApplicationItAdmin] ([ApplicationId]);
2023-09-03T09:51:52.3969418+03:00	INFO	[Microsoft.EntityFrameworkCore.Database.Command]	[Microsoft.EntityFrameworkCore.Database.Command.CommandExecuted]	Executed DbCommand (3ms) [Parameters=[], CommandType='Text', CommandTimeout='30']
CREATE INDEX [IX_ApplicationUserRequest_RequestedApplicationId] ON [ApplicationUserRequest] ([RequestedApplicationId]);
2023-09-03T09:51:52.3990872+03:00	INFO	[Microsoft.EntityFrameworkCore.Database.Command]	[Microsoft.EntityFrameworkCore.Database.Command.CommandExecuted]	Executed DbCommand (2ms) [Parameters=[], CommandType='Text', CommandTimeout='30']
CREATE INDEX [IX_ApplicationUserRequest_RequestId] ON [ApplicationUserRequest] ([RequestId]);
2023-09-03T09:51:52.4004861+03:00	INFO	[Microsoft.EntityFrameworkCore.Database.Command]	[Microsoft.EntityFrameworkCore.Database.Command.CommandExecuted]	Executed DbCommand (1ms) [Parameters=[], CommandType='Text', CommandTimeout='30']
CREATE INDEX [IX_ApplicationUserRequestRole_ApplicationRoleId] ON [ApplicationUserRequestRole] ([ApplicationRoleId]);
2023-09-03T09:51:52.4028486+03:00	INFO	[Microsoft.EntityFrameworkCore.Database.Command]	[Microsoft.EntityFrameworkCore.Database.Command.CommandExecuted]	Executed DbCommand (2ms) [Parameters=[], CommandType='Text', CommandTimeout='30']
CREATE INDEX [IX_Attachment_RequestId] ON [Attachment] ([RequestId]);
2023-09-03T09:51:52.4038976+03:00	INFO	[Microsoft.EntityFrameworkCore.Database.Command]	[Microsoft.EntityFrameworkCore.Database.Command.CommandExecuted]	Executed DbCommand (1ms) [Parameters=[], CommandType='Text', CommandTimeout='30']
CREATE INDEX [IX_CarRequest_RequestId] ON [CarRequest] ([RequestId]);
2023-09-03T09:51:52.4048628+03:00	INFO	[Microsoft.EntityFrameworkCore.Database.Command]	[Microsoft.EntityFrameworkCore.Database.Command.CommandExecuted]	Executed DbCommand (1ms) [Parameters=[], CommandType='Text', CommandTimeout='30']
CREATE INDEX [IX_DefinedApplicationRole_RequestedApplicationId] ON [DefinedApplicationRole] ([RequestedApplicationId]);
2023-09-03T09:51:52.4057889+03:00	INFO	[Microsoft.EntityFrameworkCore.Database.Command]	[Microsoft.EntityFrameworkCore.Database.Command.CommandExecuted]	Executed DbCommand (1ms) [Parameters=[], CommandType='Text', CommandTimeout='30']
CREATE INDEX [IX_DefinedRequest_DepartmentId] ON [DefinedRequest] ([DepartmentId]);
2023-09-03T09:51:52.4063647+03:00	INFO	[Microsoft.EntityFrameworkCore.Database.Command]	[Microsoft.EntityFrameworkCore.Database.Command.CommandExecuted]	Executed DbCommand (1ms) [Parameters=[], CommandType='Text', CommandTimeout='30']
CREATE INDEX [IX_DefinedRequestReviewer_ReviewerId] ON [DefinedRequestReviewer] ([ReviewerId]);
2023-09-03T09:51:52.4071534+03:00	INFO	[Microsoft.EntityFrameworkCore.Database.Command]	[Microsoft.EntityFrameworkCore.Database.Command.CommandExecuted]	Executed DbCommand (1ms) [Parameters=[], CommandType='Text', CommandTimeout='30']
CREATE INDEX [IX_DefinedRequestRole_DefinedRequestId] ON [DefinedRequestRole] ([DefinedRequestId]);
2023-09-03T09:51:53.6758397+03:00	INFO	[Microsoft.EntityFrameworkCore.Database.Command]	[Microsoft.EntityFrameworkCore.Database.Command.CommandExecuted]	Executed DbCommand (1ms) [Parameters=[], CommandType='Text', CommandTimeout='30']
CREATE INDEX [IX_Department_ManagerId] ON [Department] ([ManagerId]);
2023-09-03T09:51:53.6764787+03:00	INFO	[Microsoft.EntityFrameworkCore.Database.Command]	[Microsoft.EntityFrameworkCore.Database.Command.CommandExecuted]	Executed DbCommand (1ms) [Parameters=[], CommandType='Text', CommandTimeout='30']
CREATE INDEX [IX_DomainAccountRequest_RequestId] ON [DomainAccountRequest] ([RequestId]);
2023-09-03T09:51:53.6776335+03:00	INFO	[Microsoft.EntityFrameworkCore.Database.Command]	[Microsoft.EntityFrameworkCore.Database.Command.CommandExecuted]	Executed DbCommand (1ms) [Parameters=[], CommandType='Text', CommandTimeout='30']
CREATE INDEX [IX_PoRequest_InvoiceNumber] ON [PoRequest] ([InvoiceNumber]);
2023-09-03T09:51:53.6788894+03:00	INFO	[Microsoft.EntityFrameworkCore.Database.Command]	[Microsoft.EntityFrameworkCore.Database.Command.CommandExecuted]	Executed DbCommand (1ms) [Parameters=[], CommandType='Text', CommandTimeout='30']
CREATE INDEX [IX_PoRequest_PoDescription] ON [PoRequest] ([PoDescription]);
2023-09-03T09:51:53.6797667+03:00	INFO	[Microsoft.EntityFrameworkCore.Database.Command]	[Microsoft.EntityFrameworkCore.Database.Command.CommandExecuted]	Executed DbCommand (1ms) [Parameters=[], CommandType='Text', CommandTimeout='30']
CREATE INDEX [IX_PoRequest_RequestId] ON [PoRequest] ([RequestId]);
2023-09-03T09:51:53.6802464+03:00	INFO	[Microsoft.EntityFrameworkCore.Database.Command]	[Microsoft.EntityFrameworkCore.Database.Command.CommandExecuted]	Executed DbCommand (0ms) [Parameters=[], CommandType='Text', CommandTimeout='30']
CREATE INDEX [IX_PoRequest_VendorName] ON [PoRequest] ([VendorName]);
2023-09-03T09:51:53.6807734+03:00	INFO	[Microsoft.EntityFrameworkCore.Database.Command]	[Microsoft.EntityFrameworkCore.Database.Command.CommandExecuted]	Executed DbCommand (0ms) [Parameters=[], CommandType='Text', CommandTimeout='30']
CREATE INDEX [IX_PoRequest_VendorNumber] ON [PoRequest] ([VendorNumber]);
2023-09-03T09:51:53.6812940+03:00	INFO	[Microsoft.EntityFrameworkCore.Database.Command]	[Microsoft.EntityFrameworkCore.Database.Command.CommandExecuted]	Executed DbCommand (0ms) [Parameters=[], CommandType='Text', CommandTimeout='30']
CREATE INDEX [IX_Request_CreatorId] ON [Request] ([CreatorId]);
2023-09-03T09:51:53.6817133+03:00	INFO	[Microsoft.EntityFrameworkCore.Database.Command]	[Microsoft.EntityFrameworkCore.Database.Command.CommandExecuted]	Executed DbCommand (0ms) [Parameters=[], CommandType='Text', CommandTimeout='30']
CREATE INDEX [IX_Request_DefinedRequestId] ON [Request] ([DefinedRequestId]);
2023-09-03T09:51:53.6824471+03:00	INFO	[Microsoft.EntityFrameworkCore.Database.Command]	[Microsoft.EntityFrameworkCore.Database.Command.CommandExecuted]	Executed DbCommand (1ms) [Parameters=[], CommandType='Text', CommandTimeout='30']
CREATE INDEX [IX_RequestedApplication_ApplicationOwnerId] ON [RequestedApplication] ([ApplicationOwnerId]);
2023-09-03T09:51:54.8049004+03:00	INFO	[Microsoft.EntityFrameworkCore.Database.Command]	[Microsoft.EntityFrameworkCore.Database.Command.CommandExecuted]	Executed DbCommand (1ms) [Parameters=[], CommandType='Text', CommandTimeout='30']
CREATE INDEX [IX_RequestReviewer_ReviewerId] ON [RequestReviewer] ([ReviewerId]);
2023-09-03T09:51:54.8091526+03:00	INFO	[Microsoft.EntityFrameworkCore.Database.Command]	[Microsoft.EntityFrameworkCore.Database.Command.CommandExecuted]	Executed DbCommand (4ms) [Parameters=[], CommandType='Text', CommandTimeout='30']
CREATE UNIQUE INDEX [RoleNameIndex] ON [security].[Role] ([NormalizedName]) WHERE [NormalizedName] IS NOT NULL;
2023-09-03T09:51:54.8097028+03:00	INFO	[Microsoft.EntityFrameworkCore.Database.Command]	[Microsoft.EntityFrameworkCore.Database.Command.CommandExecuted]	Executed DbCommand (0ms) [Parameters=[], CommandType='Text', CommandTimeout='30']
CREATE INDEX [IX_RoleClaims_RoleId] ON [security].[RoleClaims] ([RoleId]);
2023-09-03T09:51:54.8104574+03:00	INFO	[Microsoft.EntityFrameworkCore.Database.Command]	[Microsoft.EntityFrameworkCore.Database.Command.CommandExecuted]	Executed DbCommand (1ms) [Parameters=[], CommandType='Text', CommandTimeout='30']
CREATE INDEX [IX_Section_DepartmentId] ON [Section] ([DepartmentId]);
2023-09-03T09:51:54.8111060+03:00	INFO	[Microsoft.EntityFrameworkCore.Database.Command]	[Microsoft.EntityFrameworkCore.Database.Command.CommandExecuted]	Executed DbCommand (1ms) [Parameters=[], CommandType='Text', CommandTimeout='30']
CREATE UNIQUE INDEX [IX_Section_HeadId] ON [Section] ([HeadId]) WHERE [HeadId] IS NOT NULL;
2023-09-03T09:51:54.8118090+03:00	INFO	[Microsoft.EntityFrameworkCore.Database.Command]	[Microsoft.EntityFrameworkCore.Database.Command.CommandExecuted]	Executed DbCommand (1ms) [Parameters=[], CommandType='Text', CommandTimeout='30']
CREATE INDEX [IX_TravelDeskRequest_RequestId] ON [TravelDeskRequest] ([RequestId]);
2023-09-03T09:51:54.8122743+03:00	INFO	[Microsoft.EntityFrameworkCore.Database.Command]	[Microsoft.EntityFrameworkCore.Database.Command.CommandExecuted]	Executed DbCommand (0ms) [Parameters=[], CommandType='Text', CommandTimeout='30']
CREATE INDEX [EmailIndex] ON [security].[User] ([NormalizedEmail]);
2023-09-03T09:51:54.8129852+03:00	INFO	[Microsoft.EntityFrameworkCore.Database.Command]	[Microsoft.EntityFrameworkCore.Database.Command.CommandExecuted]	Executed DbCommand (1ms) [Parameters=[], CommandType='Text', CommandTimeout='30']
CREATE INDEX [IX_User_DepartmentId] ON [security].[User] ([DepartmentId]);
2023-09-03T09:51:54.8136769+03:00	INFO	[Microsoft.EntityFrameworkCore.Database.Command]	[Microsoft.EntityFrameworkCore.Database.Command.CommandExecuted]	Executed DbCommand (1ms) [Parameters=[], CommandType='Text', CommandTimeout='30']
CREATE INDEX [IX_User_ManagerId] ON [security].[User] ([ManagerId]);
2023-09-03T09:51:54.8143586+03:00	INFO	[Microsoft.EntityFrameworkCore.Database.Command]	[Microsoft.EntityFrameworkCore.Database.Command.CommandExecuted]	Executed DbCommand (1ms) [Parameters=[], CommandType='Text', CommandTimeout='30']
CREATE INDEX [IX_User_SectionId] ON [security].[User] ([SectionId]);
2023-09-03T09:51:55.9742958+03:00	INFO	[Microsoft.EntityFrameworkCore.Database.Command]	[Microsoft.EntityFrameworkCore.Database.Command.CommandExecuted]	Executed DbCommand (2ms) [Parameters=[], CommandType='Text', CommandTimeout='30']
CREATE UNIQUE INDEX [UserNameIndex] ON [security].[User] ([NormalizedUserName]);
2023-09-03T09:51:55.9748796+03:00	INFO	[Microsoft.EntityFrameworkCore.Database.Command]	[Microsoft.EntityFrameworkCore.Database.Command.CommandExecuted]	Executed DbCommand (0ms) [Parameters=[], CommandType='Text', CommandTimeout='30']
CREATE INDEX [IX_UserClaims_UserId] ON [security].[UserClaims] ([UserId]);
2023-09-03T09:51:55.9761415+03:00	INFO	[Microsoft.EntityFrameworkCore.Database.Command]	[Microsoft.EntityFrameworkCore.Database.Command.CommandExecuted]	Executed DbCommand (1ms) [Parameters=[], CommandType='Text', CommandTimeout='30']
CREATE INDEX [IX_UserLogin_UserId] ON [security].[UserLogin] ([UserId]);
2023-09-03T09:51:55.9774548+03:00	INFO	[Microsoft.EntityFrameworkCore.Database.Command]	[Microsoft.EntityFrameworkCore.Database.Command.CommandExecuted]	Executed DbCommand (1ms) [Parameters=[], CommandType='Text', CommandTimeout='30']
CREATE INDEX [IX_UserRoles_RoleId] ON [security].[UserRoles] ([RoleId]);
2023-09-03T09:51:55.9779612+03:00	INFO	[Microsoft.EntityFrameworkCore.Database.Command]	[Microsoft.EntityFrameworkCore.Database.Command.CommandExecuted]	Executed DbCommand (0ms) [Parameters=[], CommandType='Text', CommandTimeout='30']
CREATE INDEX [IX_VoucherRequest_RequestId] ON [VoucherRequest] ([RequestId]);
2023-09-03T09:51:55.9837709+03:00	INFO	[Microsoft.EntityFrameworkCore.Database.Command]	[Microsoft.EntityFrameworkCore.Database.Command.CommandExecuted]	Executed DbCommand (6ms) [Parameters=[], CommandType='Text', CommandTimeout='30']
ALTER TABLE [ApplicationItAdmin] ADD CONSTRAINT [FK_ApplicationItAdmin_RequestedApplication] FOREIGN KEY ([ApplicationId]) REFERENCES [RequestedApplication] ([Id]) ON DELETE NO ACTION;
2023-09-03T09:51:55.9858524+03:00	INFO	[Microsoft.EntityFrameworkCore.Database.Command]	[Microsoft.EntityFrameworkCore.Database.Command.CommandExecuted]	Executed DbCommand (2ms) [Parameters=[], CommandType='Text', CommandTimeout='30']
ALTER TABLE [ApplicationItAdmin] ADD CONSTRAINT [FK_ApplicationItAdmin_User] FOREIGN KEY ([ItAdminId]) REFERENCES [security].[User] ([Id]) ON DELETE NO ACTION;
2023-09-03T09:51:55.9884722+03:00	INFO	[Microsoft.EntityFrameworkCore.Database.Command]	[Microsoft.EntityFrameworkCore.Database.Command.CommandExecuted]	Executed DbCommand (3ms) [Parameters=[], CommandType='Text', CommandTimeout='30']
ALTER TABLE [ApplicationUserRequest] ADD CONSTRAINT [FK_ApplicationUserRequest_Request] FOREIGN KEY ([RequestId]) REFERENCES [Request] ([Id]) ON DELETE NO ACTION;
2023-09-03T09:51:57.1517195+03:00	INFO	[Microsoft.EntityFrameworkCore.Database.Command]	[Microsoft.EntityFrameworkCore.Database.Command.CommandExecuted]	Executed DbCommand (3ms) [Parameters=[], CommandType='Text', CommandTimeout='30']
ALTER TABLE [ApplicationUserRequest] ADD CONSTRAINT [FK_ApplicationUserRequest_RequestedApplication] FOREIGN KEY ([RequestedApplicationId]) REFERENCES [RequestedApplication] ([Id]) ON DELETE NO ACTION;
2023-09-03T09:51:57.1532832+03:00	INFO	[Microsoft.EntityFrameworkCore.Database.Command]	[Microsoft.EntityFrameworkCore.Database.Command.CommandExecuted]	Executed DbCommand (1ms) [Parameters=[], CommandType='Text', CommandTimeout='30']
ALTER TABLE [ApplicationUserRequestRole] ADD CONSTRAINT [FK_ApplicationUserRequestRole_DefinedApplicationRole] FOREIGN KEY ([ApplicationRoleId]) REFERENCES [DefinedApplicationRole] ([Id]) ON DELETE NO ACTION;
2023-09-03T09:51:57.1540220+03:00	INFO	[Microsoft.EntityFrameworkCore.Database.Command]	[Microsoft.EntityFrameworkCore.Database.Command.CommandExecuted]	Executed DbCommand (1ms) [Parameters=[], CommandType='Text', CommandTimeout='30']
ALTER TABLE [ApplicationUserRequestRole] ADD CONSTRAINT [FK_ApplicationUserRequestRole_Request] FOREIGN KEY ([RequestId]) REFERENCES [Request] ([Id]) ON DELETE NO ACTION;
2023-09-03T09:51:57.1549107+03:00	INFO	[Microsoft.EntityFrameworkCore.Database.Command]	[Microsoft.EntityFrameworkCore.Database.Command.CommandExecuted]	Executed DbCommand (1ms) [Parameters=[], CommandType='Text', CommandTimeout='30']
ALTER TABLE [Attachment] ADD CONSTRAINT [FK_Attachment_Request] FOREIGN KEY ([RequestId]) REFERENCES [Request] ([Id]) ON DELETE NO ACTION;
2023-09-03T09:51:57.1560022+03:00	INFO	[Microsoft.EntityFrameworkCore.Database.Command]	[Microsoft.EntityFrameworkCore.Database.Command.CommandExecuted]	Executed DbCommand (1ms) [Parameters=[], CommandType='Text', CommandTimeout='30']
ALTER TABLE [CarRequest] ADD CONSTRAINT [FK_CarRequest_Request] FOREIGN KEY ([RequestId]) REFERENCES [Request] ([Id]) ON DELETE NO ACTION;
2023-09-03T09:51:57.1567095+03:00	INFO	[Microsoft.EntityFrameworkCore.Database.Command]	[Microsoft.EntityFrameworkCore.Database.Command.CommandExecuted]	Executed DbCommand (1ms) [Parameters=[], CommandType='Text', CommandTimeout='30']
ALTER TABLE [DefinedApplicationRole] ADD CONSTRAINT [FK_DefinedApplicationRole_RequestedApplication] FOREIGN KEY ([RequestedApplicationId]) REFERENCES [RequestedApplication] ([Id]) ON DELETE NO ACTION;
2023-09-03T09:51:57.1577478+03:00	INFO	[Microsoft.EntityFrameworkCore.Database.Command]	[Microsoft.EntityFrameworkCore.Database.Command.CommandExecuted]	Executed DbCommand (1ms) [Parameters=[], CommandType='Text', CommandTimeout='30']
ALTER TABLE [DefinedRequest] ADD CONSTRAINT [FK_DefinedRequest_Department] FOREIGN KEY ([DepartmentId]) REFERENCES [Department] ([Id]) ON DELETE NO ACTION;
2023-09-03T09:51:58.0239426+03:00	INFO	[Microsoft.EntityFrameworkCore.Database.Command]	[Microsoft.EntityFrameworkCore.Database.Command.CommandExecuted]	Executed DbCommand (2ms) [Parameters=[], CommandType='Text', CommandTimeout='30']
ALTER TABLE [DefinedRequestReviewer] ADD CONSTRAINT [FK_DefinedRequestReviewer_User] FOREIGN KEY ([ReviewerId]) REFERENCES [security].[User] ([Id]) ON DELETE NO ACTION;
2023-09-03T09:51:58.0246929+03:00	INFO	[Microsoft.EntityFrameworkCore.Database.Command]	[Microsoft.EntityFrameworkCore.Database.Command.CommandExecuted]	Executed DbCommand (1ms) [Parameters=[], CommandType='Text', CommandTimeout='30']
ALTER TABLE [Department] ADD CONSTRAINT [FK_Department_User] FOREIGN KEY ([ManagerId]) REFERENCES [security].[User] ([Id]) ON DELETE NO ACTION;
2023-09-03T09:51:58.0271064+03:00	INFO	[Microsoft.EntityFrameworkCore.Database.Command]	[Microsoft.EntityFrameworkCore.Database.Command.CommandExecuted]	Executed DbCommand (2ms) [Parameters=[], CommandType='Text', CommandTimeout='30']
ALTER TABLE [DomainAccountRequest] ADD CONSTRAINT [FK_DomainAccountRequest_Request] FOREIGN KEY ([RequestId]) REFERENCES [Request] ([Id]) ON DELETE NO ACTION;
2023-09-03T09:51:58.0285520+03:00	INFO	[Microsoft.EntityFrameworkCore.Database.Command]	[Microsoft.EntityFrameworkCore.Database.Command.CommandExecuted]	Executed DbCommand (1ms) [Parameters=[], CommandType='Text', CommandTimeout='30']
ALTER TABLE [PoRequest] ADD CONSTRAINT [FK_PoRequest_Request] FOREIGN KEY ([RequestId]) REFERENCES [Request] ([Id]) ON DELETE NO ACTION;
2023-09-03T09:51:58.0295610+03:00	INFO	[Microsoft.EntityFrameworkCore.Database.Command]	[Microsoft.EntityFrameworkCore.Database.Command.CommandExecuted]	Executed DbCommand (1ms) [Parameters=[], CommandType='Text', CommandTimeout='30']
ALTER TABLE [Request] ADD CONSTRAINT [FK_Request_User] FOREIGN KEY ([CreatorId]) REFERENCES [security].[User] ([Id]);
2023-09-03T09:51:58.0306528+03:00	INFO	[Microsoft.EntityFrameworkCore.Database.Command]	[Microsoft.EntityFrameworkCore.Database.Command.CommandExecuted]	Executed DbCommand (1ms) [Parameters=[], CommandType='Text', CommandTimeout='30']
ALTER TABLE [RequestedApplication] ADD CONSTRAINT [FK_RequestedApplication_User] FOREIGN KEY ([ApplicationOwnerId]) REFERENCES [security].[User] ([Id]) ON DELETE NO ACTION;
2023-09-03T09:51:58.0314942+03:00	INFO	[Microsoft.EntityFrameworkCore.Database.Command]	[Microsoft.EntityFrameworkCore.Database.Command.CommandExecuted]	Executed DbCommand (1ms) [Parameters=[], CommandType='Text', CommandTimeout='30']
ALTER TABLE [RequestReviewer] ADD CONSTRAINT [FK_RequestReviewer_User] FOREIGN KEY ([ReviewerId]) REFERENCES [security].[User] ([Id]) ON DELETE NO ACTION;
2023-09-03T09:51:58.8728689+03:00	INFO	[Microsoft.EntityFrameworkCore.Database.Command]	[Microsoft.EntityFrameworkCore.Database.Command.CommandExecuted]	Executed DbCommand (2ms) [Parameters=[], CommandType='Text', CommandTimeout='30']
ALTER TABLE [Section] ADD CONSTRAINT [FK_Section_User] FOREIGN KEY ([HeadId]) REFERENCES [security].[User] ([Id]) ON DELETE NO ACTION;
2023-09-03T09:51:58.8782325+03:00	INFO	[Microsoft.EntityFrameworkCore.Database.Command]	[Microsoft.EntityFrameworkCore.Database.Command.CommandExecuted]	Executed DbCommand (5ms) [Parameters=[], CommandType='Text', CommandTimeout='30']
INSERT INTO [__EFMigrationsHistory] ([MigrationId], [ProductVersion])
VALUES (N'20230903065058_intialMigration', N'7.0.10');
2023-09-03T11:56:33.1409850+03:00	INFO	[Microsoft.EntityFrameworkCore.Database.Command]	[Microsoft.EntityFrameworkCore.Database.Command.CommandExecuted]	Executed DbCommand (15ms) [Parameters=[], CommandType='Text', CommandTimeout='30']
SELECT 1
2023-09-03T11:56:33.1661420+03:00	INFO	[Microsoft.EntityFrameworkCore.Database.Command]	[Microsoft.EntityFrameworkCore.Database.Command.CommandExecuted]	Executed DbCommand (12ms) [Parameters=[], CommandType='Text', CommandTimeout='30']
SELECT OBJECT_ID(N'[__EFMigrationsHistory]');
2023-09-03T11:56:33.1681421+03:00	INFO	[Microsoft.EntityFrameworkCore.Database.Command]	[Microsoft.EntityFrameworkCore.Database.Command.CommandExecuted]	Executed DbCommand (1ms) [Parameters=[], CommandType='Text', CommandTimeout='30']
SELECT 1
2023-09-03T11:56:33.1688494+03:00	INFO	[Microsoft.EntityFrameworkCore.Database.Command]	[Microsoft.EntityFrameworkCore.Database.Command.CommandExecuted]	Executed DbCommand (0ms) [Parameters=[], CommandType='Text', CommandTimeout='30']
SELECT OBJECT_ID(N'[__EFMigrationsHistory]');
2023-09-03T11:56:33.1876106+03:00	INFO	[Microsoft.EntityFrameworkCore.Database.Command]	[Microsoft.EntityFrameworkCore.Database.Command.CommandExecuted]	Executed DbCommand (9ms) [Parameters=[], CommandType='Text', CommandTimeout='30']
SELECT [MigrationId], [ProductVersion]
FROM [__EFMigrationsHistory]
ORDER BY [MigrationId];
2023-09-03T11:56:33.1975669+03:00	INFO	[Microsoft.EntityFrameworkCore.Migrations]	[Microsoft.EntityFrameworkCore.Migrations.MigrationApplying]	Applying migration '20230903085622_addRouteName_IconName_Columns'.
2023-09-03T11:56:33.2844114+03:00	INFO	[Microsoft.EntityFrameworkCore.Database.Command]	[Microsoft.EntityFrameworkCore.Database.Command.CommandExecuted]	Executed DbCommand (36ms) [Parameters=[], CommandType='Text', CommandTimeout='30']
ALTER TABLE [DefinedRequest] ADD [IconName] nvarchar(50) NOT NULL DEFAULT N'';
2023-09-03T11:56:33.2863629+03:00	INFO	[Microsoft.EntityFrameworkCore.Database.Command]	[Microsoft.EntityFrameworkCore.Database.Command.CommandExecuted]	Executed DbCommand (2ms) [Parameters=[], CommandType='Text', CommandTimeout='30']
ALTER TABLE [DefinedRequest] ADD [RouteName] nvarchar(50) NOT NULL DEFAULT N'';
2023-09-03T11:56:33.2938251+03:00	INFO	[Microsoft.EntityFrameworkCore.Database.Command]	[Microsoft.EntityFrameworkCore.Database.Command.CommandExecuted]	Executed DbCommand (7ms) [Parameters=[], CommandType='Text', CommandTimeout='30']
INSERT INTO [__EFMigrationsHistory] ([MigrationId], [ProductVersion])
VALUES (N'20230903085622_addRouteName_IconName_Columns', N'7.0.10');
2023-09-03T12:21:20.3917622+03:00	INFO	[Microsoft.EntityFrameworkCore.Database.Command]	[Microsoft.EntityFrameworkCore.Database.Command.CommandExecuted]	Executed DbCommand (12ms) [Parameters=[], CommandType='Text', CommandTimeout='30']
SELECT 1
2023-09-03T12:21:20.4101964+03:00	INFO	[Microsoft.EntityFrameworkCore.Database.Command]	[Microsoft.EntityFrameworkCore.Database.Command.CommandExecuted]	Executed DbCommand (8ms) [Parameters=[], CommandType='Text', CommandTimeout='30']
SELECT OBJECT_ID(N'[__EFMigrationsHistory]');
2023-09-03T12:21:20.4118253+03:00	INFO	[Microsoft.EntityFrameworkCore.Database.Command]	[Microsoft.EntityFrameworkCore.Database.Command.CommandExecuted]	Executed DbCommand (1ms) [Parameters=[], CommandType='Text', CommandTimeout='30']
SELECT 1
2023-09-03T12:21:20.4133565+03:00	INFO	[Microsoft.EntityFrameworkCore.Database.Command]	[Microsoft.EntityFrameworkCore.Database.Command.CommandExecuted]	Executed DbCommand (0ms) [Parameters=[], CommandType='Text', CommandTimeout='30']
SELECT OBJECT_ID(N'[__EFMigrationsHistory]');
2023-09-03T12:21:20.4231280+03:00	INFO	[Microsoft.EntityFrameworkCore.Database.Command]	[Microsoft.EntityFrameworkCore.Database.Command.CommandExecuted]	Executed DbCommand (2ms) [Parameters=[], CommandType='Text', CommandTimeout='30']
SELECT [MigrationId], [ProductVersion]
FROM [__EFMigrationsHistory]
ORDER BY [MigrationId];
2023-09-03T12:21:20.4339424+03:00	INFO	[Microsoft.EntityFrameworkCore.Migrations]	[Microsoft.EntityFrameworkCore.Migrations.MigrationApplying]	Applying migration '20230903092043_adjustJustificationColumn'.
2023-09-03T12:21:20.5148336+03:00	INFO	[Microsoft.EntityFrameworkCore.Database.Command]	[Microsoft.EntityFrameworkCore.Database.Command.CommandExecuted]	Executed DbCommand (35ms) [Parameters=[], CommandType='Text', CommandTimeout='30']
DECLARE @var0 sysname;
SELECT @var0 = [d].[name]
FROM [sys].[default_constraints] [d]
INNER JOIN [sys].[columns] [c] ON [d].[parent_column_id] = [c].[column_id] AND [d].[parent_object_id] = [c].[object_id]
WHERE ([d].[parent_object_id] = OBJECT_ID(N'[TravelDeskRequest]') AND [c].[name] = N'RequesterPurpose');
IF @var0 IS NOT NULL EXEC(N'ALTER TABLE [TravelDeskRequest] DROP CONSTRAINT [' + @var0 + '];');
ALTER TABLE [TravelDeskRequest] DROP COLUMN [RequesterPurpose];
2023-09-03T12:21:20.5330386+03:00	INFO	[Microsoft.EntityFrameworkCore.Database.Command]	[Microsoft.EntityFrameworkCore.Database.Command.CommandExecuted]	Executed DbCommand (18ms) [Parameters=[], CommandType='Text', CommandTimeout='30']
DECLARE @var1 sysname;
SELECT @var1 = [d].[name]
FROM [sys].[default_constraints] [d]
INNER JOIN [sys].[columns] [c] ON [d].[parent_column_id] = [c].[column_id] AND [d].[parent_object_id] = [c].[object_id]
WHERE ([d].[parent_object_id] = OBJECT_ID(N'[DomainAccountRequest]') AND [c].[name] = N'RequesterPurpose');
IF @var1 IS NOT NULL EXEC(N'ALTER TABLE [DomainAccountRequest] DROP CONSTRAINT [' + @var1 + '];');
ALTER TABLE [DomainAccountRequest] DROP COLUMN [RequesterPurpose];
2023-09-03T12:21:20.5520275+03:00	INFO	[Microsoft.EntityFrameworkCore.Database.Command]	[Microsoft.EntityFrameworkCore.Database.Command.CommandExecuted]	Executed DbCommand (17ms) [Parameters=[], CommandType='Text', CommandTimeout='30']
DECLARE @var2 sysname;
SELECT @var2 = [d].[name]
FROM [sys].[default_constraints] [d]
INNER JOIN [sys].[columns] [c] ON [d].[parent_column_id] = [c].[column_id] AND [d].[parent_object_id] = [c].[object_id]
WHERE ([d].[parent_object_id] = OBJECT_ID(N'[CarRequest]') AND [c].[name] = N'RequesterPurpose');
IF @var2 IS NOT NULL EXEC(N'ALTER TABLE [CarRequest] DROP CONSTRAINT [' + @var2 + '];');
ALTER TABLE [CarRequest] DROP COLUMN [RequesterPurpose];
2023-09-03T12:21:20.5710822+03:00	INFO	[Microsoft.EntityFrameworkCore.Database.Command]	[Microsoft.EntityFrameworkCore.Database.Command.CommandExecuted]	Executed DbCommand (19ms) [Parameters=[], CommandType='Text', CommandTimeout='30']
DECLARE @var3 sysname;
SELECT @var3 = [d].[name]
FROM [sys].[default_constraints] [d]
INNER JOIN [sys].[columns] [c] ON [d].[parent_column_id] = [c].[column_id] AND [d].[parent_object_id] = [c].[object_id]
WHERE ([d].[parent_object_id] = OBJECT_ID(N'[ApplicationUserRequest]') AND [c].[name] = N'RequesterPurpose');
IF @var3 IS NOT NULL EXEC(N'ALTER TABLE [ApplicationUserRequest] DROP CONSTRAINT [' + @var3 + '];');
ALTER TABLE [ApplicationUserRequest] DROP COLUMN [RequesterPurpose];
2023-09-03T12:21:20.7238193+03:00	INFO	[Microsoft.EntityFrameworkCore.Database.Command]	[Microsoft.EntityFrameworkCore.Database.Command.CommandExecuted]	Executed DbCommand (153ms) [Parameters=[], CommandType='Text', CommandTimeout='30']
EXEC sp_rename N'[Request].[Remarks]', N'Justification', N'COLUMN';
2023-09-03T12:21:20.7254195+03:00	INFO	[Microsoft.EntityFrameworkCore.Database.Command]	[Microsoft.EntityFrameworkCore.Database.Command.CommandExecuted]	Executed DbCommand (1ms) [Parameters=[], CommandType='Text', CommandTimeout='30']
INSERT INTO [__EFMigrationsHistory] ([MigrationId], [ProductVersion])
VALUES (N'20230903092043_adjustJustificationColumn', N'7.0.10');
