2023-09-05T08:47:00.4251083+03:00	INFO	[Microsoft.EntityFrameworkCore.Database.Command]	[Microsoft.EntityFrameworkCore.Database.Command.CommandExecuted]	Executed DbCommand (11ms) [Parameters=[], CommandType='Text', CommandTimeout='30']
SELECT 1
2023-09-05T08:47:00.4518164+03:00	INFO	[Microsoft.EntityFrameworkCore.Database.Command]	[Microsoft.EntityFrameworkCore.Database.Command.CommandExecuted]	Executed DbCommand (17ms) [Parameters=[], CommandType='Text', CommandTimeout='30']
SELECT OBJECT_ID(N'[__EFMigrationsHistory]');
2023-09-05T08:47:00.4540261+03:00	INFO	[Microsoft.EntityFrameworkCore.Database.Command]	[Microsoft.EntityFrameworkCore.Database.Command.CommandExecuted]	Executed DbCommand (1ms) [Parameters=[], CommandType='Text', CommandTimeout='30']
SELECT 1
2023-09-05T08:47:00.4549484+03:00	INFO	[Microsoft.EntityFrameworkCore.Database.Command]	[Microsoft.EntityFrameworkCore.Database.Command.CommandExecuted]	Executed DbCommand (0ms) [Parameters=[], CommandType='Text', CommandTimeout='30']
SELECT OBJECT_ID(N'[__EFMigrationsHistory]');
2023-09-05T08:47:00.4683286+03:00	INFO	[Microsoft.EntityFrameworkCore.Database.Command]	[Microsoft.EntityFrameworkCore.Database.Command.CommandExecuted]	Executed DbCommand (4ms) [Parameters=[], CommandType='Text', CommandTimeout='30']
SELECT [MigrationId], [ProductVersion]
FROM [__EFMigrationsHistory]
ORDER BY [MigrationId];
2023-09-05T08:47:00.4793073+03:00	INFO	[Microsoft.EntityFrameworkCore.Migrations]	[Microsoft.EntityFrameworkCore.Migrations.MigrationApplying]	Applying migration '20230905054644_addRequestApplicationRole'.
2023-09-05T08:47:00.5711530+03:00	INFO	[Microsoft.EntityFrameworkCore.Database.Command]	[Microsoft.EntityFrameworkCore.Database.Command.CommandExecuted]	Executed DbCommand (24ms) [Parameters=[], CommandType='Text', CommandTimeout='30']
ALTER TABLE [ApplicationItAdmin] DROP CONSTRAINT [FK_ApplicationItAdmin_RequestedApplication];
2023-09-05T08:47:00.5744817+03:00	INFO	[Microsoft.EntityFrameworkCore.Database.Command]	[Microsoft.EntityFrameworkCore.Database.Command.CommandExecuted]	Executed DbCommand (3ms) [Parameters=[], CommandType='Text', CommandTimeout='30']
ALTER TABLE [ApplicationUserRequest] DROP CONSTRAINT [FK_ApplicationUserRequest_RequestedApplication];
2023-09-05T08:47:00.5762943+03:00	INFO	[Microsoft.EntityFrameworkCore.Database.Command]	[Microsoft.EntityFrameworkCore.Database.Command.CommandExecuted]	Executed DbCommand (2ms) [Parameters=[], CommandType='Text', CommandTimeout='30']
ALTER TABLE [DefinedApplicationRole] DROP CONSTRAINT [FK_DefinedApplicationRole_RequestedApplication];
2023-09-05T08:47:00.5885667+03:00	INFO	[Microsoft.EntityFrameworkCore.Database.Command]	[Microsoft.EntityFrameworkCore.Database.Command.CommandExecuted]	Executed DbCommand (12ms) [Parameters=[], CommandType='Text', CommandTimeout='30']
DROP TABLE [ApplicationUserRequestRole];
2023-09-05T08:47:00.5976559+03:00	INFO	[Microsoft.EntityFrameworkCore.Database.Command]	[Microsoft.EntityFrameworkCore.Database.Command.CommandExecuted]	Executed DbCommand (9ms) [Parameters=[], CommandType='Text', CommandTimeout='30']
DROP TABLE [RequestedApplication];
2023-09-05T08:47:00.6007535+03:00	INFO	[Microsoft.EntityFrameworkCore.Database.Command]	[Microsoft.EntityFrameworkCore.Database.Command.CommandExecuted]	Executed DbCommand (3ms) [Parameters=[], CommandType='Text', CommandTimeout='30']
DROP INDEX [IX_ApplicationUserRequest_RequestedApplicationId] ON [ApplicationUserRequest];
2023-09-05T08:47:00.6763634+03:00	INFO	[Microsoft.EntityFrameworkCore.Database.Command]	[Microsoft.EntityFrameworkCore.Database.Command.CommandExecuted]	Executed DbCommand (75ms) [Parameters=[], CommandType='Text', CommandTimeout='30']
DECLARE @var0 sysname;
SELECT @var0 = [d].[name]
FROM [sys].[default_constraints] [d]
INNER JOIN [sys].[columns] [c] ON [d].[parent_column_id] = [c].[column_id] AND [d].[parent_object_id] = [c].[object_id]
WHERE ([d].[parent_object_id] = OBJECT_ID(N'[ApplicationUserRequest]') AND [c].[name] = N'RequestedApplicationId');
IF @var0 IS NOT NULL EXEC(N'ALTER TABLE [ApplicationUserRequest] DROP CONSTRAINT [' + @var0 + '];');
ALTER TABLE [ApplicationUserRequest] DROP COLUMN [RequestedApplicationId];
2023-09-05T08:47:00.6819925+03:00	INFO	[Microsoft.EntityFrameworkCore.Database.Command]	[Microsoft.EntityFrameworkCore.Database.Command.CommandExecuted]	Executed DbCommand (5ms) [Parameters=[], CommandType='Text', CommandTimeout='30']
CREATE TABLE [DefinedApplication] (
    [Id] bigint NOT NULL IDENTITY,
    [ApplicationName] nvarchar(200) NOT NULL,
    [ApplicationOwnerId] nvarchar(50) NOT NULL,
    [CreatedAt] smalldatetime NULL,
    [ModifiedAt] smalldatetime NULL,
    [CreatedBy] nvarchar(50) NULL,
    [ModifiedBy] nvarchar(50) NULL,
    CONSTRAINT [PK_DefinedApplication] PRIMARY KEY ([Id]),
    CONSTRAINT [FK_DefinedApplication_User] FOREIGN KEY ([ApplicationOwnerId]) REFERENCES [security].[User] ([Id]) ON DELETE NO ACTION
);
2023-09-05T08:47:00.8497062+03:00	INFO	[Microsoft.EntityFrameworkCore.Database.Command]	[Microsoft.EntityFrameworkCore.Database.Command.CommandExecuted]	Executed DbCommand (7ms) [Parameters=[], CommandType='Text', CommandTimeout='30']
CREATE TABLE [RequestApplicationRole] (
    [RequestId] bigint NOT NULL,
    [ApplicationId] bigint NOT NULL,
    [RoleId] bigint NOT NULL,
    [CreatedAt] smalldatetime NULL,
    [ModifiedAt] smalldatetime NULL,
    [CreatedBy] nvarchar(50) NULL,
    [ModifiedBy] nvarchar(50) NULL,
    CONSTRAINT [PK_RequestApplicationRole] PRIMARY KEY ([RequestId], [ApplicationId], [RoleId]),
    CONSTRAINT [FK_RequestApplicationRole_DefinedApplication] FOREIGN KEY ([ApplicationId]) REFERENCES [DefinedApplication] ([Id]) ON DELETE NO ACTION,
    CONSTRAINT [FK_RequestApplicationRole_DefinedApplicationRole] FOREIGN KEY ([RoleId]) REFERENCES [DefinedApplicationRole] ([Id]) ON DELETE NO ACTION,
    CONSTRAINT [FK_RequestApplicationRole_Request] FOREIGN KEY ([RequestId]) REFERENCES [Request] ([Id]) ON DELETE NO ACTION
);
2023-09-05T08:47:00.8518780+03:00	INFO	[Microsoft.EntityFrameworkCore.Database.Command]	[Microsoft.EntityFrameworkCore.Database.Command.CommandExecuted]	Executed DbCommand (2ms) [Parameters=[], CommandType='Text', CommandTimeout='30']
CREATE INDEX [IX_DefinedApplication_ApplicationOwnerId] ON [DefinedApplication] ([ApplicationOwnerId]);
2023-09-05T08:47:00.8529606+03:00	INFO	[Microsoft.EntityFrameworkCore.Database.Command]	[Microsoft.EntityFrameworkCore.Database.Command.CommandExecuted]	Executed DbCommand (1ms) [Parameters=[], CommandType='Text', CommandTimeout='30']
CREATE INDEX [IX_RequestApplicationRole_ApplicationId] ON [RequestApplicationRole] ([ApplicationId]);
2023-09-05T08:47:01.4469223+03:00	INFO	[Microsoft.EntityFrameworkCore.Database.Command]	[Microsoft.EntityFrameworkCore.Database.Command.CommandExecuted]	Executed DbCommand (1ms) [Parameters=[], CommandType='Text', CommandTimeout='30']
CREATE INDEX [IX_RequestApplicationRole_RoleId] ON [RequestApplicationRole] ([RoleId]);
2023-09-05T08:47:01.4486768+03:00	INFO	[Microsoft.EntityFrameworkCore.Database.Command]	[Microsoft.EntityFrameworkCore.Database.Command.CommandExecuted]	Executed DbCommand (2ms) [Parameters=[], CommandType='Text', CommandTimeout='30']
ALTER TABLE [ApplicationItAdmin] ADD CONSTRAINT [FK_ApplicationItAdmin_DefinedApplication] FOREIGN KEY ([ApplicationId]) REFERENCES [DefinedApplication] ([Id]) ON DELETE NO ACTION;
2023-09-05T08:47:01.4503847+03:00	INFO	[Microsoft.EntityFrameworkCore.Database.Command]	[Microsoft.EntityFrameworkCore.Database.Command.CommandExecuted]	Executed DbCommand (2ms) [Parameters=[], CommandType='Text', CommandTimeout='30']
ALTER TABLE [DefinedApplicationRole] ADD CONSTRAINT [FK_DefinedApplicationRole_RequestedApplication] FOREIGN KEY ([RequestedApplicationId]) REFERENCES [DefinedApplication] ([Id]) ON DELETE NO ACTION;
2023-09-05T08:47:01.4525768+03:00	INFO	[Microsoft.EntityFrameworkCore.Database.Command]	[Microsoft.EntityFrameworkCore.Database.Command.CommandExecuted]	Executed DbCommand (2ms) [Parameters=[], CommandType='Text', CommandTimeout='30']
INSERT INTO [__EFMigrationsHistory] ([MigrationId], [ProductVersion])
VALUES (N'20230905054644_addRequestApplicationRole', N'7.0.10');
2023-09-05T08:52:10.9752084+03:00	INFO	[Microsoft.EntityFrameworkCore.Database.Command]	[Microsoft.EntityFrameworkCore.Database.Command.CommandExecuted]	Executed DbCommand (10ms) [Parameters=[], CommandType='Text', CommandTimeout='30']
SELECT 1
2023-09-05T08:52:10.9939915+03:00	INFO	[Microsoft.EntityFrameworkCore.Database.Command]	[Microsoft.EntityFrameworkCore.Database.Command.CommandExecuted]	Executed DbCommand (8ms) [Parameters=[], CommandType='Text', CommandTimeout='30']
SELECT OBJECT_ID(N'[__EFMigrationsHistory]');
2023-09-05T08:52:10.9956680+03:00	INFO	[Microsoft.EntityFrameworkCore.Database.Command]	[Microsoft.EntityFrameworkCore.Database.Command.CommandExecuted]	Executed DbCommand (1ms) [Parameters=[], CommandType='Text', CommandTimeout='30']
SELECT 1
2023-09-05T08:52:10.9963027+03:00	INFO	[Microsoft.EntityFrameworkCore.Database.Command]	[Microsoft.EntityFrameworkCore.Database.Command.CommandExecuted]	Executed DbCommand (0ms) [Parameters=[], CommandType='Text', CommandTimeout='30']
SELECT OBJECT_ID(N'[__EFMigrationsHistory]');
2023-09-05T08:52:11.0088641+03:00	INFO	[Microsoft.EntityFrameworkCore.Database.Command]	[Microsoft.EntityFrameworkCore.Database.Command.CommandExecuted]	Executed DbCommand (5ms) [Parameters=[], CommandType='Text', CommandTimeout='30']
SELECT [MigrationId], [ProductVersion]
FROM [__EFMigrationsHistory]
ORDER BY [MigrationId];
2023-09-05T08:52:11.0211942+03:00	INFO	[Microsoft.EntityFrameworkCore.Migrations]	[Microsoft.EntityFrameworkCore.Migrations.MigrationApplying]	Applying migration '20230905055143_testTrigger'.
2023-09-05T08:52:11.0860684+03:00	INFO	[Microsoft.EntityFrameworkCore.Database.Command]	[Microsoft.EntityFrameworkCore.Database.Command.CommandExecuted]	Executed DbCommand (5ms) [Parameters=[], CommandType='Text', CommandTimeout='30']
ALTER TABLE [Request] DROP CONSTRAINT [FK_Request_DefinedRequest];
2023-09-05T08:52:11.1111012+03:00	INFO	[Microsoft.EntityFrameworkCore.Database.Command]	[Microsoft.EntityFrameworkCore.Database.Command.CommandExecuted]	Executed DbCommand (25ms) [Parameters=[], CommandType='Text', CommandTimeout='30']
DECLARE @var0 sysname;
SELECT @var0 = [d].[name]
FROM [sys].[default_constraints] [d]
INNER JOIN [sys].[columns] [c] ON [d].[parent_column_id] = [c].[column_id] AND [d].[parent_object_id] = [c].[object_id]
WHERE ([d].[parent_object_id] = OBJECT_ID(N'[Request]') AND [c].[name] = N'DefinedRequestId');
IF @var0 IS NOT NULL EXEC(N'ALTER TABLE [Request] DROP CONSTRAINT [' + @var0 + '];');
ALTER TABLE [Request] ALTER COLUMN [DefinedRequestId] bigint NULL;
2023-09-05T08:52:11.1129511+03:00	INFO	[Microsoft.EntityFrameworkCore.Database.Command]	[Microsoft.EntityFrameworkCore.Database.Command.CommandExecuted]	Executed DbCommand (2ms) [Parameters=[], CommandType='Text', CommandTimeout='30']
ALTER TABLE [Request] ADD CONSTRAINT [FK_Request_DefinedRequest] FOREIGN KEY ([DefinedRequestId]) REFERENCES [DefinedRequest] ([Id]);
2023-09-05T08:52:11.1147136+03:00	INFO	[Microsoft.EntityFrameworkCore.Database.Command]	[Microsoft.EntityFrameworkCore.Database.Command.CommandExecuted]	Executed DbCommand (2ms) [Parameters=[], CommandType='Text', CommandTimeout='30']
INSERT INTO [__EFMigrationsHistory] ([MigrationId], [ProductVersion])
VALUES (N'20230905055143_testTrigger', N'7.0.10');
2023-09-05T16:49:24.6081753+03:00	INFO	[Microsoft.Hosting.Lifetime]	[ListeningOnAddress]	Now listening on: https://localhost:7206
2023-09-05T16:49:24.6160666+03:00	INFO	[Microsoft.Hosting.Lifetime]	[ListeningOnAddress]	Now listening on: http://localhost:5290
2023-09-05T16:49:24.6256403+03:00	INFO	[Microsoft.Hosting.Lifetime]	[0]	Application started. Press Ctrl+C to shut down.
2023-09-05T16:49:24.6321414+03:00	INFO	[Microsoft.Hosting.Lifetime]	[0]	Hosting environment: Development
2023-09-05T16:49:24.6465915+03:00	INFO	[Microsoft.Hosting.Lifetime]	[0]	Content root path: F:\Work\My Projects\.Net\E-Document\EDocument_API\EDocument_API
