2023-09-12T03:44:21.5841264+03:00	INFO	[Microsoft.Hosting.Lifetime]	[ListeningOnAddress]	Now listening on: https://localhost:7206
2023-09-12T03:44:21.5857893+03:00	INFO	[Microsoft.Hosting.Lifetime]	[ListeningOnAddress]	Now listening on: http://localhost:5290
2023-09-12T03:44:21.5888609+03:00	INFO	[Microsoft.Hosting.Lifetime]	[0]	Application started. Press Ctrl+C to shut down.
2023-09-12T03:44:21.5901161+03:00	INFO	[Microsoft.Hosting.Lifetime]	[0]	Hosting environment: Development
2023-09-12T03:44:21.5912798+03:00	INFO	[Microsoft.Hosting.Lifetime]	[0]	Content root path: F:\Work\My Projects\.Net\E-Document\EDocument_API\EDocument_API
2023-09-12T03:48:42.8019866+03:00	INFO	[Microsoft.EntityFrameworkCore.Database.Command]	[Microsoft.EntityFrameworkCore.Database.Command.CommandExecuted]	Executed DbCommand (316ms) [Parameters=[], CommandType='Text', CommandTimeout='60']
CREATE DATABASE [E-Document];
2023-09-12T03:48:42.8683122+03:00	INFO	[Microsoft.EntityFrameworkCore.Database.Command]	[Microsoft.EntityFrameworkCore.Database.Command.CommandExecuted]	Executed DbCommand (63ms) [Parameters=[], CommandType='Text', CommandTimeout='60']
IF SERVERPROPERTY('EngineEdition') <> 5
BEGIN
    ALTER DATABASE [E-Document] SET READ_COMMITTED_SNAPSHOT ON;
END;
2023-09-12T03:48:42.8821646+03:00	INFO	[Microsoft.EntityFrameworkCore.Database.Command]	[Microsoft.EntityFrameworkCore.Database.Command.CommandExecuted]	Executed DbCommand (4ms) [Parameters=[], CommandType='Text', CommandTimeout='30']
SELECT 1
2023-09-12T03:48:42.9245344+03:00	INFO	[Microsoft.EntityFrameworkCore.Database.Command]	[Microsoft.EntityFrameworkCore.Database.Command.CommandExecuted]	Executed DbCommand (7ms) [Parameters=[], CommandType='Text', CommandTimeout='30']
CREATE TABLE [__EFMigrationsHistory] (
    [MigrationId] nvarchar(150) NOT NULL,
    [ProductVersion] nvarchar(32) NOT NULL,
    CONSTRAINT [PK___EFMigrationsHistory] PRIMARY KEY ([MigrationId])
);
2023-09-12T03:48:42.9322451+03:00	INFO	[Microsoft.EntityFrameworkCore.Database.Command]	[Microsoft.EntityFrameworkCore.Database.Command.CommandExecuted]	Executed DbCommand (1ms) [Parameters=[], CommandType='Text', CommandTimeout='30']
SELECT 1
2023-09-12T03:48:42.9420621+03:00	INFO	[Microsoft.EntityFrameworkCore.Database.Command]	[Microsoft.EntityFrameworkCore.Database.Command.CommandExecuted]	Executed DbCommand (8ms) [Parameters=[], CommandType='Text', CommandTimeout='30']
SELECT OBJECT_ID(N'[__EFMigrationsHistory]');
2023-09-12T03:48:42.9450772+03:00	INFO	[Microsoft.EntityFrameworkCore.Database.Command]	[Microsoft.EntityFrameworkCore.Database.Command.CommandExecuted]	Executed DbCommand (2ms) [Parameters=[], CommandType='Text', CommandTimeout='30']
SELECT [MigrationId], [ProductVersion]
FROM [__EFMigrationsHistory]
ORDER BY [MigrationId];
2023-09-12T03:48:42.9553138+03:00	INFO	[Microsoft.EntityFrameworkCore.Migrations]	[Microsoft.EntityFrameworkCore.Migrations.MigrationApplying]	Applying migration '20230912004818_initialMigration'.
2023-09-12T03:48:43.0441790+03:00	INFO	[Microsoft.EntityFrameworkCore.Database.Command]	[Microsoft.EntityFrameworkCore.Database.Command.CommandExecuted]	Executed DbCommand (3ms) [Parameters=[], CommandType='Text', CommandTimeout='30']
IF SCHEMA_ID(N'security') IS NULL EXEC(N'CREATE SCHEMA [security];');
2023-09-12T03:48:43.0470381+03:00	INFO	[Microsoft.EntityFrameworkCore.Database.Command]	[Microsoft.EntityFrameworkCore.Database.Command.CommandExecuted]	Executed DbCommand (2ms) [Parameters=[], CommandType='Text', CommandTimeout='30']
CREATE TABLE [security].[Role] (
    [Id] nvarchar(450) NOT NULL,
    [Name] nvarchar(256) NULL,
    [NormalizedName] nvarchar(256) NULL,
    [ConcurrencyStamp] nvarchar(max) NULL,
    CONSTRAINT [PK_Role] PRIMARY KEY ([Id])
);
2023-09-12T03:48:43.0499374+03:00	INFO	[Microsoft.EntityFrameworkCore.Database.Command]	[Microsoft.EntityFrameworkCore.Database.Command.CommandExecuted]	Executed DbCommand (3ms) [Parameters=[], CommandType='Text', CommandTimeout='30']
CREATE TABLE [security].[RoleClaims] (
    [Id] int NOT NULL IDENTITY,
    [RoleId] nvarchar(450) NOT NULL,
    [ClaimType] nvarchar(max) NULL,
    [ClaimValue] nvarchar(max) NULL,
    CONSTRAINT [PK_RoleClaims] PRIMARY KEY ([Id]),
    CONSTRAINT [FK_RoleClaims_Role_RoleId] FOREIGN KEY ([RoleId]) REFERENCES [security].[Role] ([Id]) ON DELETE CASCADE
);
2023-09-12T03:48:43.0514292+03:00	INFO	[Microsoft.EntityFrameworkCore.Database.Command]	[Microsoft.EntityFrameworkCore.Database.Command.CommandExecuted]	Executed DbCommand (1ms) [Parameters=[], CommandType='Text', CommandTimeout='30']
CREATE TABLE [ApplicationItAdmin] (
    [ItAdminId] nvarchar(50) NOT NULL,
    [ApplicationId] bigint NOT NULL,
    CONSTRAINT [PK_ApplicationItAdmin] PRIMARY KEY ([ItAdminId], [ApplicationId])
);
2023-09-12T03:48:43.1121361+03:00	INFO	[Microsoft.EntityFrameworkCore.Database.Command]	[Microsoft.EntityFrameworkCore.Database.Command.CommandExecuted]	Executed DbCommand (4ms) [Parameters=[], CommandType='Text', CommandTimeout='30']
CREATE TABLE [ApplicationUserRequest] (
    [BeneficiaryId] nvarchar(50) NOT NULL,
    [RequestId] bigint NOT NULL,
    [CreatedAt] smalldatetime NULL,
    [ModifiedAt] smalldatetime NULL,
    [CreatedBy] nvarchar(50) NULL,
    [ModifiedBy] nvarchar(50) NULL,
    [BeneficiaryName] nvarchar(200) NOT NULL,
    [BeneficiaryEmail] nvarchar(50) NULL,
    [BeneficiaryPostion] nvarchar(200) NULL,
    [BeneficiaryDepartment] nvarchar(200) NULL,
    [BeneficiaryPhone] nvarchar(50) NOT NULL,
    [BeneficiaryExtention] nvarchar(50) NULL,
    CONSTRAINT [PK_ApplicationUserRequest] PRIMARY KEY ([BeneficiaryId], [RequestId])
);
2023-09-12T03:48:43.1147124+03:00	INFO	[Microsoft.EntityFrameworkCore.Database.Command]	[Microsoft.EntityFrameworkCore.Database.Command.CommandExecuted]	Executed DbCommand (2ms) [Parameters=[], CommandType='Text', CommandTimeout='30']
CREATE TABLE [Attachment] (
    [Id] bigint NOT NULL IDENTITY,
    [FilePath] nvarchar(max) NOT NULL,
    [RequestId] bigint NOT NULL,
    [CreatedAt] smalldatetime NULL,
    [ModifiedAt] smalldatetime NULL,
    [CreatedBy] nvarchar(50) NULL,
    [ModifiedBy] nvarchar(50) NULL,
    CONSTRAINT [PK_Attachment] PRIMARY KEY ([Id])
);
2023-09-12T03:48:43.1169426+03:00	INFO	[Microsoft.EntityFrameworkCore.Database.Command]	[Microsoft.EntityFrameworkCore.Database.Command.CommandExecuted]	Executed DbCommand (2ms) [Parameters=[], CommandType='Text', CommandTimeout='30']
CREATE TABLE [CarRequest] (
    [BeneficiaryId] nvarchar(50) NOT NULL,
    [RequestId] bigint NOT NULL,
    [DepartureAddress] nvarchar(50) NOT NULL,
    [DestinationAddress] nvarchar(50) NOT NULL,
    [DepartureDate] smalldatetime NOT NULL,
    [RetrunDate] smalldatetime NOT NULL,
    [LuggageDescription] nvarchar(max) NOT NULL,
    [VehicleType] nvarchar(50) NOT NULL,
    [CreatedAt] smalldatetime NULL,
    [ModifiedAt] smalldatetime NULL,
    [CreatedBy] nvarchar(50) NULL,
    [ModifiedBy] nvarchar(50) NULL,
    [BeneficiaryName] nvarchar(200) NOT NULL,
    [BeneficiaryEmail] nvarchar(50) NULL,
    [BeneficiaryPostion] nvarchar(200) NULL,
    [BeneficiaryDepartment] nvarchar(200) NULL,
    [BeneficiaryPhone] nvarchar(50) NOT NULL,
    [BeneficiaryExtention] nvarchar(50) NULL,
    CONSTRAINT [PK_CarRequest] PRIMARY KEY ([BeneficiaryId], [RequestId])
);
2023-09-12T03:48:43.5109111+03:00	INFO	[Microsoft.EntityFrameworkCore.Database.Command]	[Microsoft.EntityFrameworkCore.Database.Command.CommandExecuted]	Executed DbCommand (1ms) [Parameters=[], CommandType='Text', CommandTimeout='30']
CREATE TABLE [DefinedApplication] (
    [Id] bigint NOT NULL IDENTITY,
    [ApplicationName] nvarchar(200) NOT NULL,
    [ApplicationOwnerId] nvarchar(50) NOT NULL,
    [CreatedAt] smalldatetime NULL,
    [ModifiedAt] smalldatetime NULL,
    [CreatedBy] nvarchar(50) NULL,
    [ModifiedBy] nvarchar(50) NULL,
    CONSTRAINT [PK_DefinedApplication] PRIMARY KEY ([Id])
);
2023-09-12T03:48:43.5131326+03:00	INFO	[Microsoft.EntityFrameworkCore.Database.Command]	[Microsoft.EntityFrameworkCore.Database.Command.CommandExecuted]	Executed DbCommand (2ms) [Parameters=[], CommandType='Text', CommandTimeout='30']
CREATE TABLE [DefinedApplicationRole] (
    [Id] bigint NOT NULL IDENTITY,
    [RoleName] nvarchar(50) NOT NULL,
    [RequestedApplicationId] bigint NOT NULL,
    [CreatedAt] smalldatetime NULL,
    [ModifiedAt] smalldatetime NULL,
    [CreatedBy] nvarchar(50) NULL,
    [ModifiedBy] nvarchar(50) NULL,
    CONSTRAINT [PK_DefinedApplicationRole] PRIMARY KEY ([Id]),
    CONSTRAINT [FK_DefinedApplicationRole_RequestedApplication] FOREIGN KEY ([RequestedApplicationId]) REFERENCES [DefinedApplication] ([Id]) ON DELETE NO ACTION
);
2023-09-12T03:48:43.5150563+03:00	INFO	[Microsoft.EntityFrameworkCore.Database.Command]	[Microsoft.EntityFrameworkCore.Database.Command.CommandExecuted]	Executed DbCommand (2ms) [Parameters=[], CommandType='Text', CommandTimeout='30']
CREATE TABLE [DefinedRequest] (
    [Id] bigint NOT NULL IDENTITY,
    [RequestName] nvarchar(50) NOT NULL,
    [RouteName] nvarchar(50) NOT NULL,
    [IconName] nvarchar(50) NOT NULL,
    [ReviewersNumber] int NOT NULL,
    [DepartmentId] bigint NOT NULL,
    [CreatedAt] smalldatetime NULL,
    [ModifiedAt] smalldatetime NULL,
    [CreatedBy] nvarchar(50) NULL,
    [ModifiedBy] nvarchar(50) NULL,
    CONSTRAINT [PK_DefinedRequest] PRIMARY KEY ([Id])
);
2023-09-12T03:48:43.9499285+03:00	INFO	[Microsoft.EntityFrameworkCore.Database.Command]	[Microsoft.EntityFrameworkCore.Database.Command.CommandExecuted]	Executed DbCommand (4ms) [Parameters=[], CommandType='Text', CommandTimeout='30']
CREATE TABLE [DefinedRequestRole] (
    [RoleId] nvarchar(450) NOT NULL,
    [DefinedRequestId] bigint NOT NULL,
    CONSTRAINT [PK_DefinedRequestRole] PRIMARY KEY ([RoleId], [DefinedRequestId]),
    CONSTRAINT [FK_DefinedRequestRole_DefinedRequest] FOREIGN KEY ([DefinedRequestId]) REFERENCES [DefinedRequest] ([Id]) ON DELETE NO ACTION,
    CONSTRAINT [FK_DefinedRequestRole_Role] FOREIGN KEY ([RoleId]) REFERENCES [security].[Role] ([Id]) ON DELETE NO ACTION
);
2023-09-12T03:48:43.9522401+03:00	INFO	[Microsoft.EntityFrameworkCore.Database.Command]	[Microsoft.EntityFrameworkCore.Database.Command.CommandExecuted]	Executed DbCommand (2ms) [Parameters=[], CommandType='Text', CommandTimeout='30']
CREATE TABLE [DefinedRequestReviewer] (
    [DefinedRequestId] bigint NOT NULL,
    [ReviewerId] nvarchar(50) NOT NULL,
    [StageName] nvarchar(50) NULL,
    [StageNumber] int NOT NULL,
    [ReviewerType] nvarchar(50) NOT NULL,
    [CreatedAt] smalldatetime NULL,
    [ModifiedAt] smalldatetime NULL,
    [CreatedBy] nvarchar(50) NULL,
    [ModifiedBy] nvarchar(50) NULL,
    CONSTRAINT [PK_DefinedRequestReviewer] PRIMARY KEY ([DefinedRequestId], [ReviewerId]),
    CONSTRAINT [FK_DefinedRequestReviewer_DefinedRequest] FOREIGN KEY ([DefinedRequestId]) REFERENCES [DefinedRequest] ([Id]) ON DELETE NO ACTION
);
2023-09-12T03:48:44.1859507+03:00	INFO	[Microsoft.EntityFrameworkCore.Database.Command]	[Microsoft.EntityFrameworkCore.Database.Command.CommandExecuted]	Executed DbCommand (3ms) [Parameters=[], CommandType='Text', CommandTimeout='30']
CREATE TABLE [Department] (
    [Id] bigint NOT NULL,
    [DepartmentName] nvarchar(200) NOT NULL,
    [ManagerId] nvarchar(50) NOT NULL,
    [CreatedAt] smalldatetime NULL,
    [ModifiedAt] smalldatetime NULL,
    [CreatedBy] nvarchar(50) NULL,
    [ModifiedBy] nvarchar(50) NULL,
    CONSTRAINT [PK_Department] PRIMARY KEY ([Id])
);
2023-09-12T03:48:44.1880318+03:00	INFO	[Microsoft.EntityFrameworkCore.Database.Command]	[Microsoft.EntityFrameworkCore.Database.Command.CommandExecuted]	Executed DbCommand (2ms) [Parameters=[], CommandType='Text', CommandTimeout='30']
CREATE TABLE [DomainAccountRequest] (
    [BeneficiaryId] nvarchar(50) NOT NULL,
    [RequestId] bigint NOT NULL,
    [DisplayName] nvarchar(50) NULL,
    [LoginName] nvarchar(50) NULL,
    [OU] nvarchar(50) NULL,
    [CreatedAt] smalldatetime NULL,
    [ModifiedAt] smalldatetime NULL,
    [CreatedBy] nvarchar(50) NULL,
    [ModifiedBy] nvarchar(50) NULL,
    [BeneficiaryName] nvarchar(200) NOT NULL,
    [BeneficiaryEmail] nvarchar(50) NULL,
    [BeneficiaryPostion] nvarchar(200) NULL,
    [BeneficiaryDepartment] nvarchar(200) NULL,
    [BeneficiaryPhone] nvarchar(50) NOT NULL,
    [BeneficiaryExtention] nvarchar(50) NULL,
    CONSTRAINT [PK_DomainAccountRequest] PRIMARY KEY ([BeneficiaryId], [RequestId])
);
2023-09-12T03:48:44.1901374+03:00	INFO	[Microsoft.EntityFrameworkCore.Database.Command]	[Microsoft.EntityFrameworkCore.Database.Command.CommandExecuted]	Executed DbCommand (2ms) [Parameters=[], CommandType='Text', CommandTimeout='30']
CREATE TABLE [PoRequest] (
    [PoNumber] nvarchar(450) NOT NULL,
    [PoDescription] nvarchar(450) NOT NULL,
    [VendorName] nvarchar(450) NOT NULL,
    [VendorNumber] nvarchar(450) NOT NULL,
    [InvoiceNumber] nvarchar(450) NOT NULL,
    [PoAttachmentPath] nvarchar(max) NOT NULL,
    [InvoiceAttachmentPath] nvarchar(max) NOT NULL,
    [RequestId] bigint NOT NULL,
    [CreatedAt] smalldatetime NULL,
    [ModifiedAt] smalldatetime NULL,
    [CreatedBy] nvarchar(50) NULL,
    [ModifiedBy] nvarchar(50) NULL,
    CONSTRAINT [PK_PoRequest] PRIMARY KEY ([PoNumber])
);
2023-09-12T03:48:44.4908703+03:00	INFO	[Microsoft.EntityFrameworkCore.Database.Command]	[Microsoft.EntityFrameworkCore.Database.Command.CommandExecuted]	Executed DbCommand (2ms) [Parameters=[], CommandType='Text', CommandTimeout='30']
CREATE TABLE [Request] (
    [Id] bigint NOT NULL IDENTITY,
    [CurrentStage] int NULL,
    [Status] nvarchar(50) NOT NULL,
    [Justification] nvarchar(max) NULL,
    [CreatorId] nvarchar(50) NOT NULL,
    [DeclinedBy] nvarchar(200) NULL,
    [DefinedRequestId] bigint NOT NULL,
    [CreatedAt] smalldatetime NULL,
    [ModifiedAt] smalldatetime NULL,
    [CreatedBy] nvarchar(50) NULL,
    [ModifiedBy] nvarchar(50) NULL,
    CONSTRAINT [PK_Request] PRIMARY KEY ([Id]),
    CONSTRAINT [FK_Request_DefinedRequest] FOREIGN KEY ([DefinedRequestId]) REFERENCES [DefinedRequest] ([Id]) ON DELETE CASCADE
);
2023-09-12T03:48:44.4937952+03:00	INFO	[Microsoft.EntityFrameworkCore.Database.Command]	[Microsoft.EntityFrameworkCore.Database.Command.CommandExecuted]	Executed DbCommand (3ms) [Parameters=[], CommandType='Text', CommandTimeout='30']
CREATE TABLE [RequestApplicationRole] (
    [RequestId] bigint NOT NULL,
    [ApplicationId] bigint NOT NULL,
    [RoleId] bigint NOT NULL,
    [CreatedAt] smalldatetime NULL,
    [ModifiedAt] smalldatetime NULL,
    [CreatedBy] nvarchar(50) NULL,
    [ModifiedBy] nvarchar(50) NULL,
    CONSTRAINT [PK_RequestApplicationRole] PRIMARY KEY ([RequestId], [ApplicationId], [RoleId]),
    CONSTRAINT [FK_RequestApplicationRole_DefinedApplication] FOREIGN KEY ([ApplicationId]) REFERENCES [DefinedApplication] ([Id]) ON DELETE NO ACTION,
    CONSTRAINT [FK_RequestApplicationRole_DefinedApplicationRole] FOREIGN KEY ([RoleId]) REFERENCES [DefinedApplicationRole] ([Id]) ON DELETE NO ACTION,
    CONSTRAINT [FK_RequestApplicationRole_Request] FOREIGN KEY ([RequestId]) REFERENCES [Request] ([Id]) ON DELETE NO ACTION
);
2023-09-12T03:48:44.9505070+03:00	INFO	[Microsoft.EntityFrameworkCore.Database.Command]	[Microsoft.EntityFrameworkCore.Database.Command.CommandExecuted]	Executed DbCommand (3ms) [Parameters=[], CommandType='Text', CommandTimeout='30']
CREATE TABLE [TravelDeskRequest] (
    [BeneficiaryId] nvarchar(50) NOT NULL,
    [RequestId] bigint NOT NULL,
    [RequestTypes] nvarchar(200) NOT NULL,
    [BeneficiaryNationality] nvarchar(50) NOT NULL,
    [CostAllocation] real NOT NULL,
    [Currency] nvarchar(50) NOT NULL,
    [CheckIn] smalldatetime NULL,
    [CheckOut] smalldatetime NULL,
    [MissionAddress] nvarchar(max) NULL,
    [PaymentMethod] nvarchar(50) NULL,
    [FlightOrigin] nvarchar(50) NULL,
    [FlightDestination] nvarchar(50) NULL,
    [DepartureDate] smalldatetime NULL,
    [ReturnDate] smalldatetime NULL,
    [DestinationCountry] nvarchar(50) NULL,
    [ExpectedTravelTime] smalldatetime NULL,
    [CreatedAt] smalldatetime NULL,
    [ModifiedAt] smalldatetime NULL,
    [CreatedBy] varchar(50) NULL,
    [ModifiedBy] varchar(50) NULL,
    [BeneficiaryName] nvarchar(200) NOT NULL,
    [BeneficiaryEmail] nvarchar(50) NULL,
    [BeneficiaryPostion] nvarchar(200) NULL,
    [BeneficiaryDepartment] nvarchar(200) NULL,
    [BeneficiaryPhone] nvarchar(50) NULL,
    [BeneficiaryExtention] nvarchar(50) NULL,
    CONSTRAINT [PK_TravelDeskRequest] PRIMARY KEY ([BeneficiaryId], [RequestId]),
    CONSTRAINT [FK_TravelDeskRequest_Request] FOREIGN KEY ([RequestId]) REFERENCES [Request] ([Id]) ON DELETE NO ACTION
);
2023-09-12T03:48:44.9524377+03:00	INFO	[Microsoft.EntityFrameworkCore.Database.Command]	[Microsoft.EntityFrameworkCore.Database.Command.CommandExecuted]	Executed DbCommand (2ms) [Parameters=[], CommandType='Text', CommandTimeout='30']
CREATE TABLE [VoucherRequest] (
    [BeneficiaryName] nvarchar(450) NOT NULL,
    [RequestId] bigint NOT NULL,
    [VendorNumber] nvarchar(max) NULL,
    [VendorName] nvarchar(max) NULL,
    [InvoiceDate] date NOT NULL,
    [Description] nvarchar(max) NULL,
    [VoucherAmount] real NOT NULL,
    [VoucherCurrency] nvarchar(max) NOT NULL,
    [VoucherType] nvarchar(max) NULL,
    [CreatedAt] smalldatetime NULL,
    [ModifiedAt] smalldatetime NULL,
    [CreatedBy] nvarchar(50) NULL,
    [ModifiedBy] nvarchar(50) NULL,
    CONSTRAINT [PK_VoucherRequest] PRIMARY KEY ([BeneficiaryName], [RequestId]),
    CONSTRAINT [FK_VoucherRequest_Request] FOREIGN KEY ([RequestId]) REFERENCES [Request] ([Id]) ON DELETE NO ACTION
);
2023-09-12T03:48:45.4143384+03:00	INFO	[Microsoft.EntityFrameworkCore.Database.Command]	[Microsoft.EntityFrameworkCore.Database.Command.CommandExecuted]	Executed DbCommand (5ms) [Parameters=[], CommandType='Text', CommandTimeout='30']
CREATE TABLE [RequestReviewer] (
    [RequestId] bigint NOT NULL,
    [ReviewerId] nvarchar(50) NOT NULL,
    [StageName] nvarchar(max) NULL,
    [StageNumber] int NOT NULL,
    [ReviewerType] nvarchar(max) NULL,
    [Status] nvarchar(50) NOT NULL,
    [ReviewerNotes] nvarchar(max) NULL,
    [CreatedAt] smalldatetime NULL,
    [ModifiedAt] smalldatetime NULL,
    [CreatedBy] nvarchar(50) NULL,
    [ModifiedBy] nvarchar(50) NULL,
    CONSTRAINT [PK_RequestReviewer] PRIMARY KEY ([RequestId], [ReviewerId]),
    CONSTRAINT [FK_RequestReviewer_Request] FOREIGN KEY ([RequestId]) REFERENCES [Request] ([Id]) ON DELETE NO ACTION
);
2023-09-12T03:48:45.4165665+03:00	INFO	[Microsoft.EntityFrameworkCore.Database.Command]	[Microsoft.EntityFrameworkCore.Database.Command.CommandExecuted]	Executed DbCommand (2ms) [Parameters=[], CommandType='Text', CommandTimeout='30']
CREATE TABLE [Section] (
    [Id] bigint NOT NULL IDENTITY,
    [SectionName] nvarchar(max) NULL,
    [DepartmentId] bigint NOT NULL,
    [HeadId] nvarchar(50) NOT NULL,
    [CreatedAt] smalldatetime NULL,
    [ModifiedAt] smalldatetime NULL,
    [CreatedBy] nvarchar(50) NULL,
    [ModifiedBy] nvarchar(50) NULL,
    CONSTRAINT [PK_Section] PRIMARY KEY ([Id]),
    CONSTRAINT [FK_Section_Department] FOREIGN KEY ([DepartmentId]) REFERENCES [Department] ([Id]) ON DELETE NO ACTION
);
2023-09-12T03:48:45.8197792+03:00	INFO	[Microsoft.EntityFrameworkCore.Database.Command]	[Microsoft.EntityFrameworkCore.Database.Command.CommandExecuted]	Executed DbCommand (4ms) [Parameters=[], CommandType='Text', CommandTimeout='30']
CREATE TABLE [security].[User] (
    [Id] nvarchar(50) NOT NULL,
    [UserName] nvarchar(50) NOT NULL,
    [NormalizedUserName] nvarchar(50) NOT NULL,
    [Email] nvarchar(200) NULL,
    [FullName] nvarchar(200) NOT NULL,
    [Position] nvarchar(200) NULL,
    [DepartmentId] bigint NULL,
    [SectionId] bigint NULL,
    [ManagerId] nvarchar(50) NULL,
    [Company] nvarchar(200) NULL,
    [LastLogin] smalldatetime NULL,
    [CreatedAt] smalldatetime NULL,
    [ModifiedAt] smalldatetime NULL,
    [CreatedBy] nvarchar(50) NULL,
    [ModifiedBy] nvarchar(50) NULL,
    [NormalizedEmail] nvarchar(200) NULL,
    [PasswordHash] nvarchar(max) NULL,
    [SecurityStamp] nvarchar(max) NULL,
    [ConcurrencyStamp] nvarchar(max) NULL,
    [PhoneNumber] nvarchar(50) NULL,
    [LockoutEnd] datetimeoffset NULL,
    [LockoutEnabled] bit NOT NULL,
    [AccessFailedCount] int NOT NULL,
    CONSTRAINT [PK_User] PRIMARY KEY ([Id]),
    CONSTRAINT [FK_User_Department] FOREIGN KEY ([DepartmentId]) REFERENCES [Department] ([Id]) ON DELETE NO ACTION,
    CONSTRAINT [FK_User_Section] FOREIGN KEY ([SectionId]) REFERENCES [Section] ([Id]) ON DELETE NO ACTION,
    CONSTRAINT [FK_User_User] FOREIGN KEY ([ManagerId]) REFERENCES [security].[User] ([Id]) ON DELETE NO ACTION
);
2023-09-12T03:48:45.8212561+03:00	INFO	[Microsoft.EntityFrameworkCore.Database.Command]	[Microsoft.EntityFrameworkCore.Database.Command.CommandExecuted]	Executed DbCommand (1ms) [Parameters=[], CommandType='Text', CommandTimeout='30']
CREATE TABLE [security].[UserClaims] (
    [Id] int NOT NULL IDENTITY,
    [UserId] nvarchar(50) NOT NULL,
    [ClaimType] nvarchar(max) NULL,
    [ClaimValue] nvarchar(max) NULL,
    CONSTRAINT [PK_UserClaims] PRIMARY KEY ([Id]),
    CONSTRAINT [FK_UserClaims_User_UserId] FOREIGN KEY ([UserId]) REFERENCES [security].[User] ([Id]) ON DELETE CASCADE
);
2023-09-12T03:48:46.3660819+03:00	INFO	[Microsoft.EntityFrameworkCore.Database.Command]	[Microsoft.EntityFrameworkCore.Database.Command.CommandExecuted]	Executed DbCommand (4ms) [Parameters=[], CommandType='Text', CommandTimeout='30']
CREATE TABLE [security].[UserLogin] (
    [LoginProvider] nvarchar(450) NOT NULL,
    [ProviderKey] nvarchar(450) NOT NULL,
    [ProviderDisplayName] nvarchar(max) NULL,
    [UserId] nvarchar(50) NOT NULL,
    CONSTRAINT [PK_UserLogin] PRIMARY KEY ([LoginProvider], [ProviderKey]),
    CONSTRAINT [FK_UserLogin_User_UserId] FOREIGN KEY ([UserId]) REFERENCES [security].[User] ([Id]) ON DELETE CASCADE
);
2023-09-12T03:48:46.3678456+03:00	INFO	[Microsoft.EntityFrameworkCore.Database.Command]	[Microsoft.EntityFrameworkCore.Database.Command.CommandExecuted]	Executed DbCommand (2ms) [Parameters=[], CommandType='Text', CommandTimeout='30']
CREATE TABLE [security].[UserRoles] (
    [UserId] nvarchar(50) NOT NULL,
    [RoleId] nvarchar(450) NOT NULL,
    CONSTRAINT [PK_UserRoles] PRIMARY KEY ([UserId], [RoleId]),
    CONSTRAINT [FK_UserRoles_Role_RoleId] FOREIGN KEY ([RoleId]) REFERENCES [security].[Role] ([Id]) ON DELETE CASCADE,
    CONSTRAINT [FK_UserRoles_User_UserId] FOREIGN KEY ([UserId]) REFERENCES [security].[User] ([Id]) ON DELETE CASCADE
);
2023-09-12T03:48:46.3715927+03:00	INFO	[Microsoft.EntityFrameworkCore.Database.Command]	[Microsoft.EntityFrameworkCore.Database.Command.CommandExecuted]	Executed DbCommand (4ms) [Parameters=[], CommandType='Text', CommandTimeout='30']
CREATE TABLE [security].[UserToken] (
    [UserId] nvarchar(50) NOT NULL,
    [LoginProvider] nvarchar(450) NOT NULL,
    [Name] nvarchar(450) NOT NULL,
    [Value] nvarchar(max) NULL,
    CONSTRAINT [PK_UserToken] PRIMARY KEY ([UserId], [LoginProvider], [Name]),
    CONSTRAINT [FK_UserToken_User_UserId] FOREIGN KEY ([UserId]) REFERENCES [security].[User] ([Id]) ON DELETE CASCADE
);
2023-09-12T03:48:46.8864173+03:00	INFO	[Microsoft.EntityFrameworkCore.Database.Command]	[Microsoft.EntityFrameworkCore.Database.Command.CommandExecuted]	Executed DbCommand (5ms) [Parameters=[], CommandType='Text', CommandTimeout='30']
CREATE INDEX [IX_ApplicationItAdmin_ApplicationId] ON [ApplicationItAdmin] ([ApplicationId]);
2023-09-12T03:48:46.8870577+03:00	INFO	[Microsoft.EntityFrameworkCore.Database.Command]	[Microsoft.EntityFrameworkCore.Database.Command.CommandExecuted]	Executed DbCommand (1ms) [Parameters=[], CommandType='Text', CommandTimeout='30']
CREATE INDEX [IX_ApplicationUserRequest_RequestId] ON [ApplicationUserRequest] ([RequestId]);
2023-09-12T03:48:46.8875245+03:00	INFO	[Microsoft.EntityFrameworkCore.Database.Command]	[Microsoft.EntityFrameworkCore.Database.Command.CommandExecuted]	Executed DbCommand (0ms) [Parameters=[], CommandType='Text', CommandTimeout='30']
CREATE INDEX [IX_Attachment_RequestId] ON [Attachment] ([RequestId]);
2023-09-12T03:48:46.8879992+03:00	INFO	[Microsoft.EntityFrameworkCore.Database.Command]	[Microsoft.EntityFrameworkCore.Database.Command.CommandExecuted]	Executed DbCommand (0ms) [Parameters=[], CommandType='Text', CommandTimeout='30']
CREATE INDEX [IX_CarRequest_RequestId] ON [CarRequest] ([RequestId]);
2023-09-12T03:48:46.8885276+03:00	INFO	[Microsoft.EntityFrameworkCore.Database.Command]	[Microsoft.EntityFrameworkCore.Database.Command.CommandExecuted]	Executed DbCommand (1ms) [Parameters=[], CommandType='Text', CommandTimeout='30']
CREATE INDEX [IX_DefinedApplication_ApplicationOwnerId] ON [DefinedApplication] ([ApplicationOwnerId]);
2023-09-12T03:48:46.8893368+03:00	INFO	[Microsoft.EntityFrameworkCore.Database.Command]	[Microsoft.EntityFrameworkCore.Database.Command.CommandExecuted]	Executed DbCommand (1ms) [Parameters=[], CommandType='Text', CommandTimeout='30']
CREATE INDEX [IX_DefinedApplicationRole_RequestedApplicationId] ON [DefinedApplicationRole] ([RequestedApplicationId]);
2023-09-12T03:48:46.8901832+03:00	INFO	[Microsoft.EntityFrameworkCore.Database.Command]	[Microsoft.EntityFrameworkCore.Database.Command.CommandExecuted]	Executed DbCommand (1ms) [Parameters=[], CommandType='Text', CommandTimeout='30']
CREATE INDEX [IX_DefinedRequest_DepartmentId] ON [DefinedRequest] ([DepartmentId]);
2023-09-12T03:48:46.8906605+03:00	INFO	[Microsoft.EntityFrameworkCore.Database.Command]	[Microsoft.EntityFrameworkCore.Database.Command.CommandExecuted]	Executed DbCommand (0ms) [Parameters=[], CommandType='Text', CommandTimeout='30']
CREATE INDEX [IX_DefinedRequestReviewer_ReviewerId] ON [DefinedRequestReviewer] ([ReviewerId]);
2023-09-12T03:48:46.8914016+03:00	INFO	[Microsoft.EntityFrameworkCore.Database.Command]	[Microsoft.EntityFrameworkCore.Database.Command.CommandExecuted]	Executed DbCommand (1ms) [Parameters=[], CommandType='Text', CommandTimeout='30']
CREATE INDEX [IX_DefinedRequestRole_DefinedRequestId] ON [DefinedRequestRole] ([DefinedRequestId]);
2023-09-12T03:48:47.2065554+03:00	INFO	[Microsoft.EntityFrameworkCore.Database.Command]	[Microsoft.EntityFrameworkCore.Database.Command.CommandExecuted]	Executed DbCommand (1ms) [Parameters=[], CommandType='Text', CommandTimeout='30']
CREATE INDEX [IX_Department_ManagerId] ON [Department] ([ManagerId]);
2023-09-12T03:48:47.2073877+03:00	INFO	[Microsoft.EntityFrameworkCore.Database.Command]	[Microsoft.EntityFrameworkCore.Database.Command.CommandExecuted]	Executed DbCommand (1ms) [Parameters=[], CommandType='Text', CommandTimeout='30']
CREATE INDEX [IX_DomainAccountRequest_RequestId] ON [DomainAccountRequest] ([RequestId]);
2023-09-12T03:48:47.2084299+03:00	INFO	[Microsoft.EntityFrameworkCore.Database.Command]	[Microsoft.EntityFrameworkCore.Database.Command.CommandExecuted]	Executed DbCommand (1ms) [Parameters=[], CommandType='Text', CommandTimeout='30']
CREATE INDEX [IX_PoRequest_InvoiceNumber] ON [PoRequest] ([InvoiceNumber]);
2023-09-12T03:48:47.2089928+03:00	INFO	[Microsoft.EntityFrameworkCore.Database.Command]	[Microsoft.EntityFrameworkCore.Database.Command.CommandExecuted]	Executed DbCommand (0ms) [Parameters=[], CommandType='Text', CommandTimeout='30']
CREATE INDEX [IX_PoRequest_PoDescription] ON [PoRequest] ([PoDescription]);
2023-09-12T03:48:47.2095126+03:00	INFO	[Microsoft.EntityFrameworkCore.Database.Command]	[Microsoft.EntityFrameworkCore.Database.Command.CommandExecuted]	Executed DbCommand (0ms) [Parameters=[], CommandType='Text', CommandTimeout='30']
CREATE INDEX [IX_PoRequest_RequestId] ON [PoRequest] ([RequestId]);
2023-09-12T03:48:47.2101619+03:00	INFO	[Microsoft.EntityFrameworkCore.Database.Command]	[Microsoft.EntityFrameworkCore.Database.Command.CommandExecuted]	Executed DbCommand (1ms) [Parameters=[], CommandType='Text', CommandTimeout='30']
CREATE INDEX [IX_PoRequest_VendorName] ON [PoRequest] ([VendorName]);
2023-09-12T03:48:47.2106377+03:00	INFO	[Microsoft.EntityFrameworkCore.Database.Command]	[Microsoft.EntityFrameworkCore.Database.Command.CommandExecuted]	Executed DbCommand (0ms) [Parameters=[], CommandType='Text', CommandTimeout='30']
CREATE INDEX [IX_PoRequest_VendorNumber] ON [PoRequest] ([VendorNumber]);
2023-09-12T03:48:47.2112843+03:00	INFO	[Microsoft.EntityFrameworkCore.Database.Command]	[Microsoft.EntityFrameworkCore.Database.Command.CommandExecuted]	Executed DbCommand (1ms) [Parameters=[], CommandType='Text', CommandTimeout='30']
CREATE INDEX [IX_Request_CreatorId] ON [Request] ([CreatorId]);
2023-09-12T03:48:47.2116824+03:00	INFO	[Microsoft.EntityFrameworkCore.Database.Command]	[Microsoft.EntityFrameworkCore.Database.Command.CommandExecuted]	Executed DbCommand (0ms) [Parameters=[], CommandType='Text', CommandTimeout='30']
CREATE INDEX [IX_Request_DefinedRequestId] ON [Request] ([DefinedRequestId]);
2023-09-12T03:48:47.2122194+03:00	INFO	[Microsoft.EntityFrameworkCore.Database.Command]	[Microsoft.EntityFrameworkCore.Database.Command.CommandExecuted]	Executed DbCommand (0ms) [Parameters=[], CommandType='Text', CommandTimeout='30']
CREATE INDEX [IX_RequestApplicationRole_ApplicationId] ON [RequestApplicationRole] ([ApplicationId]);
2023-09-12T03:48:47.3892317+03:00	INFO	[Microsoft.EntityFrameworkCore.Database.Command]	[Microsoft.EntityFrameworkCore.Database.Command.CommandExecuted]	Executed DbCommand (1ms) [Parameters=[], CommandType='Text', CommandTimeout='30']
CREATE INDEX [IX_RequestApplicationRole_RoleId] ON [RequestApplicationRole] ([RoleId]);
2023-09-12T03:48:47.3899993+03:00	INFO	[Microsoft.EntityFrameworkCore.Database.Command]	[Microsoft.EntityFrameworkCore.Database.Command.CommandExecuted]	Executed DbCommand (1ms) [Parameters=[], CommandType='Text', CommandTimeout='30']
CREATE INDEX [IX_RequestReviewer_ReviewerId] ON [RequestReviewer] ([ReviewerId]);
2023-09-12T03:48:47.3930295+03:00	INFO	[Microsoft.EntityFrameworkCore.Database.Command]	[Microsoft.EntityFrameworkCore.Database.Command.CommandExecuted]	Executed DbCommand (3ms) [Parameters=[], CommandType='Text', CommandTimeout='30']
CREATE UNIQUE INDEX [RoleNameIndex] ON [security].[Role] ([NormalizedName]) WHERE [NormalizedName] IS NOT NULL;
2023-09-12T03:48:47.3939047+03:00	INFO	[Microsoft.EntityFrameworkCore.Database.Command]	[Microsoft.EntityFrameworkCore.Database.Command.CommandExecuted]	Executed DbCommand (1ms) [Parameters=[], CommandType='Text', CommandTimeout='30']
CREATE INDEX [IX_RoleClaims_RoleId] ON [security].[RoleClaims] ([RoleId]);
2023-09-12T03:48:47.3948467+03:00	INFO	[Microsoft.EntityFrameworkCore.Database.Command]	[Microsoft.EntityFrameworkCore.Database.Command.CommandExecuted]	Executed DbCommand (1ms) [Parameters=[], CommandType='Text', CommandTimeout='30']
CREATE INDEX [IX_Section_DepartmentId] ON [Section] ([DepartmentId]);
2023-09-12T03:48:47.3960484+03:00	INFO	[Microsoft.EntityFrameworkCore.Database.Command]	[Microsoft.EntityFrameworkCore.Database.Command.CommandExecuted]	Executed DbCommand (1ms) [Parameters=[], CommandType='Text', CommandTimeout='30']
CREATE UNIQUE INDEX [IX_Section_HeadId] ON [Section] ([HeadId]);
2023-09-12T03:48:47.3965311+03:00	INFO	[Microsoft.EntityFrameworkCore.Database.Command]	[Microsoft.EntityFrameworkCore.Database.Command.CommandExecuted]	Executed DbCommand (0ms) [Parameters=[], CommandType='Text', CommandTimeout='30']
CREATE INDEX [IX_TravelDeskRequest_RequestId] ON [TravelDeskRequest] ([RequestId]);
2023-09-12T03:48:47.3975215+03:00	INFO	[Microsoft.EntityFrameworkCore.Database.Command]	[Microsoft.EntityFrameworkCore.Database.Command.CommandExecuted]	Executed DbCommand (1ms) [Parameters=[], CommandType='Text', CommandTimeout='30']
CREATE INDEX [EmailIndex] ON [security].[User] ([NormalizedEmail]);
2023-09-12T03:48:47.3981921+03:00	INFO	[Microsoft.EntityFrameworkCore.Database.Command]	[Microsoft.EntityFrameworkCore.Database.Command.CommandExecuted]	Executed DbCommand (1ms) [Parameters=[], CommandType='Text', CommandTimeout='30']
CREATE INDEX [IX_User_DepartmentId] ON [security].[User] ([DepartmentId]);
2023-09-12T03:48:47.3990614+03:00	INFO	[Microsoft.EntityFrameworkCore.Database.Command]	[Microsoft.EntityFrameworkCore.Database.Command.CommandExecuted]	Executed DbCommand (1ms) [Parameters=[], CommandType='Text', CommandTimeout='30']
CREATE INDEX [IX_User_ManagerId] ON [security].[User] ([ManagerId]);
2023-09-12T03:48:47.7472414+03:00	INFO	[Microsoft.EntityFrameworkCore.Database.Command]	[Microsoft.EntityFrameworkCore.Database.Command.CommandExecuted]	Executed DbCommand (1ms) [Parameters=[], CommandType='Text', CommandTimeout='30']
CREATE INDEX [IX_User_SectionId] ON [security].[User] ([SectionId]);
2023-09-12T03:48:47.7481116+03:00	INFO	[Microsoft.EntityFrameworkCore.Database.Command]	[Microsoft.EntityFrameworkCore.Database.Command.CommandExecuted]	Executed DbCommand (1ms) [Parameters=[], CommandType='Text', CommandTimeout='30']
CREATE UNIQUE INDEX [UserNameIndex] ON [security].[User] ([NormalizedUserName]);
2023-09-12T03:48:47.7513947+03:00	INFO	[Microsoft.EntityFrameworkCore.Database.Command]	[Microsoft.EntityFrameworkCore.Database.Command.CommandExecuted]	Executed DbCommand (3ms) [Parameters=[], CommandType='Text', CommandTimeout='30']
CREATE INDEX [IX_UserClaims_UserId] ON [security].[UserClaims] ([UserId]);
2023-09-12T03:48:47.7521376+03:00	INFO	[Microsoft.EntityFrameworkCore.Database.Command]	[Microsoft.EntityFrameworkCore.Database.Command.CommandExecuted]	Executed DbCommand (1ms) [Parameters=[], CommandType='Text', CommandTimeout='30']
CREATE INDEX [IX_UserLogin_UserId] ON [security].[UserLogin] ([UserId]);
2023-09-12T03:48:47.7526936+03:00	INFO	[Microsoft.EntityFrameworkCore.Database.Command]	[Microsoft.EntityFrameworkCore.Database.Command.CommandExecuted]	Executed DbCommand (0ms) [Parameters=[], CommandType='Text', CommandTimeout='30']
CREATE INDEX [IX_UserRoles_RoleId] ON [security].[UserRoles] ([RoleId]);
2023-09-12T03:48:47.7533527+03:00	INFO	[Microsoft.EntityFrameworkCore.Database.Command]	[Microsoft.EntityFrameworkCore.Database.Command.CommandExecuted]	Executed DbCommand (1ms) [Parameters=[], CommandType='Text', CommandTimeout='30']
CREATE INDEX [IX_VoucherRequest_RequestId] ON [VoucherRequest] ([RequestId]);
2023-09-12T03:48:47.7590009+03:00	INFO	[Microsoft.EntityFrameworkCore.Database.Command]	[Microsoft.EntityFrameworkCore.Database.Command.CommandExecuted]	Executed DbCommand (5ms) [Parameters=[], CommandType='Text', CommandTimeout='30']
ALTER TABLE [ApplicationItAdmin] ADD CONSTRAINT [FK_ApplicationItAdmin_DefinedApplication] FOREIGN KEY ([ApplicationId]) REFERENCES [DefinedApplication] ([Id]) ON DELETE NO ACTION;
2023-09-12T03:48:47.7599246+03:00	INFO	[Microsoft.EntityFrameworkCore.Database.Command]	[Microsoft.EntityFrameworkCore.Database.Command.CommandExecuted]	Executed DbCommand (1ms) [Parameters=[], CommandType='Text', CommandTimeout='30']
ALTER TABLE [ApplicationItAdmin] ADD CONSTRAINT [FK_ApplicationItAdmin_User] FOREIGN KEY ([ItAdminId]) REFERENCES [security].[User] ([Id]) ON DELETE NO ACTION;
2023-09-12T03:48:47.7618158+03:00	INFO	[Microsoft.EntityFrameworkCore.Database.Command]	[Microsoft.EntityFrameworkCore.Database.Command.CommandExecuted]	Executed DbCommand (2ms) [Parameters=[], CommandType='Text', CommandTimeout='30']
ALTER TABLE [ApplicationUserRequest] ADD CONSTRAINT [FK_ApplicationUserRequest_Request] FOREIGN KEY ([RequestId]) REFERENCES [Request] ([Id]) ON DELETE NO ACTION;
2023-09-12T03:48:48.0645456+03:00	INFO	[Microsoft.EntityFrameworkCore.Database.Command]	[Microsoft.EntityFrameworkCore.Database.Command.CommandExecuted]	Executed DbCommand (1ms) [Parameters=[], CommandType='Text', CommandTimeout='30']
ALTER TABLE [Attachment] ADD CONSTRAINT [FK_Attachment_Request] FOREIGN KEY ([RequestId]) REFERENCES [Request] ([Id]) ON DELETE NO ACTION;
2023-09-12T03:48:48.0653997+03:00	INFO	[Microsoft.EntityFrameworkCore.Database.Command]	[Microsoft.EntityFrameworkCore.Database.Command.CommandExecuted]	Executed DbCommand (1ms) [Parameters=[], CommandType='Text', CommandTimeout='30']
ALTER TABLE [CarRequest] ADD CONSTRAINT [FK_CarRequest_Request] FOREIGN KEY ([RequestId]) REFERENCES [Request] ([Id]) ON DELETE NO ACTION;
2023-09-12T03:48:48.0664685+03:00	INFO	[Microsoft.EntityFrameworkCore.Database.Command]	[Microsoft.EntityFrameworkCore.Database.Command.CommandExecuted]	Executed DbCommand (1ms) [Parameters=[], CommandType='Text', CommandTimeout='30']
ALTER TABLE [DefinedApplication] ADD CONSTRAINT [FK_DefinedApplication_User] FOREIGN KEY ([ApplicationOwnerId]) REFERENCES [security].[User] ([Id]) ON DELETE NO ACTION;
2023-09-12T03:48:48.0674331+03:00	INFO	[Microsoft.EntityFrameworkCore.Database.Command]	[Microsoft.EntityFrameworkCore.Database.Command.CommandExecuted]	Executed DbCommand (1ms) [Parameters=[], CommandType='Text', CommandTimeout='30']
ALTER TABLE [DefinedRequest] ADD CONSTRAINT [FK_DefinedRequest_Department] FOREIGN KEY ([DepartmentId]) REFERENCES [Department] ([Id]) ON DELETE NO ACTION;
2023-09-12T03:48:48.0680974+03:00	INFO	[Microsoft.EntityFrameworkCore.Database.Command]	[Microsoft.EntityFrameworkCore.Database.Command.CommandExecuted]	Executed DbCommand (1ms) [Parameters=[], CommandType='Text', CommandTimeout='30']
ALTER TABLE [DefinedRequestReviewer] ADD CONSTRAINT [FK_DefinedRequestReviewer_User] FOREIGN KEY ([ReviewerId]) REFERENCES [security].[User] ([Id]) ON DELETE NO ACTION;
2023-09-12T03:48:48.0690203+03:00	INFO	[Microsoft.EntityFrameworkCore.Database.Command]	[Microsoft.EntityFrameworkCore.Database.Command.CommandExecuted]	Executed DbCommand (1ms) [Parameters=[], CommandType='Text', CommandTimeout='30']
ALTER TABLE [Department] ADD CONSTRAINT [FK_Department_User] FOREIGN KEY ([ManagerId]) REFERENCES [security].[User] ([Id]) ON DELETE NO ACTION;
2023-09-12T03:48:48.0699040+03:00	INFO	[Microsoft.EntityFrameworkCore.Database.Command]	[Microsoft.EntityFrameworkCore.Database.Command.CommandExecuted]	Executed DbCommand (1ms) [Parameters=[], CommandType='Text', CommandTimeout='30']
ALTER TABLE [DomainAccountRequest] ADD CONSTRAINT [FK_DomainAccountRequest_Request] FOREIGN KEY ([RequestId]) REFERENCES [Request] ([Id]) ON DELETE NO ACTION;
2023-09-12T03:48:48.2707945+03:00	INFO	[Microsoft.EntityFrameworkCore.Database.Command]	[Microsoft.EntityFrameworkCore.Database.Command.CommandExecuted]	Executed DbCommand (1ms) [Parameters=[], CommandType='Text', CommandTimeout='30']
ALTER TABLE [PoRequest] ADD CONSTRAINT [FK_PoRequest_Request] FOREIGN KEY ([RequestId]) REFERENCES [Request] ([Id]) ON DELETE NO ACTION;
2023-09-12T03:48:48.2718173+03:00	INFO	[Microsoft.EntityFrameworkCore.Database.Command]	[Microsoft.EntityFrameworkCore.Database.Command.CommandExecuted]	Executed DbCommand (1ms) [Parameters=[], CommandType='Text', CommandTimeout='30']
ALTER TABLE [Request] ADD CONSTRAINT [FK_Request_User] FOREIGN KEY ([CreatorId]) REFERENCES [security].[User] ([Id]) ON DELETE CASCADE;
2023-09-12T03:48:48.2726332+03:00	INFO	[Microsoft.EntityFrameworkCore.Database.Command]	[Microsoft.EntityFrameworkCore.Database.Command.CommandExecuted]	Executed DbCommand (1ms) [Parameters=[], CommandType='Text', CommandTimeout='30']
ALTER TABLE [RequestReviewer] ADD CONSTRAINT [FK_RequestReviewer_User] FOREIGN KEY ([ReviewerId]) REFERENCES [security].[User] ([Id]) ON DELETE NO ACTION;
2023-09-12T03:48:48.2744867+03:00	INFO	[Microsoft.EntityFrameworkCore.Database.Command]	[Microsoft.EntityFrameworkCore.Database.Command.CommandExecuted]	Executed DbCommand (2ms) [Parameters=[], CommandType='Text', CommandTimeout='30']
ALTER TABLE [Section] ADD CONSTRAINT [FK_Section_User] FOREIGN KEY ([HeadId]) REFERENCES [security].[User] ([Id]) ON DELETE NO ACTION;
2023-09-12T03:48:48.2772078+03:00	INFO	[Microsoft.EntityFrameworkCore.Database.Command]	[Microsoft.EntityFrameworkCore.Database.Command.CommandExecuted]	Executed DbCommand (3ms) [Parameters=[], CommandType='Text', CommandTimeout='30']
INSERT INTO [__EFMigrationsHistory] ([MigrationId], [ProductVersion])
VALUES (N'20230912004818_initialMigration', N'7.0.10');
2023-09-12T12:18:51.2656183+03:00	INFO	[Microsoft.Hosting.Lifetime]	[ListeningOnAddress]	Now listening on: https://localhost:7206
2023-09-12T12:18:51.2671621+03:00	INFO	[Microsoft.Hosting.Lifetime]	[ListeningOnAddress]	Now listening on: http://localhost:5290
2023-09-12T12:18:51.2698635+03:00	INFO	[Microsoft.Hosting.Lifetime]	[0]	Application started. Press Ctrl+C to shut down.
2023-09-12T12:18:51.2717716+03:00	INFO	[Microsoft.Hosting.Lifetime]	[0]	Hosting environment: Development
2023-09-12T12:18:51.2730792+03:00	INFO	[Microsoft.Hosting.Lifetime]	[0]	Content root path: F:\Work\My Projects\.Net\E-Document\EDocument_API\EDocument_API
2023-09-12T12:18:58.9296347+03:00	FAIL	[Microsoft.AspNetCore.Diagnostics.DeveloperExceptionPageMiddleware]	[UnhandledException]	An unhandled exception has occurred while executing the request.System.InvalidOperationException: Unable to resolve service for type 'EDocument_Services.Mail_Service.IMailService' while attempting to activate 'EDocument_API.Controllers.ValuesController'.
   at Microsoft.Extensions.DependencyInjection.ActivatorUtilities.GetService(IServiceProvider sp, Type type, Type requiredBy, Boolean isDefaultParameterRequired)
   at lambda_method4(Closure, IServiceProvider, Object[])
   at Microsoft.AspNetCore.Mvc.Controllers.ControllerFactoryProvider.<>c__DisplayClass6_0.<CreateControllerFactory>g__CreateController|0(ControllerContext controllerContext)
   at Microsoft.AspNetCore.Mvc.Infrastructure.ControllerActionInvoker.Next(State& next, Scope& scope, Object& state, Boolean& isCompleted)
   at Microsoft.AspNetCore.Mvc.Infrastructure.ControllerActionInvoker.InvokeInnerFilterAsync()
--- End of stack trace from previous location ---
   at Microsoft.AspNetCore.Mvc.Infrastructure.ResourceInvoker.<InvokeFilterPipelineAsync>g__Awaited|20_0(ResourceInvoker invoker, Task lastTask, State next, Scope scope, Object state, Boolean isCompleted)
   at Microsoft.AspNetCore.Mvc.Infrastructure.ResourceInvoker.<InvokeAsync>g__Awaited|17_0(ResourceInvoker invoker, Task task, IDisposable scope)
   at Microsoft.AspNetCore.Mvc.Infrastructure.ResourceInvoker.<InvokeAsync>g__Awaited|17_0(ResourceInvoker invoker, Task task, IDisposable scope)
   at Microsoft.AspNetCore.Routing.EndpointMiddleware.<Invoke>g__AwaitRequestTask|6_0(Endpoint endpoint, Task requestTask, ILogger logger)
   at Microsoft.AspNetCore.Authorization.AuthorizationMiddleware.Invoke(HttpContext context)
   at Microsoft.AspNetCore.Authentication.AuthenticationMiddleware.Invoke(HttpContext context)
   at Swashbuckle.AspNetCore.SwaggerUI.SwaggerUIMiddleware.Invoke(HttpContext httpContext)
   at Swashbuckle.AspNetCore.Swagger.SwaggerMiddleware.Invoke(HttpContext httpContext, ISwaggerProvider swaggerProvider)
   at Microsoft.AspNetCore.Diagnostics.DeveloperExceptionPageMiddlewareImpl.Invoke(HttpContext context)

2023-09-12T12:19:09.8138900+03:00	FAIL	[Microsoft.AspNetCore.Diagnostics.DeveloperExceptionPageMiddleware]	[UnhandledException]	An unhandled exception has occurred while executing the request.System.InvalidOperationException: Unable to resolve service for type 'EDocument_Services.Mail_Service.IMailService' while attempting to activate 'EDocument_API.Controllers.ValuesController'.
   at Microsoft.Extensions.DependencyInjection.ActivatorUtilities.GetService(IServiceProvider sp, Type type, Type requiredBy, Boolean isDefaultParameterRequired)
   at lambda_method4(Closure, IServiceProvider, Object[])
   at Microsoft.AspNetCore.Mvc.Controllers.ControllerFactoryProvider.<>c__DisplayClass6_0.<CreateControllerFactory>g__CreateController|0(ControllerContext controllerContext)
   at Microsoft.AspNetCore.Mvc.Infrastructure.ControllerActionInvoker.Next(State& next, Scope& scope, Object& state, Boolean& isCompleted)
   at Microsoft.AspNetCore.Mvc.Infrastructure.ControllerActionInvoker.InvokeInnerFilterAsync()
--- End of stack trace from previous location ---
   at Microsoft.AspNetCore.Mvc.Infrastructure.ResourceInvoker.<InvokeFilterPipelineAsync>g__Awaited|20_0(ResourceInvoker invoker, Task lastTask, State next, Scope scope, Object state, Boolean isCompleted)
   at Microsoft.AspNetCore.Mvc.Infrastructure.ResourceInvoker.<InvokeAsync>g__Awaited|17_0(ResourceInvoker invoker, Task task, IDisposable scope)
   at Microsoft.AspNetCore.Mvc.Infrastructure.ResourceInvoker.<InvokeAsync>g__Awaited|17_0(ResourceInvoker invoker, Task task, IDisposable scope)
   at Microsoft.AspNetCore.Routing.EndpointMiddleware.<Invoke>g__AwaitRequestTask|6_0(Endpoint endpoint, Task requestTask, ILogger logger)
   at Microsoft.AspNetCore.Authorization.AuthorizationMiddleware.Invoke(HttpContext context)
   at Microsoft.AspNetCore.Authentication.AuthenticationMiddleware.Invoke(HttpContext context)
   at Swashbuckle.AspNetCore.SwaggerUI.SwaggerUIMiddleware.Invoke(HttpContext httpContext)
   at Swashbuckle.AspNetCore.Swagger.SwaggerMiddleware.Invoke(HttpContext httpContext, ISwaggerProvider swaggerProvider)
   at Microsoft.AspNetCore.Diagnostics.DeveloperExceptionPageMiddlewareImpl.Invoke(HttpContext context)

2023-09-12T12:19:11.1915918+03:00	FAIL	[Microsoft.AspNetCore.Diagnostics.DeveloperExceptionPageMiddleware]	[UnhandledException]	An unhandled exception has occurred while executing the request.System.InvalidOperationException: Unable to resolve service for type 'EDocument_Services.Mail_Service.IMailService' while attempting to activate 'EDocument_API.Controllers.ValuesController'.
   at Microsoft.Extensions.DependencyInjection.ActivatorUtilities.GetService(IServiceProvider sp, Type type, Type requiredBy, Boolean isDefaultParameterRequired)
   at lambda_method4(Closure, IServiceProvider, Object[])
   at Microsoft.AspNetCore.Mvc.Controllers.ControllerFactoryProvider.<>c__DisplayClass6_0.<CreateControllerFactory>g__CreateController|0(ControllerContext controllerContext)
   at Microsoft.AspNetCore.Mvc.Infrastructure.ControllerActionInvoker.Next(State& next, Scope& scope, Object& state, Boolean& isCompleted)
   at Microsoft.AspNetCore.Mvc.Infrastructure.ControllerActionInvoker.InvokeInnerFilterAsync()
--- End of stack trace from previous location ---
   at Microsoft.AspNetCore.Mvc.Infrastructure.ResourceInvoker.<InvokeFilterPipelineAsync>g__Awaited|20_0(ResourceInvoker invoker, Task lastTask, State next, Scope scope, Object state, Boolean isCompleted)
   at Microsoft.AspNetCore.Mvc.Infrastructure.ResourceInvoker.<InvokeAsync>g__Awaited|17_0(ResourceInvoker invoker, Task task, IDisposable scope)
   at Microsoft.AspNetCore.Mvc.Infrastructure.ResourceInvoker.<InvokeAsync>g__Awaited|17_0(ResourceInvoker invoker, Task task, IDisposable scope)
   at Microsoft.AspNetCore.Routing.EndpointMiddleware.<Invoke>g__AwaitRequestTask|6_0(Endpoint endpoint, Task requestTask, ILogger logger)
   at Microsoft.AspNetCore.Authorization.AuthorizationMiddleware.Invoke(HttpContext context)
   at Microsoft.AspNetCore.Authentication.AuthenticationMiddleware.Invoke(HttpContext context)
   at Swashbuckle.AspNetCore.SwaggerUI.SwaggerUIMiddleware.Invoke(HttpContext httpContext)
   at Swashbuckle.AspNetCore.Swagger.SwaggerMiddleware.Invoke(HttpContext httpContext, ISwaggerProvider swaggerProvider)
   at Microsoft.AspNetCore.Diagnostics.DeveloperExceptionPageMiddlewareImpl.Invoke(HttpContext context)

2023-09-12T12:19:11.6608912+03:00	FAIL	[Microsoft.AspNetCore.Diagnostics.DeveloperExceptionPageMiddleware]	[UnhandledException]	An unhandled exception has occurred while executing the request.System.InvalidOperationException: Unable to resolve service for type 'EDocument_Services.Mail_Service.IMailService' while attempting to activate 'EDocument_API.Controllers.ValuesController'.
   at Microsoft.Extensions.DependencyInjection.ActivatorUtilities.GetService(IServiceProvider sp, Type type, Type requiredBy, Boolean isDefaultParameterRequired)
   at lambda_method4(Closure, IServiceProvider, Object[])
   at Microsoft.AspNetCore.Mvc.Controllers.ControllerFactoryProvider.<>c__DisplayClass6_0.<CreateControllerFactory>g__CreateController|0(ControllerContext controllerContext)
   at Microsoft.AspNetCore.Mvc.Infrastructure.ControllerActionInvoker.Next(State& next, Scope& scope, Object& state, Boolean& isCompleted)
   at Microsoft.AspNetCore.Mvc.Infrastructure.ControllerActionInvoker.InvokeInnerFilterAsync()
--- End of stack trace from previous location ---
   at Microsoft.AspNetCore.Mvc.Infrastructure.ResourceInvoker.<InvokeFilterPipelineAsync>g__Awaited|20_0(ResourceInvoker invoker, Task lastTask, State next, Scope scope, Object state, Boolean isCompleted)
   at Microsoft.AspNetCore.Mvc.Infrastructure.ResourceInvoker.<InvokeAsync>g__Awaited|17_0(ResourceInvoker invoker, Task task, IDisposable scope)
   at Microsoft.AspNetCore.Mvc.Infrastructure.ResourceInvoker.<InvokeAsync>g__Awaited|17_0(ResourceInvoker invoker, Task task, IDisposable scope)
   at Microsoft.AspNetCore.Routing.EndpointMiddleware.<Invoke>g__AwaitRequestTask|6_0(Endpoint endpoint, Task requestTask, ILogger logger)
   at Microsoft.AspNetCore.Authorization.AuthorizationMiddleware.Invoke(HttpContext context)
   at Microsoft.AspNetCore.Authentication.AuthenticationMiddleware.Invoke(HttpContext context)
   at Swashbuckle.AspNetCore.SwaggerUI.SwaggerUIMiddleware.Invoke(HttpContext httpContext)
   at Swashbuckle.AspNetCore.Swagger.SwaggerMiddleware.Invoke(HttpContext httpContext, ISwaggerProvider swaggerProvider)
   at Microsoft.AspNetCore.Diagnostics.DeveloperExceptionPageMiddlewareImpl.Invoke(HttpContext context)

2023-09-12T12:19:11.8836654+03:00	FAIL	[Microsoft.AspNetCore.Diagnostics.DeveloperExceptionPageMiddleware]	[UnhandledException]	An unhandled exception has occurred while executing the request.System.InvalidOperationException: Unable to resolve service for type 'EDocument_Services.Mail_Service.IMailService' while attempting to activate 'EDocument_API.Controllers.ValuesController'.
   at Microsoft.Extensions.DependencyInjection.ActivatorUtilities.GetService(IServiceProvider sp, Type type, Type requiredBy, Boolean isDefaultParameterRequired)
   at lambda_method4(Closure, IServiceProvider, Object[])
   at Microsoft.AspNetCore.Mvc.Controllers.ControllerFactoryProvider.<>c__DisplayClass6_0.<CreateControllerFactory>g__CreateController|0(ControllerContext controllerContext)
   at Microsoft.AspNetCore.Mvc.Infrastructure.ControllerActionInvoker.Next(State& next, Scope& scope, Object& state, Boolean& isCompleted)
   at Microsoft.AspNetCore.Mvc.Infrastructure.ControllerActionInvoker.InvokeInnerFilterAsync()
--- End of stack trace from previous location ---
   at Microsoft.AspNetCore.Mvc.Infrastructure.ResourceInvoker.<InvokeFilterPipelineAsync>g__Awaited|20_0(ResourceInvoker invoker, Task lastTask, State next, Scope scope, Object state, Boolean isCompleted)
   at Microsoft.AspNetCore.Mvc.Infrastructure.ResourceInvoker.<InvokeAsync>g__Awaited|17_0(ResourceInvoker invoker, Task task, IDisposable scope)
   at Microsoft.AspNetCore.Mvc.Infrastructure.ResourceInvoker.<InvokeAsync>g__Awaited|17_0(ResourceInvoker invoker, Task task, IDisposable scope)
   at Microsoft.AspNetCore.Routing.EndpointMiddleware.<Invoke>g__AwaitRequestTask|6_0(Endpoint endpoint, Task requestTask, ILogger logger)
   at Microsoft.AspNetCore.Authorization.AuthorizationMiddleware.Invoke(HttpContext context)
   at Microsoft.AspNetCore.Authentication.AuthenticationMiddleware.Invoke(HttpContext context)
   at Swashbuckle.AspNetCore.SwaggerUI.SwaggerUIMiddleware.Invoke(HttpContext httpContext)
   at Swashbuckle.AspNetCore.Swagger.SwaggerMiddleware.Invoke(HttpContext httpContext, ISwaggerProvider swaggerProvider)
   at Microsoft.AspNetCore.Diagnostics.DeveloperExceptionPageMiddlewareImpl.Invoke(HttpContext context)

2023-09-12T12:19:12.0840230+03:00	FAIL	[Microsoft.AspNetCore.Diagnostics.DeveloperExceptionPageMiddleware]	[UnhandledException]	An unhandled exception has occurred while executing the request.System.InvalidOperationException: Unable to resolve service for type 'EDocument_Services.Mail_Service.IMailService' while attempting to activate 'EDocument_API.Controllers.ValuesController'.
   at Microsoft.Extensions.DependencyInjection.ActivatorUtilities.GetService(IServiceProvider sp, Type type, Type requiredBy, Boolean isDefaultParameterRequired)
   at lambda_method4(Closure, IServiceProvider, Object[])
   at Microsoft.AspNetCore.Mvc.Controllers.ControllerFactoryProvider.<>c__DisplayClass6_0.<CreateControllerFactory>g__CreateController|0(ControllerContext controllerContext)
   at Microsoft.AspNetCore.Mvc.Infrastructure.ControllerActionInvoker.Next(State& next, Scope& scope, Object& state, Boolean& isCompleted)
   at Microsoft.AspNetCore.Mvc.Infrastructure.ControllerActionInvoker.InvokeInnerFilterAsync()
--- End of stack trace from previous location ---
   at Microsoft.AspNetCore.Mvc.Infrastructure.ResourceInvoker.<InvokeFilterPipelineAsync>g__Awaited|20_0(ResourceInvoker invoker, Task lastTask, State next, Scope scope, Object state, Boolean isCompleted)
   at Microsoft.AspNetCore.Mvc.Infrastructure.ResourceInvoker.<InvokeAsync>g__Awaited|17_0(ResourceInvoker invoker, Task task, IDisposable scope)
   at Microsoft.AspNetCore.Mvc.Infrastructure.ResourceInvoker.<InvokeAsync>g__Awaited|17_0(ResourceInvoker invoker, Task task, IDisposable scope)
   at Microsoft.AspNetCore.Routing.EndpointMiddleware.<Invoke>g__AwaitRequestTask|6_0(Endpoint endpoint, Task requestTask, ILogger logger)
   at Microsoft.AspNetCore.Authorization.AuthorizationMiddleware.Invoke(HttpContext context)
   at Microsoft.AspNetCore.Authentication.AuthenticationMiddleware.Invoke(HttpContext context)
   at Swashbuckle.AspNetCore.SwaggerUI.SwaggerUIMiddleware.Invoke(HttpContext httpContext)
   at Swashbuckle.AspNetCore.Swagger.SwaggerMiddleware.Invoke(HttpContext httpContext, ISwaggerProvider swaggerProvider)
   at Microsoft.AspNetCore.Diagnostics.DeveloperExceptionPageMiddlewareImpl.Invoke(HttpContext context)

2023-09-12T12:20:14.2983804+03:00	INFO	[Microsoft.Hosting.Lifetime]	[ListeningOnAddress]	Now listening on: https://localhost:7206
2023-09-12T12:20:14.3013189+03:00	INFO	[Microsoft.Hosting.Lifetime]	[ListeningOnAddress]	Now listening on: http://localhost:5290
2023-09-12T12:20:14.3259382+03:00	INFO	[Microsoft.Hosting.Lifetime]	[0]	Application started. Press Ctrl+C to shut down.
2023-09-12T12:20:14.3301807+03:00	INFO	[Microsoft.Hosting.Lifetime]	[0]	Hosting environment: Development
2023-09-12T12:20:14.3327302+03:00	INFO	[Microsoft.Hosting.Lifetime]	[0]	Content root path: F:\Work\My Projects\.Net\E-Document\EDocument_API\EDocument_API
2023-09-12T12:20:26.2824532+03:00	FAIL	[Microsoft.AspNetCore.Diagnostics.DeveloperExceptionPageMiddleware]	[UnhandledException]	An unhandled exception has occurred while executing the request.System.InvalidOperationException: Unable to resolve service for type 'EDocument_Services.Mail_Service.IMailService' while attempting to activate 'EDocument_API.Controllers.ValuesController'.
   at Microsoft.Extensions.DependencyInjection.ActivatorUtilities.GetService(IServiceProvider sp, Type type, Type requiredBy, Boolean isDefaultParameterRequired)
   at lambda_method4(Closure, IServiceProvider, Object[])
   at Microsoft.AspNetCore.Mvc.Controllers.ControllerFactoryProvider.<>c__DisplayClass6_0.<CreateControllerFactory>g__CreateController|0(ControllerContext controllerContext)
   at Microsoft.AspNetCore.Mvc.Infrastructure.ControllerActionInvoker.Next(State& next, Scope& scope, Object& state, Boolean& isCompleted)
   at Microsoft.AspNetCore.Mvc.Infrastructure.ControllerActionInvoker.InvokeInnerFilterAsync()
--- End of stack trace from previous location ---
   at Microsoft.AspNetCore.Mvc.Infrastructure.ResourceInvoker.<InvokeFilterPipelineAsync>g__Awaited|20_0(ResourceInvoker invoker, Task lastTask, State next, Scope scope, Object state, Boolean isCompleted)
   at Microsoft.AspNetCore.Mvc.Infrastructure.ResourceInvoker.<InvokeAsync>g__Awaited|17_0(ResourceInvoker invoker, Task task, IDisposable scope)
   at Microsoft.AspNetCore.Mvc.Infrastructure.ResourceInvoker.<InvokeAsync>g__Awaited|17_0(ResourceInvoker invoker, Task task, IDisposable scope)
   at Microsoft.AspNetCore.Routing.EndpointMiddleware.<Invoke>g__AwaitRequestTask|6_0(Endpoint endpoint, Task requestTask, ILogger logger)
   at Microsoft.AspNetCore.Authorization.AuthorizationMiddleware.Invoke(HttpContext context)
   at Microsoft.AspNetCore.Authentication.AuthenticationMiddleware.Invoke(HttpContext context)
   at Swashbuckle.AspNetCore.SwaggerUI.SwaggerUIMiddleware.Invoke(HttpContext httpContext)
   at Swashbuckle.AspNetCore.Swagger.SwaggerMiddleware.Invoke(HttpContext httpContext, ISwaggerProvider swaggerProvider)
   at Microsoft.AspNetCore.Diagnostics.DeveloperExceptionPageMiddlewareImpl.Invoke(HttpContext context)

2023-09-12T12:23:08.2670050+03:00	FAIL	[Microsoft.AspNetCore.Diagnostics.DeveloperExceptionPageMiddleware]	[UnhandledException]	An unhandled exception has occurred while executing the request.System.InvalidOperationException: Unable to resolve service for type 'EDocument_Services.Mail_Service.IMailService' while attempting to activate 'EDocument_API.Controllers.ValuesController'.
   at Microsoft.Extensions.DependencyInjection.ActivatorUtilities.GetService(IServiceProvider sp, Type type, Type requiredBy, Boolean isDefaultParameterRequired)
   at lambda_method6(Closure, IServiceProvider, Object[])
   at Microsoft.AspNetCore.Mvc.Controllers.ControllerFactoryProvider.<>c__DisplayClass6_0.<CreateControllerFactory>g__CreateController|0(ControllerContext controllerContext)
   at Microsoft.AspNetCore.Mvc.Infrastructure.ControllerActionInvoker.Next(State& next, Scope& scope, Object& state, Boolean& isCompleted)
   at Microsoft.AspNetCore.Mvc.Infrastructure.ControllerActionInvoker.InvokeInnerFilterAsync()
--- End of stack trace from previous location ---
   at Microsoft.AspNetCore.Mvc.Infrastructure.ResourceInvoker.<InvokeFilterPipelineAsync>g__Awaited|20_0(ResourceInvoker invoker, Task lastTask, State next, Scope scope, Object state, Boolean isCompleted)
   at Microsoft.AspNetCore.Mvc.Infrastructure.ResourceInvoker.<InvokeAsync>g__Awaited|17_0(ResourceInvoker invoker, Task task, IDisposable scope)
   at Microsoft.AspNetCore.Mvc.Infrastructure.ResourceInvoker.<InvokeAsync>g__Awaited|17_0(ResourceInvoker invoker, Task task, IDisposable scope)
   at Microsoft.AspNetCore.Routing.EndpointMiddleware.<Invoke>g__AwaitRequestTask|6_0(Endpoint endpoint, Task requestTask, ILogger logger)
   at Microsoft.AspNetCore.Authorization.AuthorizationMiddleware.Invoke(HttpContext context)
   at Microsoft.AspNetCore.Authentication.AuthenticationMiddleware.Invoke(HttpContext context)
   at Swashbuckle.AspNetCore.SwaggerUI.SwaggerUIMiddleware.Invoke(HttpContext httpContext)
   at Swashbuckle.AspNetCore.Swagger.SwaggerMiddleware.Invoke(HttpContext httpContext, ISwaggerProvider swaggerProvider)
   at Microsoft.AspNetCore.Diagnostics.DeveloperExceptionPageMiddlewareImpl.Invoke(HttpContext context)

2023-09-12T12:23:20.4068584+03:00	INFO	[Microsoft.Hosting.Lifetime]	[ListeningOnAddress]	Now listening on: https://localhost:7206
2023-09-12T12:23:20.4089006+03:00	INFO	[Microsoft.Hosting.Lifetime]	[ListeningOnAddress]	Now listening on: http://localhost:5290
2023-09-12T12:23:20.4132948+03:00	INFO	[Microsoft.Hosting.Lifetime]	[0]	Application started. Press Ctrl+C to shut down.
2023-09-12T12:23:20.4147341+03:00	INFO	[Microsoft.Hosting.Lifetime]	[0]	Hosting environment: Development
2023-09-12T12:23:20.4164015+03:00	INFO	[Microsoft.Hosting.Lifetime]	[0]	Content root path: F:\Work\My Projects\.Net\E-Document\EDocument_API\EDocument_API
