2023-09-18T05:53:23.2305882+03:00	INFO	[Microsoft.Hosting.Lifetime]	[ListeningOnAddress]	Now listening on: http://localhost:5290
2023-09-18T05:53:23.2404635+03:00	INFO	[Microsoft.Hosting.Lifetime]	[0]	Application started. Press Ctrl+C to shut down.
2023-09-18T05:53:23.2567043+03:00	INFO	[Microsoft.Hosting.Lifetime]	[0]	Hosting environment: Development
2023-09-18T05:53:23.3024675+03:00	INFO	[Microsoft.Hosting.Lifetime]	[0]	Content root path: F:\Work\My Projects\.Net\E-Document\EDocument_API\EDocument_API
2023-09-18T05:53:42.1277670+03:00	WARN	[Microsoft.AspNetCore.HttpsPolicy.HttpsRedirectionMiddleware]	[FailedToDeterminePort]	Failed to determine the https port for redirect.
2023-09-18T05:53:42.6610333+03:00	INFO	[EDocument_API.Controllers.V1.UserController]	[0]	Start GetFilterdDynamically from UserController
2023-09-18T05:54:31.8332654+03:00	INFO	[Microsoft.Hosting.Lifetime]	[ListeningOnAddress]	Now listening on: http://localhost:5290
2023-09-18T05:54:31.8375049+03:00	INFO	[Microsoft.Hosting.Lifetime]	[0]	Application started. Press Ctrl+C to shut down.
2023-09-18T05:54:31.8387961+03:00	INFO	[Microsoft.Hosting.Lifetime]	[0]	Hosting environment: Development
2023-09-18T05:54:31.8401683+03:00	INFO	[Microsoft.Hosting.Lifetime]	[0]	Content root path: F:\Work\My Projects\.Net\E-Document\EDocument_API\EDocument_API
2023-09-18T05:54:56.6516361+03:00	WARN	[Microsoft.AspNetCore.HttpsPolicy.HttpsRedirectionMiddleware]	[FailedToDeterminePort]	Failed to determine the https port for redirect.
2023-09-18T05:54:56.9125034+03:00	INFO	[EDocument_API.Controllers.V1.UserController]	[0]	Start GetFilterdDynamically from UserController
2023-09-18T05:56:10.2461756+03:00	INFO	[Microsoft.EntityFrameworkCore.Database.Command]	[Microsoft.EntityFrameworkCore.Database.Command.CommandExecuted]	Executed DbCommand (53ms) [Parameters=[], CommandType='Text', CommandTimeout='30']
SELECT [u].[Id], [u].[AccessFailedCount], [u].[Company], [u].[ConcurrencyStamp], [u].[CreatedAt], [u].[CreatedBy], [u].[DepartmentId], [u].[Email], [u].[EmailConfirmed], [u].[FullName], [u].[IsActive], [u].[IsEmployee], [u].[LastLogin], [u].[LockoutEnabled], [u].[LockoutEnd], [u].[ManagerId], [u].[ModifiedAt], [u].[ModifiedBy], [u].[NormalizedEmail], [u].[NormalizedUserName], [u].[PasswordHash], [u].[PhoneNumber], [u].[PhoneNumberConfirmed], [u].[Position], [u].[SectionId], [u].[SecurityStamp], [u].[TwoFactorEnabled], [u].[UserName], [d].[Id], [d].[CreatedAt], [d].[CreatedBy], [d].[DepartmentIcon], [d].[DepartmentName], [d].[ManagerId], [d].[ModifiedAt], [d].[ModifiedBy], [s].[Id], [s].[CreatedAt], [s].[CreatedBy], [s].[DepartmentId], [s].[HeadId], [s].[ModifiedAt], [s].[ModifiedBy], [s].[SectionName]
FROM [security].[User] AS [u]
LEFT JOIN [Department] AS [d] ON [u].[DepartmentId] = [d].[Id]
LEFT JOIN [Section] AS [s] ON [u].[SectionId] = [s].[Id]
WHERE ([u].[UserName] LIKE N'%string%') OR ([u].[NormalizedUserName] LIKE N'%string%') OR ([u].[FullName] LIKE N'%string%') OR ([u].[Position] LIKE N'%string%') OR ([u].[ManagerId] LIKE N'%string%') OR ([u].[Company] LIKE N'%string%') OR ([u].[CreatedBy] LIKE N'%string%') OR ([u].[ModifiedBy] LIKE N'%string%') OR ([u].[Id] LIKE N'%string%') OR ([u].[Email] LIKE N'%string%') OR ([u].[NormalizedEmail] LIKE N'%string%') OR ([u].[PasswordHash] LIKE N'%string%') OR ([u].[SecurityStamp] LIKE N'%string%') OR ([u].[ConcurrencyStamp] LIKE N'%string%') OR ([u].[PhoneNumber] LIKE N'%string%')
2023-09-18T05:56:10.3040618+03:00	INFO	[Microsoft.EntityFrameworkCore.Database.Command]	[Microsoft.EntityFrameworkCore.Database.Command.CommandExecuted]	Executed DbCommand (3ms) [Parameters=[], CommandType='Text', CommandTimeout='30']
SELECT COUNT(*)
FROM [security].[User] AS [u]
2023-09-18T05:56:10.3237490+03:00	INFO	[Microsoft.EntityFrameworkCore.Database.Command]	[Microsoft.EntityFrameworkCore.Database.Command.CommandExecuted]	Executed DbCommand (1ms) [Parameters=[], CommandType='Text', CommandTimeout='30']
SELECT [r].[Id], [r].[ConcurrencyStamp], [r].[Name], [r].[NormalizedName]
FROM [security].[Role] AS [r]
2023-09-18T05:56:10.3726507+03:00	INFO	[Microsoft.EntityFrameworkCore.Database.Command]	[Microsoft.EntityFrameworkCore.Database.Command.CommandExecuted]	Executed DbCommand (10ms) [Parameters=[@__normalizedRoleName_0='?' (Size = 256)], CommandType='Text', CommandTimeout='30']
SELECT TOP(2) [r].[Id], [r].[ConcurrencyStamp], [r].[Name], [r].[NormalizedName]
FROM [security].[Role] AS [r]
WHERE [r].[NormalizedName] = @__normalizedRoleName_0
2023-09-18T05:56:10.3929133+03:00	INFO	[Microsoft.EntityFrameworkCore.Database.Command]	[Microsoft.EntityFrameworkCore.Database.Command.CommandExecuted]	Executed DbCommand (3ms) [Parameters=[@__p_0='?' (Size = 50), @__p_1='?' (Size = 450)], CommandType='Text', CommandTimeout='30']
SELECT TOP(1) [u].[UserId], [u].[RoleId]
FROM [security].[UserRoles] AS [u]
WHERE [u].[UserId] = @__p_0 AND [u].[RoleId] = @__p_1
2023-09-18T05:56:10.4022521+03:00	INFO	[Microsoft.EntityFrameworkCore.Database.Command]	[Microsoft.EntityFrameworkCore.Database.Command.CommandExecuted]	Executed DbCommand (1ms) [Parameters=[@__normalizedRoleName_0='?' (Size = 256)], CommandType='Text', CommandTimeout='30']
SELECT TOP(2) [r].[Id], [r].[ConcurrencyStamp], [r].[Name], [r].[NormalizedName]
FROM [security].[Role] AS [r]
WHERE [r].[NormalizedName] = @__normalizedRoleName_0
2023-09-18T05:56:10.4058094+03:00	INFO	[Microsoft.EntityFrameworkCore.Database.Command]	[Microsoft.EntityFrameworkCore.Database.Command.CommandExecuted]	Executed DbCommand (1ms) [Parameters=[@__p_0='?' (Size = 50), @__p_1='?' (Size = 450)], CommandType='Text', CommandTimeout='30']
SELECT TOP(1) [u].[UserId], [u].[RoleId]
FROM [security].[UserRoles] AS [u]
WHERE [u].[UserId] = @__p_0 AND [u].[RoleId] = @__p_1
2023-09-18T05:56:10.4081199+03:00	INFO	[Microsoft.EntityFrameworkCore.Database.Command]	[Microsoft.EntityFrameworkCore.Database.Command.CommandExecuted]	Executed DbCommand (0ms) [Parameters=[@__normalizedRoleName_0='?' (Size = 256)], CommandType='Text', CommandTimeout='30']
SELECT TOP(2) [r].[Id], [r].[ConcurrencyStamp], [r].[Name], [r].[NormalizedName]
FROM [security].[Role] AS [r]
WHERE [r].[NormalizedName] = @__normalizedRoleName_0
2023-09-18T05:56:10.4106988+03:00	INFO	[Microsoft.EntityFrameworkCore.Database.Command]	[Microsoft.EntityFrameworkCore.Database.Command.CommandExecuted]	Executed DbCommand (0ms) [Parameters=[@__p_0='?' (Size = 50), @__p_1='?' (Size = 450)], CommandType='Text', CommandTimeout='30']
SELECT TOP(1) [u].[UserId], [u].[RoleId]
FROM [security].[UserRoles] AS [u]
WHERE [u].[UserId] = @__p_0 AND [u].[RoleId] = @__p_1
2023-09-18T05:56:10.4126800+03:00	INFO	[Microsoft.EntityFrameworkCore.Database.Command]	[Microsoft.EntityFrameworkCore.Database.Command.CommandExecuted]	Executed DbCommand (0ms) [Parameters=[@__normalizedRoleName_0='?' (Size = 256)], CommandType='Text', CommandTimeout='30']
SELECT TOP(2) [r].[Id], [r].[ConcurrencyStamp], [r].[Name], [r].[NormalizedName]
FROM [security].[Role] AS [r]
WHERE [r].[NormalizedName] = @__normalizedRoleName_0
2023-09-18T05:56:10.4165536+03:00	INFO	[Microsoft.EntityFrameworkCore.Database.Command]	[Microsoft.EntityFrameworkCore.Database.Command.CommandExecuted]	Executed DbCommand (1ms) [Parameters=[@__p_0='?' (Size = 50), @__p_1='?' (Size = 450)], CommandType='Text', CommandTimeout='30']
SELECT TOP(1) [u].[UserId], [u].[RoleId]
FROM [security].[UserRoles] AS [u]
WHERE [u].[UserId] = @__p_0 AND [u].[RoleId] = @__p_1
2023-09-18T05:56:10.4186721+03:00	INFO	[Microsoft.EntityFrameworkCore.Database.Command]	[Microsoft.EntityFrameworkCore.Database.Command.CommandExecuted]	Executed DbCommand (0ms) [Parameters=[@__normalizedRoleName_0='?' (Size = 256)], CommandType='Text', CommandTimeout='30']
SELECT TOP(2) [r].[Id], [r].[ConcurrencyStamp], [r].[Name], [r].[NormalizedName]
FROM [security].[Role] AS [r]
WHERE [r].[NormalizedName] = @__normalizedRoleName_0
2023-09-18T05:56:10.4212612+03:00	INFO	[Microsoft.EntityFrameworkCore.Database.Command]	[Microsoft.EntityFrameworkCore.Database.Command.CommandExecuted]	Executed DbCommand (0ms) [Parameters=[@__p_0='?' (Size = 50), @__p_1='?' (Size = 450)], CommandType='Text', CommandTimeout='30']
SELECT TOP(1) [u].[UserId], [u].[RoleId]
FROM [security].[UserRoles] AS [u]
WHERE [u].[UserId] = @__p_0 AND [u].[RoleId] = @__p_1
2023-09-18T05:56:10.4233321+03:00	INFO	[Microsoft.EntityFrameworkCore.Database.Command]	[Microsoft.EntityFrameworkCore.Database.Command.CommandExecuted]	Executed DbCommand (0ms) [Parameters=[@__normalizedRoleName_0='?' (Size = 256)], CommandType='Text', CommandTimeout='30']
SELECT TOP(2) [r].[Id], [r].[ConcurrencyStamp], [r].[Name], [r].[NormalizedName]
FROM [security].[Role] AS [r]
WHERE [r].[NormalizedName] = @__normalizedRoleName_0
2023-09-18T05:56:10.4258994+03:00	INFO	[Microsoft.EntityFrameworkCore.Database.Command]	[Microsoft.EntityFrameworkCore.Database.Command.CommandExecuted]	Executed DbCommand (0ms) [Parameters=[@__p_0='?' (Size = 50), @__p_1='?' (Size = 450)], CommandType='Text', CommandTimeout='30']
SELECT TOP(1) [u].[UserId], [u].[RoleId]
FROM [security].[UserRoles] AS [u]
WHERE [u].[UserId] = @__p_0 AND [u].[RoleId] = @__p_1
2023-09-18T05:56:10.4278868+03:00	INFO	[Microsoft.EntityFrameworkCore.Database.Command]	[Microsoft.EntityFrameworkCore.Database.Command.CommandExecuted]	Executed DbCommand (0ms) [Parameters=[@__normalizedRoleName_0='?' (Size = 256)], CommandType='Text', CommandTimeout='30']
SELECT TOP(2) [r].[Id], [r].[ConcurrencyStamp], [r].[Name], [r].[NormalizedName]
FROM [security].[Role] AS [r]
WHERE [r].[NormalizedName] = @__normalizedRoleName_0
2023-09-18T05:56:10.4305483+03:00	INFO	[Microsoft.EntityFrameworkCore.Database.Command]	[Microsoft.EntityFrameworkCore.Database.Command.CommandExecuted]	Executed DbCommand (0ms) [Parameters=[@__p_0='?' (Size = 50), @__p_1='?' (Size = 450)], CommandType='Text', CommandTimeout='30']
SELECT TOP(1) [u].[UserId], [u].[RoleId]
FROM [security].[UserRoles] AS [u]
WHERE [u].[UserId] = @__p_0 AND [u].[RoleId] = @__p_1
2023-09-18T05:56:10.4337847+03:00	INFO	[Microsoft.EntityFrameworkCore.Database.Command]	[Microsoft.EntityFrameworkCore.Database.Command.CommandExecuted]	Executed DbCommand (1ms) [Parameters=[@__normalizedRoleName_0='?' (Size = 256)], CommandType='Text', CommandTimeout='30']
SELECT TOP(2) [r].[Id], [r].[ConcurrencyStamp], [r].[Name], [r].[NormalizedName]
FROM [security].[Role] AS [r]
WHERE [r].[NormalizedName] = @__normalizedRoleName_0
2023-09-18T05:56:10.4365429+03:00	INFO	[Microsoft.EntityFrameworkCore.Database.Command]	[Microsoft.EntityFrameworkCore.Database.Command.CommandExecuted]	Executed DbCommand (0ms) [Parameters=[@__p_0='?' (Size = 50), @__p_1='?' (Size = 450)], CommandType='Text', CommandTimeout='30']
SELECT TOP(1) [u].[UserId], [u].[RoleId]
FROM [security].[UserRoles] AS [u]
WHERE [u].[UserId] = @__p_0 AND [u].[RoleId] = @__p_1
2023-09-18T05:56:10.4386714+03:00	INFO	[Microsoft.EntityFrameworkCore.Database.Command]	[Microsoft.EntityFrameworkCore.Database.Command.CommandExecuted]	Executed DbCommand (0ms) [Parameters=[@__normalizedRoleName_0='?' (Size = 256)], CommandType='Text', CommandTimeout='30']
SELECT TOP(2) [r].[Id], [r].[ConcurrencyStamp], [r].[Name], [r].[NormalizedName]
FROM [security].[Role] AS [r]
WHERE [r].[NormalizedName] = @__normalizedRoleName_0
2023-09-18T05:56:10.4411168+03:00	INFO	[Microsoft.EntityFrameworkCore.Database.Command]	[Microsoft.EntityFrameworkCore.Database.Command.CommandExecuted]	Executed DbCommand (0ms) [Parameters=[@__p_0='?' (Size = 50), @__p_1='?' (Size = 450)], CommandType='Text', CommandTimeout='30']
SELECT TOP(1) [u].[UserId], [u].[RoleId]
FROM [security].[UserRoles] AS [u]
WHERE [u].[UserId] = @__p_0 AND [u].[RoleId] = @__p_1
2023-09-18T05:56:10.4432304+03:00	INFO	[Microsoft.EntityFrameworkCore.Database.Command]	[Microsoft.EntityFrameworkCore.Database.Command.CommandExecuted]	Executed DbCommand (0ms) [Parameters=[@__normalizedRoleName_0='?' (Size = 256)], CommandType='Text', CommandTimeout='30']
SELECT TOP(2) [r].[Id], [r].[ConcurrencyStamp], [r].[Name], [r].[NormalizedName]
FROM [security].[Role] AS [r]
WHERE [r].[NormalizedName] = @__normalizedRoleName_0
2023-09-18T05:56:10.4460327+03:00	INFO	[Microsoft.EntityFrameworkCore.Database.Command]	[Microsoft.EntityFrameworkCore.Database.Command.CommandExecuted]	Executed DbCommand (0ms) [Parameters=[@__p_0='?' (Size = 50), @__p_1='?' (Size = 450)], CommandType='Text', CommandTimeout='30']
SELECT TOP(1) [u].[UserId], [u].[RoleId]
FROM [security].[UserRoles] AS [u]
WHERE [u].[UserId] = @__p_0 AND [u].[RoleId] = @__p_1
2023-09-18T05:56:10.4495729+03:00	INFO	[Microsoft.EntityFrameworkCore.Database.Command]	[Microsoft.EntityFrameworkCore.Database.Command.CommandExecuted]	Executed DbCommand (1ms) [Parameters=[@__normalizedRoleName_0='?' (Size = 256)], CommandType='Text', CommandTimeout='30']
SELECT TOP(2) [r].[Id], [r].[ConcurrencyStamp], [r].[Name], [r].[NormalizedName]
FROM [security].[Role] AS [r]
WHERE [r].[NormalizedName] = @__normalizedRoleName_0
2023-09-18T05:56:10.4527028+03:00	INFO	[Microsoft.EntityFrameworkCore.Database.Command]	[Microsoft.EntityFrameworkCore.Database.Command.CommandExecuted]	Executed DbCommand (0ms) [Parameters=[@__p_0='?' (Size = 50), @__p_1='?' (Size = 450)], CommandType='Text', CommandTimeout='30']
SELECT TOP(1) [u].[UserId], [u].[RoleId]
FROM [security].[UserRoles] AS [u]
WHERE [u].[UserId] = @__p_0 AND [u].[RoleId] = @__p_1
2023-09-18T05:56:10.4548392+03:00	INFO	[Microsoft.EntityFrameworkCore.Database.Command]	[Microsoft.EntityFrameworkCore.Database.Command.CommandExecuted]	Executed DbCommand (0ms) [Parameters=[@__normalizedRoleName_0='?' (Size = 256)], CommandType='Text', CommandTimeout='30']
SELECT TOP(2) [r].[Id], [r].[ConcurrencyStamp], [r].[Name], [r].[NormalizedName]
FROM [security].[Role] AS [r]
WHERE [r].[NormalizedName] = @__normalizedRoleName_0
2023-09-18T05:56:10.4573229+03:00	INFO	[Microsoft.EntityFrameworkCore.Database.Command]	[Microsoft.EntityFrameworkCore.Database.Command.CommandExecuted]	Executed DbCommand (0ms) [Parameters=[@__p_0='?' (Size = 50), @__p_1='?' (Size = 450)], CommandType='Text', CommandTimeout='30']
SELECT TOP(1) [u].[UserId], [u].[RoleId]
FROM [security].[UserRoles] AS [u]
WHERE [u].[UserId] = @__p_0 AND [u].[RoleId] = @__p_1
2023-09-18T05:56:10.4592454+03:00	INFO	[Microsoft.EntityFrameworkCore.Database.Command]	[Microsoft.EntityFrameworkCore.Database.Command.CommandExecuted]	Executed DbCommand (0ms) [Parameters=[@__normalizedRoleName_0='?' (Size = 256)], CommandType='Text', CommandTimeout='30']
SELECT TOP(2) [r].[Id], [r].[ConcurrencyStamp], [r].[Name], [r].[NormalizedName]
FROM [security].[Role] AS [r]
WHERE [r].[NormalizedName] = @__normalizedRoleName_0
2023-09-18T05:56:10.4615911+03:00	INFO	[Microsoft.EntityFrameworkCore.Database.Command]	[Microsoft.EntityFrameworkCore.Database.Command.CommandExecuted]	Executed DbCommand (0ms) [Parameters=[@__p_0='?' (Size = 50), @__p_1='?' (Size = 450)], CommandType='Text', CommandTimeout='30']
SELECT TOP(1) [u].[UserId], [u].[RoleId]
FROM [security].[UserRoles] AS [u]
WHERE [u].[UserId] = @__p_0 AND [u].[RoleId] = @__p_1
2023-09-18T05:56:10.4642102+03:00	INFO	[Microsoft.EntityFrameworkCore.Database.Command]	[Microsoft.EntityFrameworkCore.Database.Command.CommandExecuted]	Executed DbCommand (0ms) [Parameters=[@__normalizedRoleName_0='?' (Size = 256)], CommandType='Text', CommandTimeout='30']
SELECT TOP(2) [r].[Id], [r].[ConcurrencyStamp], [r].[Name], [r].[NormalizedName]
FROM [security].[Role] AS [r]
WHERE [r].[NormalizedName] = @__normalizedRoleName_0
2023-09-18T05:56:10.4682344+03:00	INFO	[Microsoft.EntityFrameworkCore.Database.Command]	[Microsoft.EntityFrameworkCore.Database.Command.CommandExecuted]	Executed DbCommand (0ms) [Parameters=[@__p_0='?' (Size = 50), @__p_1='?' (Size = 450)], CommandType='Text', CommandTimeout='30']
SELECT TOP(1) [u].[UserId], [u].[RoleId]
FROM [security].[UserRoles] AS [u]
WHERE [u].[UserId] = @__p_0 AND [u].[RoleId] = @__p_1
2023-09-18T05:56:10.4704857+03:00	INFO	[Microsoft.EntityFrameworkCore.Database.Command]	[Microsoft.EntityFrameworkCore.Database.Command.CommandExecuted]	Executed DbCommand (0ms) [Parameters=[@__normalizedRoleName_0='?' (Size = 256)], CommandType='Text', CommandTimeout='30']
SELECT TOP(2) [r].[Id], [r].[ConcurrencyStamp], [r].[Name], [r].[NormalizedName]
FROM [security].[Role] AS [r]
WHERE [r].[NormalizedName] = @__normalizedRoleName_0
2023-09-18T05:56:10.4734092+03:00	INFO	[Microsoft.EntityFrameworkCore.Database.Command]	[Microsoft.EntityFrameworkCore.Database.Command.CommandExecuted]	Executed DbCommand (0ms) [Parameters=[@__p_0='?' (Size = 50), @__p_1='?' (Size = 450)], CommandType='Text', CommandTimeout='30']
SELECT TOP(1) [u].[UserId], [u].[RoleId]
FROM [security].[UserRoles] AS [u]
WHERE [u].[UserId] = @__p_0 AND [u].[RoleId] = @__p_1
2023-09-18T05:56:10.4753942+03:00	INFO	[Microsoft.EntityFrameworkCore.Database.Command]	[Microsoft.EntityFrameworkCore.Database.Command.CommandExecuted]	Executed DbCommand (0ms) [Parameters=[@__normalizedRoleName_0='?' (Size = 256)], CommandType='Text', CommandTimeout='30']
SELECT TOP(2) [r].[Id], [r].[ConcurrencyStamp], [r].[Name], [r].[NormalizedName]
FROM [security].[Role] AS [r]
WHERE [r].[NormalizedName] = @__normalizedRoleName_0
2023-09-18T05:56:10.4778371+03:00	INFO	[Microsoft.EntityFrameworkCore.Database.Command]	[Microsoft.EntityFrameworkCore.Database.Command.CommandExecuted]	Executed DbCommand (0ms) [Parameters=[@__p_0='?' (Size = 50), @__p_1='?' (Size = 450)], CommandType='Text', CommandTimeout='30']
SELECT TOP(1) [u].[UserId], [u].[RoleId]
FROM [security].[UserRoles] AS [u]
WHERE [u].[UserId] = @__p_0 AND [u].[RoleId] = @__p_1
2023-09-18T05:56:10.4796235+03:00	INFO	[Microsoft.EntityFrameworkCore.Database.Command]	[Microsoft.EntityFrameworkCore.Database.Command.CommandExecuted]	Executed DbCommand (0ms) [Parameters=[@__normalizedRoleName_0='?' (Size = 256)], CommandType='Text', CommandTimeout='30']
SELECT TOP(2) [r].[Id], [r].[ConcurrencyStamp], [r].[Name], [r].[NormalizedName]
FROM [security].[Role] AS [r]
WHERE [r].[NormalizedName] = @__normalizedRoleName_0
2023-09-18T05:56:10.4833960+03:00	INFO	[Microsoft.EntityFrameworkCore.Database.Command]	[Microsoft.EntityFrameworkCore.Database.Command.CommandExecuted]	Executed DbCommand (0ms) [Parameters=[@__p_0='?' (Size = 50), @__p_1='?' (Size = 450)], CommandType='Text', CommandTimeout='30']
SELECT TOP(1) [u].[UserId], [u].[RoleId]
FROM [security].[UserRoles] AS [u]
WHERE [u].[UserId] = @__p_0 AND [u].[RoleId] = @__p_1
2023-09-18T05:56:10.4853264+03:00	INFO	[Microsoft.EntityFrameworkCore.Database.Command]	[Microsoft.EntityFrameworkCore.Database.Command.CommandExecuted]	Executed DbCommand (0ms) [Parameters=[@__normalizedRoleName_0='?' (Size = 256)], CommandType='Text', CommandTimeout='30']
SELECT TOP(2) [r].[Id], [r].[ConcurrencyStamp], [r].[Name], [r].[NormalizedName]
FROM [security].[Role] AS [r]
WHERE [r].[NormalizedName] = @__normalizedRoleName_0
2023-09-18T05:56:10.4891680+03:00	INFO	[Microsoft.EntityFrameworkCore.Database.Command]	[Microsoft.EntityFrameworkCore.Database.Command.CommandExecuted]	Executed DbCommand (1ms) [Parameters=[@__p_0='?' (Size = 50), @__p_1='?' (Size = 450)], CommandType='Text', CommandTimeout='30']
SELECT TOP(1) [u].[UserId], [u].[RoleId]
FROM [security].[UserRoles] AS [u]
WHERE [u].[UserId] = @__p_0 AND [u].[RoleId] = @__p_1
2023-09-18T05:56:10.4937878+03:00	INFO	[Microsoft.EntityFrameworkCore.Database.Command]	[Microsoft.EntityFrameworkCore.Database.Command.CommandExecuted]	Executed DbCommand (1ms) [Parameters=[@__normalizedRoleName_0='?' (Size = 256)], CommandType='Text', CommandTimeout='30']
SELECT TOP(2) [r].[Id], [r].[ConcurrencyStamp], [r].[Name], [r].[NormalizedName]
FROM [security].[Role] AS [r]
WHERE [r].[NormalizedName] = @__normalizedRoleName_0
2023-09-18T05:56:10.4961388+03:00	INFO	[Microsoft.EntityFrameworkCore.Database.Command]	[Microsoft.EntityFrameworkCore.Database.Command.CommandExecuted]	Executed DbCommand (0ms) [Parameters=[@__p_0='?' (Size = 50), @__p_1='?' (Size = 450)], CommandType='Text', CommandTimeout='30']
SELECT TOP(1) [u].[UserId], [u].[RoleId]
FROM [security].[UserRoles] AS [u]
WHERE [u].[UserId] = @__p_0 AND [u].[RoleId] = @__p_1
2023-09-18T05:56:10.4994014+03:00	INFO	[Microsoft.EntityFrameworkCore.Database.Command]	[Microsoft.EntityFrameworkCore.Database.Command.CommandExecuted]	Executed DbCommand (0ms) [Parameters=[@__normalizedRoleName_0='?' (Size = 256)], CommandType='Text', CommandTimeout='30']
SELECT TOP(2) [r].[Id], [r].[ConcurrencyStamp], [r].[Name], [r].[NormalizedName]
FROM [security].[Role] AS [r]
WHERE [r].[NormalizedName] = @__normalizedRoleName_0
2023-09-18T05:56:10.5025964+03:00	INFO	[Microsoft.EntityFrameworkCore.Database.Command]	[Microsoft.EntityFrameworkCore.Database.Command.CommandExecuted]	Executed DbCommand (0ms) [Parameters=[@__p_0='?' (Size = 50), @__p_1='?' (Size = 450)], CommandType='Text', CommandTimeout='30']
SELECT TOP(1) [u].[UserId], [u].[RoleId]
FROM [security].[UserRoles] AS [u]
WHERE [u].[UserId] = @__p_0 AND [u].[RoleId] = @__p_1
2023-09-18T05:56:10.5056191+03:00	INFO	[Microsoft.EntityFrameworkCore.Database.Command]	[Microsoft.EntityFrameworkCore.Database.Command.CommandExecuted]	Executed DbCommand (1ms) [Parameters=[@__normalizedRoleName_0='?' (Size = 256)], CommandType='Text', CommandTimeout='30']
SELECT TOP(2) [r].[Id], [r].[ConcurrencyStamp], [r].[Name], [r].[NormalizedName]
FROM [security].[Role] AS [r]
WHERE [r].[NormalizedName] = @__normalizedRoleName_0
2023-09-18T05:56:10.5095589+03:00	INFO	[Microsoft.EntityFrameworkCore.Database.Command]	[Microsoft.EntityFrameworkCore.Database.Command.CommandExecuted]	Executed DbCommand (1ms) [Parameters=[@__p_0='?' (Size = 50), @__p_1='?' (Size = 450)], CommandType='Text', CommandTimeout='30']
SELECT TOP(1) [u].[UserId], [u].[RoleId]
FROM [security].[UserRoles] AS [u]
WHERE [u].[UserId] = @__p_0 AND [u].[RoleId] = @__p_1
2023-09-18T05:56:10.5124452+03:00	INFO	[Microsoft.EntityFrameworkCore.Database.Command]	[Microsoft.EntityFrameworkCore.Database.Command.CommandExecuted]	Executed DbCommand (1ms) [Parameters=[@__normalizedRoleName_0='?' (Size = 256)], CommandType='Text', CommandTimeout='30']
SELECT TOP(2) [r].[Id], [r].[ConcurrencyStamp], [r].[Name], [r].[NormalizedName]
FROM [security].[Role] AS [r]
WHERE [r].[NormalizedName] = @__normalizedRoleName_0
2023-09-18T05:56:10.5170270+03:00	INFO	[Microsoft.EntityFrameworkCore.Database.Command]	[Microsoft.EntityFrameworkCore.Database.Command.CommandExecuted]	Executed DbCommand (1ms) [Parameters=[@__p_0='?' (Size = 50), @__p_1='?' (Size = 450)], CommandType='Text', CommandTimeout='30']
SELECT TOP(1) [u].[UserId], [u].[RoleId]
FROM [security].[UserRoles] AS [u]
WHERE [u].[UserId] = @__p_0 AND [u].[RoleId] = @__p_1
2023-09-18T05:56:10.5197084+03:00	INFO	[Microsoft.EntityFrameworkCore.Database.Command]	[Microsoft.EntityFrameworkCore.Database.Command.CommandExecuted]	Executed DbCommand (1ms) [Parameters=[@__normalizedRoleName_0='?' (Size = 256)], CommandType='Text', CommandTimeout='30']
SELECT TOP(2) [r].[Id], [r].[ConcurrencyStamp], [r].[Name], [r].[NormalizedName]
FROM [security].[Role] AS [r]
WHERE [r].[NormalizedName] = @__normalizedRoleName_0
2023-09-18T05:56:10.5227374+03:00	INFO	[Microsoft.EntityFrameworkCore.Database.Command]	[Microsoft.EntityFrameworkCore.Database.Command.CommandExecuted]	Executed DbCommand (0ms) [Parameters=[@__p_0='?' (Size = 50), @__p_1='?' (Size = 450)], CommandType='Text', CommandTimeout='30']
SELECT TOP(1) [u].[UserId], [u].[RoleId]
FROM [security].[UserRoles] AS [u]
WHERE [u].[UserId] = @__p_0 AND [u].[RoleId] = @__p_1
2023-09-18T05:56:10.5251218+03:00	INFO	[Microsoft.EntityFrameworkCore.Database.Command]	[Microsoft.EntityFrameworkCore.Database.Command.CommandExecuted]	Executed DbCommand (0ms) [Parameters=[@__normalizedRoleName_0='?' (Size = 256)], CommandType='Text', CommandTimeout='30']
SELECT TOP(2) [r].[Id], [r].[ConcurrencyStamp], [r].[Name], [r].[NormalizedName]
FROM [security].[Role] AS [r]
WHERE [r].[NormalizedName] = @__normalizedRoleName_0
2023-09-18T05:56:10.5280211+03:00	INFO	[Microsoft.EntityFrameworkCore.Database.Command]	[Microsoft.EntityFrameworkCore.Database.Command.CommandExecuted]	Executed DbCommand (0ms) [Parameters=[@__p_0='?' (Size = 50), @__p_1='?' (Size = 450)], CommandType='Text', CommandTimeout='30']
SELECT TOP(1) [u].[UserId], [u].[RoleId]
FROM [security].[UserRoles] AS [u]
WHERE [u].[UserId] = @__p_0 AND [u].[RoleId] = @__p_1
2023-09-18T05:56:10.5305900+03:00	INFO	[Microsoft.EntityFrameworkCore.Database.Command]	[Microsoft.EntityFrameworkCore.Database.Command.CommandExecuted]	Executed DbCommand (0ms) [Parameters=[@__normalizedRoleName_0='?' (Size = 256)], CommandType='Text', CommandTimeout='30']
SELECT TOP(2) [r].[Id], [r].[ConcurrencyStamp], [r].[Name], [r].[NormalizedName]
FROM [security].[Role] AS [r]
WHERE [r].[NormalizedName] = @__normalizedRoleName_0
2023-09-18T05:56:10.5346907+03:00	INFO	[Microsoft.EntityFrameworkCore.Database.Command]	[Microsoft.EntityFrameworkCore.Database.Command.CommandExecuted]	Executed DbCommand (0ms) [Parameters=[@__p_0='?' (Size = 50), @__p_1='?' (Size = 450)], CommandType='Text', CommandTimeout='30']
SELECT TOP(1) [u].[UserId], [u].[RoleId]
FROM [security].[UserRoles] AS [u]
WHERE [u].[UserId] = @__p_0 AND [u].[RoleId] = @__p_1
2023-09-18T05:56:10.5367915+03:00	INFO	[Microsoft.EntityFrameworkCore.Database.Command]	[Microsoft.EntityFrameworkCore.Database.Command.CommandExecuted]	Executed DbCommand (0ms) [Parameters=[@__normalizedRoleName_0='?' (Size = 256)], CommandType='Text', CommandTimeout='30']
SELECT TOP(2) [r].[Id], [r].[ConcurrencyStamp], [r].[Name], [r].[NormalizedName]
FROM [security].[Role] AS [r]
WHERE [r].[NormalizedName] = @__normalizedRoleName_0
2023-09-18T05:56:10.5394447+03:00	INFO	[Microsoft.EntityFrameworkCore.Database.Command]	[Microsoft.EntityFrameworkCore.Database.Command.CommandExecuted]	Executed DbCommand (0ms) [Parameters=[@__p_0='?' (Size = 50), @__p_1='?' (Size = 450)], CommandType='Text', CommandTimeout='30']
SELECT TOP(1) [u].[UserId], [u].[RoleId]
FROM [security].[UserRoles] AS [u]
WHERE [u].[UserId] = @__p_0 AND [u].[RoleId] = @__p_1
2023-09-18T07:55:39.7605306+03:00	INFO	[Microsoft.Hosting.Lifetime]	[ListeningOnAddress]	Now listening on: http://localhost:5290
2023-09-18T07:55:39.7927273+03:00	INFO	[Microsoft.Hosting.Lifetime]	[0]	Application started. Press Ctrl+C to shut down.
2023-09-18T07:55:39.8019535+03:00	INFO	[Microsoft.Hosting.Lifetime]	[0]	Hosting environment: Development
2023-09-18T07:55:39.8306210+03:00	INFO	[Microsoft.Hosting.Lifetime]	[0]	Content root path: F:\Work\My Projects\.Net\E-Document\EDocument_API\EDocument_API
