2023-09-15T09:53:47.2596660+03:00	INFO	[Microsoft.Hosting.Lifetime]	[ListeningOnAddress]	Now listening on: https://localhost:7206
2023-09-15T09:53:47.2656415+03:00	INFO	[Microsoft.Hosting.Lifetime]	[ListeningOnAddress]	Now listening on: http://localhost:5290
2023-09-15T09:53:47.2761894+03:00	INFO	[Microsoft.Hosting.Lifetime]	[0]	Application started. Press Ctrl+C to shut down.
2023-09-15T09:53:47.2806828+03:00	INFO	[Microsoft.Hosting.Lifetime]	[0]	Hosting environment: Development
2023-09-15T09:53:47.2857070+03:00	INFO	[Microsoft.Hosting.Lifetime]	[0]	Content root path: F:\Work\My Projects\.Net\E-Document\EDocument_API\EDocument_API
2023-09-15T09:54:25.4031976+03:00	INFO	[Microsoft.Hosting.Lifetime]	[ListeningOnAddress]	Now listening on: http://localhost:5290
2023-09-15T09:54:25.4092242+03:00	INFO	[Microsoft.Hosting.Lifetime]	[0]	Application started. Press Ctrl+C to shut down.
2023-09-15T09:54:25.4112397+03:00	INFO	[Microsoft.Hosting.Lifetime]	[0]	Hosting environment: Development
2023-09-15T09:54:25.4127814+03:00	INFO	[Microsoft.Hosting.Lifetime]	[0]	Content root path: F:\Work\My Projects\.Net\E-Document\EDocument_API\EDocument_API
2023-09-15T09:54:58.3214011+03:00	WARN	[Microsoft.AspNetCore.HttpsPolicy.HttpsRedirectionMiddleware]	[FailedToDeterminePort]	Failed to determine the https port for redirect.
2023-09-15T09:54:59.7248286+03:00	INFO	[EDocument_API.Controllers.V1.UserController]	[0]	Login for almuhammad
2023-09-15T09:55:06.0950288+03:00	INFO	[Microsoft.EntityFrameworkCore.Database.Command]	[Microsoft.EntityFrameworkCore.Database.Command.CommandExecuted]	Executed DbCommand (183ms) [Parameters=[@__loginWriteDto_UserName_0='?' (Size = 50)], CommandType='Text', CommandTimeout='30']
SELECT TOP(1) [u].[Id], [u].[AccessFailedCount], [u].[Company], [u].[ConcurrencyStamp], [u].[CreatedAt], [u].[CreatedBy], [u].[DepartmentId], [u].[Email], [u].[EmailConfirmed], [u].[FullName], [u].[IsEmployee], [u].[LastLogin], [u].[LockoutEnabled], [u].[LockoutEnd], [u].[ManagerId], [u].[ModifiedAt], [u].[ModifiedBy], [u].[NormalizedEmail], [u].[NormalizedUserName], [u].[PasswordHash], [u].[PhoneNumber], [u].[PhoneNumberConfirmed], [u].[Position], [u].[SectionId], [u].[SecurityStamp], [u].[TwoFactorEnabled], [u].[UserName], [d].[Id], [d].[CreatedAt], [d].[CreatedBy], [d].[DepartmentIcon], [d].[DepartmentName], [d].[ManagerId], [d].[ModifiedAt], [d].[ModifiedBy], [s].[Id], [s].[CreatedAt], [s].[CreatedBy], [s].[DepartmentId], [s].[HeadId], [s].[ModifiedAt], [s].[ModifiedBy], [s].[SectionName]
FROM [security].[User] AS [u]
LEFT JOIN [Department] AS [d] ON [u].[DepartmentId] = [d].[Id]
LEFT JOIN [Section] AS [s] ON [u].[SectionId] = [s].[Id]
WHERE [u].[UserName] = @__loginWriteDto_UserName_0
2023-09-15T09:55:06.8747657+03:00	INFO	[Microsoft.EntityFrameworkCore.Database.Command]	[Microsoft.EntityFrameworkCore.Database.Command.CommandExecuted]	Executed DbCommand (19ms) [Parameters=[@__userId_0='?' (Size = 50)], CommandType='Text', CommandTimeout='30']
SELECT [r].[Name]
FROM [security].[UserRoles] AS [u]
INNER JOIN [security].[Role] AS [r] ON [u].[RoleId] = [r].[Id]
WHERE [u].[UserId] = @__userId_0
2023-09-15T09:55:06.9197968+03:00	INFO	[Microsoft.EntityFrameworkCore.Database.Command]	[Microsoft.EntityFrameworkCore.Database.Command.CommandExecuted]	Executed DbCommand (5ms) [Parameters=[@__userId_0='?' (Size = 50)], CommandType='Text', CommandTimeout='30']
SELECT [r].[Name]
FROM [security].[UserRoles] AS [u]
INNER JOIN [security].[Role] AS [r] ON [u].[RoleId] = [r].[Id]
WHERE [u].[UserId] = @__userId_0
2023-09-15T09:55:07.1086602+03:00	INFO	[Microsoft.EntityFrameworkCore.Database.Command]	[Microsoft.EntityFrameworkCore.Database.Command.CommandExecuted]	Executed DbCommand (2ms) [Parameters=[@__userId_0='?' (Size = 50)], CommandType='Text', CommandTimeout='30']
SELECT [r].[Name]
FROM [security].[UserRoles] AS [u]
INNER JOIN [security].[Role] AS [r] ON [u].[RoleId] = [r].[Id]
WHERE [u].[UserId] = @__userId_0
2023-09-15T09:55:07.6695487+03:00	INFO	[Microsoft.EntityFrameworkCore.Database.Command]	[Microsoft.EntityFrameworkCore.Database.Command.CommandExecuted]	Executed DbCommand (14ms) [Parameters=[], CommandType='Text', CommandTimeout='30']
SELECT [d].[RoleId], [d].[DefinedRequestId], [d].[CreatedAt], [d].[CreatedBy], [d].[ModifiedAt], [d].[ModifiedBy], [d].[Permission], [r].[Id], [r].[ConcurrencyStamp], [r].[Name], [r].[NormalizedName], [d0].[Id], [d0].[CreatedAt], [d0].[CreatedBy], [d0].[DepartmentId], [d0].[ModifiedAt], [d0].[ModifiedBy], [d0].[RequestName], [d0].[ReviewersNumber], [d0].[RouteName]
FROM [DefinedRequestRole] AS [d]
INNER JOIN [security].[Role] AS [r] ON [d].[RoleId] = [r].[Id]
INNER JOIN [DefinedRequest] AS [d0] ON [d].[DefinedRequestId] = [d0].[Id]
2023-09-15T09:55:07.9327945+03:00	INFO	[Microsoft.EntityFrameworkCore.Database.Command]	[Microsoft.EntityFrameworkCore.Database.Command.CommandExecuted]	Executed DbCommand (8ms) [Parameters=[@__normalizedRoleName_0='?' (Size = 256)], CommandType='Text', CommandTimeout='30']
SELECT TOP(2) [r].[Id], [r].[ConcurrencyStamp], [r].[Name], [r].[NormalizedName]
FROM [security].[Role] AS [r]
WHERE [r].[NormalizedName] = @__normalizedRoleName_0
2023-09-15T09:55:07.9914380+03:00	INFO	[Microsoft.EntityFrameworkCore.Database.Command]	[Microsoft.EntityFrameworkCore.Database.Command.CommandExecuted]	Executed DbCommand (4ms) [Parameters=[@__p_0='?' (Size = 50), @__p_1='?' (Size = 450)], CommandType='Text', CommandTimeout='30']
SELECT TOP(1) [u].[UserId], [u].[RoleId]
FROM [security].[UserRoles] AS [u]
WHERE [u].[UserId] = @__p_0 AND [u].[RoleId] = @__p_1
2023-09-15T09:55:08.0157117+03:00	INFO	[Microsoft.EntityFrameworkCore.Database.Command]	[Microsoft.EntityFrameworkCore.Database.Command.CommandExecuted]	Executed DbCommand (2ms) [Parameters=[@__normalizedRoleName_0='?' (Size = 256)], CommandType='Text', CommandTimeout='30']
SELECT TOP(2) [r].[Id], [r].[ConcurrencyStamp], [r].[Name], [r].[NormalizedName]
FROM [security].[Role] AS [r]
WHERE [r].[NormalizedName] = @__normalizedRoleName_0
2023-09-15T09:55:08.0300870+03:00	INFO	[Microsoft.EntityFrameworkCore.Database.Command]	[Microsoft.EntityFrameworkCore.Database.Command.CommandExecuted]	Executed DbCommand (2ms) [Parameters=[@__normalizedRoleName_0='?' (Size = 256)], CommandType='Text', CommandTimeout='30']
SELECT TOP(2) [r].[Id], [r].[ConcurrencyStamp], [r].[Name], [r].[NormalizedName]
FROM [security].[Role] AS [r]
WHERE [r].[NormalizedName] = @__normalizedRoleName_0
2023-09-15T09:55:08.0396490+03:00	INFO	[Microsoft.EntityFrameworkCore.Database.Command]	[Microsoft.EntityFrameworkCore.Database.Command.CommandExecuted]	Executed DbCommand (2ms) [Parameters=[@__normalizedRoleName_0='?' (Size = 256)], CommandType='Text', CommandTimeout='30']
SELECT TOP(2) [r].[Id], [r].[ConcurrencyStamp], [r].[Name], [r].[NormalizedName]
FROM [security].[Role] AS [r]
WHERE [r].[NormalizedName] = @__normalizedRoleName_0
2023-09-15T09:55:08.0476140+03:00	INFO	[Microsoft.EntityFrameworkCore.Database.Command]	[Microsoft.EntityFrameworkCore.Database.Command.CommandExecuted]	Executed DbCommand (2ms) [Parameters=[@__normalizedRoleName_0='?' (Size = 256)], CommandType='Text', CommandTimeout='30']
SELECT TOP(2) [r].[Id], [r].[ConcurrencyStamp], [r].[Name], [r].[NormalizedName]
FROM [security].[Role] AS [r]
WHERE [r].[NormalizedName] = @__normalizedRoleName_0
2023-09-15T09:55:08.0582394+03:00	INFO	[Microsoft.EntityFrameworkCore.Database.Command]	[Microsoft.EntityFrameworkCore.Database.Command.CommandExecuted]	Executed DbCommand (1ms) [Parameters=[@__p_0='?' (Size = 50), @__p_1='?' (Size = 450)], CommandType='Text', CommandTimeout='30']
SELECT TOP(1) [u].[UserId], [u].[RoleId]
FROM [security].[UserRoles] AS [u]
WHERE [u].[UserId] = @__p_0 AND [u].[RoleId] = @__p_1
2023-09-15T09:55:08.0649620+03:00	INFO	[Microsoft.EntityFrameworkCore.Database.Command]	[Microsoft.EntityFrameworkCore.Database.Command.CommandExecuted]	Executed DbCommand (1ms) [Parameters=[@__normalizedRoleName_0='?' (Size = 256)], CommandType='Text', CommandTimeout='30']
SELECT TOP(2) [r].[Id], [r].[ConcurrencyStamp], [r].[Name], [r].[NormalizedName]
FROM [security].[Role] AS [r]
WHERE [r].[NormalizedName] = @__normalizedRoleName_0
2023-09-15T09:55:08.0874928+03:00	INFO	[Microsoft.EntityFrameworkCore.Database.Command]	[Microsoft.EntityFrameworkCore.Database.Command.CommandExecuted]	Executed DbCommand (4ms) [Parameters=[@__p_0='?' (Size = 50), @__p_1='?' (Size = 450)], CommandType='Text', CommandTimeout='30']
SELECT TOP(1) [u].[UserId], [u].[RoleId]
FROM [security].[UserRoles] AS [u]
WHERE [u].[UserId] = @__p_0 AND [u].[RoleId] = @__p_1
2023-09-15T09:55:08.0974053+03:00	INFO	[Microsoft.EntityFrameworkCore.Database.Command]	[Microsoft.EntityFrameworkCore.Database.Command.CommandExecuted]	Executed DbCommand (2ms) [Parameters=[@__normalizedRoleName_0='?' (Size = 256)], CommandType='Text', CommandTimeout='30']
SELECT TOP(2) [r].[Id], [r].[ConcurrencyStamp], [r].[Name], [r].[NormalizedName]
FROM [security].[Role] AS [r]
WHERE [r].[NormalizedName] = @__normalizedRoleName_0
2023-09-15T09:55:08.1062550+03:00	INFO	[Microsoft.EntityFrameworkCore.Database.Command]	[Microsoft.EntityFrameworkCore.Database.Command.CommandExecuted]	Executed DbCommand (1ms) [Parameters=[@__p_0='?' (Size = 50), @__p_1='?' (Size = 450)], CommandType='Text', CommandTimeout='30']
SELECT TOP(1) [u].[UserId], [u].[RoleId]
FROM [security].[UserRoles] AS [u]
WHERE [u].[UserId] = @__p_0 AND [u].[RoleId] = @__p_1
2023-09-15T09:55:08.1119437+03:00	INFO	[Microsoft.EntityFrameworkCore.Database.Command]	[Microsoft.EntityFrameworkCore.Database.Command.CommandExecuted]	Executed DbCommand (2ms) [Parameters=[@__normalizedRoleName_0='?' (Size = 256)], CommandType='Text', CommandTimeout='30']
SELECT TOP(2) [r].[Id], [r].[ConcurrencyStamp], [r].[Name], [r].[NormalizedName]
FROM [security].[Role] AS [r]
WHERE [r].[NormalizedName] = @__normalizedRoleName_0
2023-09-15T09:55:08.1229980+03:00	INFO	[Microsoft.EntityFrameworkCore.Database.Command]	[Microsoft.EntityFrameworkCore.Database.Command.CommandExecuted]	Executed DbCommand (1ms) [Parameters=[@__p_0='?' (Size = 50), @__p_1='?' (Size = 450)], CommandType='Text', CommandTimeout='30']
SELECT TOP(1) [u].[UserId], [u].[RoleId]
FROM [security].[UserRoles] AS [u]
WHERE [u].[UserId] = @__p_0 AND [u].[RoleId] = @__p_1
2023-09-15T09:55:08.1297237+03:00	INFO	[Microsoft.EntityFrameworkCore.Database.Command]	[Microsoft.EntityFrameworkCore.Database.Command.CommandExecuted]	Executed DbCommand (2ms) [Parameters=[@__normalizedRoleName_0='?' (Size = 256)], CommandType='Text', CommandTimeout='30']
SELECT TOP(2) [r].[Id], [r].[ConcurrencyStamp], [r].[Name], [r].[NormalizedName]
FROM [security].[Role] AS [r]
WHERE [r].[NormalizedName] = @__normalizedRoleName_0
2023-09-15T09:55:08.1401828+03:00	INFO	[Microsoft.EntityFrameworkCore.Database.Command]	[Microsoft.EntityFrameworkCore.Database.Command.CommandExecuted]	Executed DbCommand (1ms) [Parameters=[@__p_0='?' (Size = 50), @__p_1='?' (Size = 450)], CommandType='Text', CommandTimeout='30']
SELECT TOP(1) [u].[UserId], [u].[RoleId]
FROM [security].[UserRoles] AS [u]
WHERE [u].[UserId] = @__p_0 AND [u].[RoleId] = @__p_1
2023-09-15T09:55:08.1485624+03:00	INFO	[Microsoft.EntityFrameworkCore.Database.Command]	[Microsoft.EntityFrameworkCore.Database.Command.CommandExecuted]	Executed DbCommand (1ms) [Parameters=[@__normalizedRoleName_0='?' (Size = 256)], CommandType='Text', CommandTimeout='30']
SELECT TOP(2) [r].[Id], [r].[ConcurrencyStamp], [r].[Name], [r].[NormalizedName]
FROM [security].[Role] AS [r]
WHERE [r].[NormalizedName] = @__normalizedRoleName_0
2023-09-15T09:55:08.1588576+03:00	INFO	[Microsoft.EntityFrameworkCore.Database.Command]	[Microsoft.EntityFrameworkCore.Database.Command.CommandExecuted]	Executed DbCommand (1ms) [Parameters=[@__p_0='?' (Size = 50), @__p_1='?' (Size = 450)], CommandType='Text', CommandTimeout='30']
SELECT TOP(1) [u].[UserId], [u].[RoleId]
FROM [security].[UserRoles] AS [u]
WHERE [u].[UserId] = @__p_0 AND [u].[RoleId] = @__p_1
2023-09-15T09:55:08.1655680+03:00	INFO	[Microsoft.EntityFrameworkCore.Database.Command]	[Microsoft.EntityFrameworkCore.Database.Command.CommandExecuted]	Executed DbCommand (1ms) [Parameters=[@__normalizedRoleName_0='?' (Size = 256)], CommandType='Text', CommandTimeout='30']
SELECT TOP(2) [r].[Id], [r].[ConcurrencyStamp], [r].[Name], [r].[NormalizedName]
FROM [security].[Role] AS [r]
WHERE [r].[NormalizedName] = @__normalizedRoleName_0
2023-09-15T09:55:08.1760156+03:00	INFO	[Microsoft.EntityFrameworkCore.Database.Command]	[Microsoft.EntityFrameworkCore.Database.Command.CommandExecuted]	Executed DbCommand (1ms) [Parameters=[@__p_0='?' (Size = 50), @__p_1='?' (Size = 450)], CommandType='Text', CommandTimeout='30']
SELECT TOP(1) [u].[UserId], [u].[RoleId]
FROM [security].[UserRoles] AS [u]
WHERE [u].[UserId] = @__p_0 AND [u].[RoleId] = @__p_1
2023-09-15T09:55:08.1834437+03:00	INFO	[Microsoft.EntityFrameworkCore.Database.Command]	[Microsoft.EntityFrameworkCore.Database.Command.CommandExecuted]	Executed DbCommand (1ms) [Parameters=[@__normalizedRoleName_0='?' (Size = 256)], CommandType='Text', CommandTimeout='30']
SELECT TOP(2) [r].[Id], [r].[ConcurrencyStamp], [r].[Name], [r].[NormalizedName]
FROM [security].[Role] AS [r]
WHERE [r].[NormalizedName] = @__normalizedRoleName_0
2023-09-15T09:55:08.1938638+03:00	INFO	[Microsoft.EntityFrameworkCore.Database.Command]	[Microsoft.EntityFrameworkCore.Database.Command.CommandExecuted]	Executed DbCommand (2ms) [Parameters=[@__p_0='?' (Size = 50), @__p_1='?' (Size = 450)], CommandType='Text', CommandTimeout='30']
SELECT TOP(1) [u].[UserId], [u].[RoleId]
FROM [security].[UserRoles] AS [u]
WHERE [u].[UserId] = @__p_0 AND [u].[RoleId] = @__p_1
2023-09-15T09:55:08.2045612+03:00	INFO	[Microsoft.EntityFrameworkCore.Database.Command]	[Microsoft.EntityFrameworkCore.Database.Command.CommandExecuted]	Executed DbCommand (1ms) [Parameters=[@__normalizedRoleName_0='?' (Size = 256)], CommandType='Text', CommandTimeout='30']
SELECT TOP(2) [r].[Id], [r].[ConcurrencyStamp], [r].[Name], [r].[NormalizedName]
FROM [security].[Role] AS [r]
WHERE [r].[NormalizedName] = @__normalizedRoleName_0
2023-09-15T09:55:08.2133663+03:00	INFO	[Microsoft.EntityFrameworkCore.Database.Command]	[Microsoft.EntityFrameworkCore.Database.Command.CommandExecuted]	Executed DbCommand (1ms) [Parameters=[@__p_0='?' (Size = 50), @__p_1='?' (Size = 450)], CommandType='Text', CommandTimeout='30']
SELECT TOP(1) [u].[UserId], [u].[RoleId]
FROM [security].[UserRoles] AS [u]
WHERE [u].[UserId] = @__p_0 AND [u].[RoleId] = @__p_1
2023-09-15T09:55:08.2577217+03:00	INFO	[Microsoft.EntityFrameworkCore.Database.Command]	[Microsoft.EntityFrameworkCore.Database.Command.CommandExecuted]	Executed DbCommand (5ms) [Parameters=[], CommandType='Text', CommandTimeout='30']
SELECT [d].[Id], [d].[DepartmentName], [d].[DepartmentIcon]
FROM [Department] AS [d]
2023-09-15T09:55:08.6255103+03:00	INFO	[Microsoft.EntityFrameworkCore.Database.Command]	[Microsoft.EntityFrameworkCore.Database.Command.CommandExecuted]	Executed DbCommand (24ms) [Parameters=[@p1='?' (Size = 50), @p2='?' (Size = 4000), @p0='?' (DbType = DateTime)], CommandType='Text', CommandTimeout='30']
SET IMPLICIT_TRANSACTIONS OFF;
SET NOCOUNT ON;
UPDATE [security].[User] SET [LastLogin] = @p0
OUTPUT 1
WHERE [Id] = @p1 AND [ConcurrencyStamp] = @p2;
